<?xml version="1.0" encoding="UTF-8"?>
<robot generator="Robot 4.1.3 (Python 3.10.2 on win32)" generated="20220314 10:56:18.544" rpa="false" schemaversion="2">
<suite id="s1" name="Demo3 Suite" source="E:\LT_Technology_Services\Robot_Session\Robot_project\robot_suite\demo3_suite.robot">
<test id="s1-t1" name="TC1">
<kw name="Log To Console" library="BuiltIn">
<arg>E:\\LT_Technology_Services\\Robot_Session\\Robot_project\\robot_suite</arg>
<doc>Logs the given message to the console.</doc>
<status status="PASS" starttime="20220314 10:56:18.647" endtime="20220314 10:56:18.648"/>
</kw>
<kw name="Log To Console" library="BuiltIn">
<arg>${EXECDIR}</arg>
<doc>Logs the given message to the console.</doc>
<status status="PASS" starttime="20220314 10:56:18.648" endtime="20220314 10:56:18.650"/>
</kw>
<kw name="Log To Console" library="BuiltIn">
<arg>${OUTPUT_DIR}</arg>
<doc>Logs the given message to the console.</doc>
<status status="PASS" starttime="20220314 10:56:18.650" endtime="20220314 10:56:18.651"/>
</kw>
<kw name="Log To Console" library="BuiltIn">
<arg>${TEMPDIR}</arg>
<doc>Logs the given message to the console.</doc>
<status status="PASS" starttime="20220314 10:56:18.652" endtime="20220314 10:56:18.653"/>
</kw>
<kw name="Log To Console" library="BuiltIn">
<arg>${TEST_NAME}</arg>
<doc>Logs the given message to the console.</doc>
<status status="PASS" starttime="20220314 10:56:18.653" endtime="20220314 10:56:18.654"/>
</kw>
<kw name="Log To Console" library="BuiltIn">
<arg>${SUITE_NAME}</arg>
<doc>Logs the given message to the console.</doc>
<status status="PASS" starttime="20220314 10:56:18.655" endtime="20220314 10:56:18.656"/>
</kw>
<status status="PASS" starttime="20220314 10:56:18.646" endtime="20220314 10:56:18.656"/>
</test>
<test id="s1-t2" name="TC2">
<kw name="Create Directory" library="OperatingSystem">
<arg>E:${/}Temp${/}My_folder</arg>
<doc>Creates the specified directory.</doc>
<msg timestamp="20220314 10:56:18.661" level="INFO" html="true">Directory '&lt;a href="file://E:\Temp\My_folder"&gt;E:\Temp\My_folder&lt;/a&gt;' already exists.</msg>
<status status="PASS" starttime="20220314 10:56:18.660" endtime="20220314 10:56:18.661"/>
</kw>
<kw name="Create File" library="OperatingSystem">
<arg>E:${/}Temp${/}My_folder${/}notes.txt</arg>
<arg>Anup</arg>
<doc>Creates a file with the given content and encoding.</doc>
<msg timestamp="20220314 10:56:18.664" level="INFO" html="true">Created file '&lt;a href="file://E:\Temp\My_folder\notes.txt"&gt;E:\Temp\My_folder\notes.txt&lt;/a&gt;'.</msg>
<status status="PASS" starttime="20220314 10:56:18.662" endtime="20220314 10:56:18.664"/>
</kw>
<kw name="Copy File" library="OperatingSystem">
<arg>E:${/}Temp${/}My_folder${/}notes.txt</arg>
<arg>E:${/}Temp${/}My_folder${/}n.txt</arg>
<doc>Copies the source file into the destination.</doc>
<msg timestamp="20220314 10:56:18.672" level="INFO" html="true">Copied file from '&lt;a href="file://E:\Temp\My_folder\notes.txt"&gt;E:\Temp\My_folder\notes.txt&lt;/a&gt;' to '&lt;a href="file://E:\Temp\My_folder\n.txt"&gt;E:\Temp\My_folder\n.txt&lt;/a&gt;'.</msg>
<status status="PASS" starttime="20220314 10:56:18.665" endtime="20220314 10:56:18.672"/>
</kw>
<kw name="Sleep" library="BuiltIn">
<arg>5s</arg>
<doc>Pauses the test executed for the given time.</doc>
<msg timestamp="20220314 10:56:23.678" level="INFO">Slept 5 seconds</msg>
<status status="PASS" starttime="20220314 10:56:18.674" endtime="20220314 10:56:23.678"/>
</kw>
<kw name="Remove File" library="OperatingSystem">
<arg>E:${/}Temp${/}My_folder${/}notes.txt</arg>
<doc>Removes a file with the given path.</doc>
<msg timestamp="20220314 10:56:23.680" level="INFO" html="true">Removed file '&lt;a href="file://E:\Temp\My_folder\notes.txt"&gt;E:\Temp\My_folder\notes.txt&lt;/a&gt;'.</msg>
<status status="PASS" starttime="20220314 10:56:23.679" endtime="20220314 10:56:23.680"/>
</kw>
<kw name="Remove Directory" library="OperatingSystem">
<arg>E:${/}Temp${/}My_folder</arg>
<arg>True</arg>
<doc>Removes the directory pointed to by the given ``path``.</doc>
<msg timestamp="20220314 10:56:23.684" level="INFO" html="true">Removed directory '&lt;a href="file://E:\Temp\My_folder"&gt;E:\Temp\My_folder&lt;/a&gt;'.</msg>
<status status="PASS" starttime="20220314 10:56:23.681" endtime="20220314 10:56:23.684"/>
</kw>
<status status="PASS" starttime="20220314 10:56:18.659" endtime="20220314 10:56:23.685"/>
</test>
<status status="PASS" starttime="20220314 10:56:18.549" endtime="20220314 10:56:23.687"/>
</suite>
<statistics>
<total>
<stat pass="2" fail="0" skip="0">All Tests</stat>
</total>
<tag>
</tag>
<suite>
<stat pass="2" fail="0" skip="0" id="s1" name="Demo3 Suite">Demo3 Suite</stat>
</suite>
</statistics>
<errors>
</errors>
</robot>
