<?xml version="1.0" encoding="UTF-8"?>
<robot generator="Robot 4.1.3 (Python 3.10.2 on win32)" generated="20220316 15:21:24.203" rpa="false" schemaversion="2">
<suite id="s1" name="Demo11 Selenium Suite" source="E:\LT_Technology_Services\Robot_Session\Robot_project\selenium_suite\demo11_selenium_suite.robot">
<test id="s1-t1" name="TC1 Sign Up">
<kw name="Open Browser" library="SeleniumLibrary">
<arg>browser=chrome</arg>
<arg>executable_path=${EXECDIR}${/}driver${/}chromedriver.exe</arg>
<doc>Opens a new browser instance to the optional ``url``.</doc>
<msg timestamp="20220316 15:21:24.819" level="INFO">Opening browser 'chrome' to base url 'None'.</msg>
<status status="PASS" starttime="20220316 15:21:24.818" endtime="20220316 15:21:27.038"/>
</kw>
<kw name="Maximize Browser Window" library="SeleniumLibrary">
<doc>Maximizes current browser window.</doc>
<status status="PASS" starttime="20220316 15:21:27.039" endtime="20220316 15:21:27.185"/>
</kw>
<kw name="Set Selenium Implicit Wait" library="SeleniumLibrary">
<arg>20s</arg>
<doc>Sets the implicit wait value used by Selenium.</doc>
<status status="PASS" starttime="20220316 15:21:27.189" endtime="20220316 15:21:27.198"/>
</kw>
<kw name="Go To" library="SeleniumLibrary">
<arg>url=https://www.google.co.in/</arg>
<doc>Navigates the current browser window to the provided ``url``.</doc>
<msg timestamp="20220316 15:21:27.201" level="INFO">Opening url 'https://www.google.co.in/'</msg>
<status status="PASS" starttime="20220316 15:21:27.200" endtime="20220316 15:21:29.584"/>
</kw>
<kw name="Get Title" library="SeleniumLibrary">
<var>${title}</var>
<doc>Returns the title of the current page.</doc>
<msg timestamp="20220316 15:21:29.597" level="INFO">${title} = Google</msg>
<status status="PASS" starttime="20220316 15:21:29.585" endtime="20220316 15:21:29.597"/>
</kw>
<kw name="Log To Console" library="BuiltIn">
<arg>${title}</arg>
<doc>Logs the given message to the console.</doc>
<status status="PASS" starttime="20220316 15:21:29.598" endtime="20220316 15:21:29.599"/>
</kw>
<kw name="Get Location" library="SeleniumLibrary">
<var>${url}</var>
<doc>Returns the current browser window URL.</doc>
<msg timestamp="20220316 15:21:29.611" level="INFO">${url} = https://www.google.co.in/</msg>
<status status="PASS" starttime="20220316 15:21:29.600" endtime="20220316 15:21:29.612"/>
</kw>
<kw name="Log To Console" library="BuiltIn">
<arg>${url}</arg>
<doc>Logs the given message to the console.</doc>
<status status="PASS" starttime="20220316 15:21:29.612" endtime="20220316 15:21:29.614"/>
</kw>
<kw name="Press Keys" library="SeleniumLibrary">
<arg>name=q</arg>
<arg>hello world</arg>
<doc>Simulates the user pressing key(s) to an element or on the active browser.</doc>
<msg timestamp="20220316 15:21:29.616" level="INFO">Sending key(s) ('hello world',) to name=q element.</msg>
<msg timestamp="20220316 15:21:29.994" level="INFO">Sending keys hello world</msg>
<status status="PASS" starttime="20220316 15:21:29.614" endtime="20220316 15:21:30.145"/>
</kw>
<kw name="Press Keys" library="SeleniumLibrary">
<arg>None</arg>
<arg>ARROW_DOWN</arg>
<doc>Simulates the user pressing key(s) to an element or on the active browser.</doc>
<msg timestamp="20220316 15:21:30.148" level="INFO">Sending key(s) ('ARROW_DOWN',) to page.</msg>
<msg timestamp="20220316 15:21:30.148" level="INFO">Pressing special key ARROW_DOWN to browser.</msg>
<msg timestamp="20220316 15:21:30.148" level="INFO">Releasing special key ARROW_DOWN.</msg>
<status status="PASS" starttime="20220316 15:21:30.147" endtime="20220316 15:21:30.172"/>
</kw>
<kw name="Press Keys" library="SeleniumLibrary">
<arg>None</arg>
<arg>ARROW_DOWN</arg>
<doc>Simulates the user pressing key(s) to an element or on the active browser.</doc>
<msg timestamp="20220316 15:21:30.175" level="INFO">Sending key(s) ('ARROW_DOWN',) to page.</msg>
<msg timestamp="20220316 15:21:30.175" level="INFO">Pressing special key ARROW_DOWN to browser.</msg>
<msg timestamp="20220316 15:21:30.175" level="INFO">Releasing special key ARROW_DOWN.</msg>
<status status="PASS" starttime="20220316 15:21:30.173" endtime="20220316 15:21:30.188"/>
</kw>
<kw name="Press Keys" library="SeleniumLibrary">
<arg>None</arg>
<arg>ARROW_DOWN</arg>
<doc>Simulates the user pressing key(s) to an element or on the active browser.</doc>
<msg timestamp="20220316 15:21:30.189" level="INFO">Sending key(s) ('ARROW_DOWN',) to page.</msg>
<msg timestamp="20220316 15:21:30.190" level="INFO">Pressing special key ARROW_DOWN to browser.</msg>
<msg timestamp="20220316 15:21:30.190" level="INFO">Releasing special key ARROW_DOWN.</msg>
<status status="PASS" starttime="20220316 15:21:30.188" endtime="20220316 15:21:30.207"/>
</kw>
<kw name="Press Keys" library="SeleniumLibrary">
<arg>None</arg>
<arg>ENTER</arg>
<doc>Simulates the user pressing key(s) to an element or on the active browser.</doc>
<msg timestamp="20220316 15:21:30.210" level="INFO">Sending key(s) ('ENTER',) to page.</msg>
<msg timestamp="20220316 15:21:30.211" level="INFO">Pressing special key ENTER to browser.</msg>
<msg timestamp="20220316 15:21:30.211" level="INFO">Releasing special key ENTER.</msg>
<status status="PASS" starttime="20220316 15:21:30.209" endtime="20220316 15:21:32.683"/>
</kw>
<kw name="Close Browser" library="SeleniumLibrary" type="TEARDOWN">
<doc>Closes the current browser.</doc>
<status status="PASS" starttime="20220316 15:21:32.686" endtime="20220316 15:21:35.051"/>
</kw>
<status status="PASS" starttime="20220316 15:21:24.816" endtime="20220316 15:21:35.052"/>
</test>
<status status="PASS" starttime="20220316 15:21:24.208" endtime="20220316 15:21:35.055"/>
</suite>
<statistics>
<total>
<stat pass="1" fail="0" skip="0">All Tests</stat>
</total>
<tag>
</tag>
<suite>
<stat pass="1" fail="0" skip="0" id="s1" name="Demo11 Selenium Suite">Demo11 Selenium Suite</stat>
</suite>
</statistics>
<errors>
</errors>
</robot>
