<?xml version="1.0" encoding="UTF-8"?>
<robot generator="Robot 4.1.3 (Python 3.10.2 on win32)" generated="20220316 15:52:13.030" rpa="false" schemaversion="2">
<suite id="s1" name="Demo11 Selenium Suite" source="E:\LT_Technology_Services\Robot_Session\Robot_project\selenium_suite\demo11_selenium_suite.robot">
<test id="s1-t1" name="TC3">
<kw name="Open Browser" library="SeleniumLibrary">
<arg>browser=chrome</arg>
<arg>executable_path=${EXECDIR}${/}driver${/}chromedriver.exe</arg>
<doc>Opens a new browser instance to the optional ``url``.</doc>
<msg timestamp="20220316 15:52:13.655" level="INFO">Opening browser 'chrome' to base url 'None'.</msg>
<status status="PASS" starttime="20220316 15:52:13.654" endtime="20220316 15:52:16.261"/>
</kw>
<kw name="Maximize Browser Window" library="SeleniumLibrary">
<doc>Maximizes current browser window.</doc>
<status status="PASS" starttime="20220316 15:52:16.271" endtime="20220316 15:52:16.443"/>
</kw>
<kw name="Set Selenium Implicit Wait" library="SeleniumLibrary">
<arg>20s</arg>
<doc>Sets the implicit wait value used by Selenium.</doc>
<status status="PASS" starttime="20220316 15:52:16.446" endtime="20220316 15:52:16.450"/>
</kw>
<kw name="Set Selenium Speed" library="SeleniumLibrary">
<arg>1s</arg>
<doc>Sets the delay that is waited after each Selenium command.</doc>
<status status="PASS" starttime="20220316 15:52:16.452" endtime="20220316 15:52:16.453"/>
</kw>
<kw name="Go To" library="SeleniumLibrary">
<arg>url=https://www.nasscom.in/</arg>
<doc>Navigates the current browser window to the provided ``url``.</doc>
<msg timestamp="20220316 15:52:16.454" level="INFO">Opening url 'https://www.nasscom.in/'</msg>
<status status="PASS" starttime="20220316 15:52:16.453" endtime="20220316 15:52:24.001"/>
</kw>
<kw name="Mouse Over" library="SeleniumLibrary">
<arg>xpath=//a[text()='Membership']</arg>
<doc>Simulates hovering the mouse over the element ``locator``.</doc>
<msg timestamp="20220316 15:52:24.002" level="INFO">Simulating Mouse Over on element 'xpath=//a[text()='Membership']'.</msg>
<status status="PASS" starttime="20220316 15:52:24.002" endtime="20220316 15:52:26.333"/>
</kw>
<kw name="Click Element" library="SeleniumLibrary">
<arg>xpath=//a[text()='Members Listing']</arg>
<doc>Click the element identified by ``locator``.</doc>
<msg timestamp="20220316 15:52:26.339" level="INFO">Clicking element 'xpath=//a[text()='Members Listing']'.</msg>
<status status="PASS" starttime="20220316 15:52:26.338" endtime="20220316 15:52:30.314"/>
</kw>
<kw name="Close Browser" library="SeleniumLibrary" type="TEARDOWN">
<doc>Closes the current browser.</doc>
<status status="PASS" starttime="20220316 15:52:30.315" endtime="20220316 15:52:33.641"/>
</kw>
<status status="PASS" starttime="20220316 15:52:13.652" endtime="20220316 15:52:33.642"/>
</test>
<status status="PASS" starttime="20220316 15:52:13.035" endtime="20220316 15:52:33.645"/>
</suite>
<statistics>
<total>
<stat pass="1" fail="0" skip="0">All Tests</stat>
</total>
<tag>
</tag>
<suite>
<stat pass="1" fail="0" skip="0" id="s1" name="Demo11 Selenium Suite">Demo11 Selenium Suite</stat>
</suite>
</statistics>
<errors>
</errors>
</robot>
