<?xml version="1.0" encoding="UTF-8"?>
<robot generator="Robot 4.1.3 (Python 3.10.2 on win32)" generated="20220315 15:28:43.316" rpa="false" schemaversion="2">
<suite id="s1" name="Demo6 Redbus Suite" source="E:\LT_Technology_Services\Robot_Session\Robot_project\selenium_suite\demo6_redbus_suite.robot">
<test id="s1-t1" name="TC1">
<kw name="Open Browser" library="SeleniumLibrary">
<arg>browser=chrome</arg>
<arg>executable_path=${EXECDIR}${/}driver${/}chromedriver.exe</arg>
<doc>Opens a new browser instance to the optional ``url``.</doc>
<msg timestamp="20220315 15:28:43.865" level="INFO">Opening browser 'chrome' to base url 'None'.</msg>
<status status="PASS" starttime="20220315 15:28:43.864" endtime="20220315 15:28:45.819"/>
</kw>
<kw name="Maximize Browser Window" library="SeleniumLibrary">
<doc>Maximizes current browser window.</doc>
<status status="PASS" starttime="20220315 15:28:45.825" endtime="20220315 15:28:46.009"/>
</kw>
<kw name="Set Selenium Implicit Wait" library="SeleniumLibrary">
<arg>20s</arg>
<doc>Sets the implicit wait value used by Selenium.</doc>
<status status="PASS" starttime="20220315 15:28:46.010" endtime="20220315 15:28:46.014"/>
</kw>
<kw name="Go To" library="SeleniumLibrary">
<arg>url=https://www.redbus.in/</arg>
<doc>Navigates the current browser window to the provided ``url``.</doc>
<msg timestamp="20220315 15:28:46.016" level="INFO">Opening url 'https://www.redbus.in/'</msg>
<status status="PASS" starttime="20220315 15:28:46.015" endtime="20220315 15:28:50.188"/>
</kw>
<kw name="Click Element" library="SeleniumLibrary">
<arg>id=signin-block</arg>
<doc>Click the element identified by ``locator``.</doc>
<msg timestamp="20220315 15:28:50.190" level="INFO">Clicking element 'id=signin-block'.</msg>
<status status="PASS" starttime="20220315 15:28:50.189" endtime="20220315 15:28:50.309"/>
</kw>
<status status="PASS" starttime="20220315 15:28:43.863" endtime="20220315 15:28:50.315"/>
</test>
<status status="PASS" starttime="20220315 15:28:43.320" endtime="20220315 15:28:50.321"/>
</suite>
<statistics>
<total>
<stat pass="1" fail="0" skip="0">All Tests</stat>
</total>
<tag>
</tag>
<suite>
<stat pass="1" fail="0" skip="0" id="s1" name="Demo6 Redbus Suite">Demo6 Redbus Suite</stat>
</suite>
</statistics>
<errors>
</errors>
</robot>
