<?xml version="1.0" encoding="UTF-8"?>
<robot generator="Robot 4.1.3 (Python 3.10.2 on win32)" generated="20220315 14:24:30.854" rpa="false" schemaversion="2">
<suite id="s1" name="Demo4 Multiple Tabs Suite" source="E:\LT_Technology_Services\Robot_Session\Robot_project\selenium_suite\demo4_multiple_tabs_suite.robot">
<test id="s1-t1" name="TC1">
<kw name="Open Browser" library="SeleniumLibrary">
<arg>browser=chrome</arg>
<arg>executable_path=${EXECDIR}${/}driver${/}chromedriver.exe</arg>
<doc>Opens a new browser instance to the optional ``url``.</doc>
<msg timestamp="20220315 14:24:31.384" level="INFO">Opening browser 'chrome' to base url 'None'.</msg>
<status status="PASS" starttime="20220315 14:24:31.383" endtime="20220315 14:24:34.077"/>
</kw>
<kw name="Maximize Browser Window" library="SeleniumLibrary">
<doc>Maximizes current browser window.</doc>
<status status="PASS" starttime="20220315 14:24:34.079" endtime="20220315 14:24:34.219"/>
</kw>
<kw name="Set Selenium Implicit Wait" library="SeleniumLibrary">
<arg>30s</arg>
<doc>Sets the implicit wait value used by Selenium.</doc>
<status status="PASS" starttime="20220315 14:24:34.219" endtime="20220315 14:24:34.222"/>
</kw>
<kw name="Go To" library="SeleniumLibrary">
<arg>url=https://www.db4free.net/</arg>
<doc>Navigates the current browser window to the provided ``url``.</doc>
<msg timestamp="20220315 14:24:34.223" level="INFO">Opening url 'https://www.db4free.net/'</msg>
<status status="PASS" starttime="20220315 14:24:34.223" endtime="20220315 14:24:36.204"/>
</kw>
<kw name="Click Element" library="SeleniumLibrary">
<arg>partial link=phpMyAdmin</arg>
<doc>Click the element identified by ``locator``.</doc>
<msg timestamp="20220315 14:24:36.206" level="INFO">Clicking element 'partial link=phpMyAdmin'.</msg>
<status status="PASS" starttime="20220315 14:24:36.205" endtime="20220315 14:24:36.371"/>
</kw>
<kw name="Switch Window" library="SeleniumLibrary">
<arg>phpMyAdmin</arg>
<doc>Switches to browser window matching ``locator``.</doc>
<status status="PASS" starttime="20220315 14:24:36.372" endtime="20220315 14:24:39.768"/>
</kw>
<kw name="Input Text" library="SeleniumLibrary">
<arg>id=input_username</arg>
<arg>Admin</arg>
<doc>Types the given ``text`` into the text field identified by ``locator``.</doc>
<msg timestamp="20220315 14:24:39.772" level="INFO">Typing text 'Admin' into text field 'id=input_username'.</msg>
<status status="PASS" starttime="20220315 14:24:39.771" endtime="20220315 14:24:39.992"/>
</kw>
<kw name="Input Text" library="SeleniumLibrary">
<arg>id=input_password</arg>
<arg>admin123</arg>
<doc>Types the given ``text`` into the text field identified by ``locator``.</doc>
<msg timestamp="20220315 14:24:39.993" level="INFO">Typing text 'admin123' into text field 'id=input_password'.</msg>
<status status="PASS" starttime="20220315 14:24:39.993" endtime="20220315 14:24:40.195"/>
</kw>
<kw name="Click Element" library="SeleniumLibrary">
<arg>id=input_go</arg>
<doc>Click the element identified by ``locator``.</doc>
<msg timestamp="20220315 14:24:40.198" level="INFO">Clicking element 'id=input_go'.</msg>
<status status="PASS" starttime="20220315 14:24:40.198" endtime="20220315 14:24:41.172"/>
</kw>
<kw name="Element Should Contain" library="SeleniumLibrary">
<arg>xpath=//div[contains(text(),'Access')]</arg>
<arg>Access denied for user</arg>
<doc>Verifies that element ``locator`` contains text ``expected``.</doc>
<msg timestamp="20220315 14:24:41.239" level="INFO">Element 'xpath=//div[contains(text(),'Access')]' contains text 'Access denied for user'.</msg>
<status status="PASS" starttime="20220315 14:24:41.173" endtime="20220315 14:24:41.239"/>
</kw>
<status status="PASS" starttime="20220315 14:24:31.381" endtime="20220315 14:24:41.240"/>
</test>
<status status="PASS" starttime="20220315 14:24:30.859" endtime="20220315 14:24:41.243"/>
</suite>
<statistics>
<total>
<stat pass="1" fail="0" skip="0">All Tests</stat>
</total>
<tag>
</tag>
<suite>
<stat pass="1" fail="0" skip="0" id="s1" name="Demo4 Multiple Tabs Suite">Demo4 Multiple Tabs Suite</stat>
</suite>
</statistics>
<errors>
</errors>
</robot>
