<?xml version="1.0" encoding="UTF-8"?>
<robot generator="Robot 4.1.3 (Python 3.10.2 on win32)" generated="20220314 17:02:04.055" rpa="false" schemaversion="2">
<suite id="s1" name="Demo1 Orangehrm Suite" source="E:\LT_Technology_Services\Robot_Session\Robot_project\selenium_suite\demo1_orangehrm_suite.robot">
<test id="s1-t1" name="TC2">
<kw name="Append To Environment Variable" library="OperatingSystem">
<arg>Path</arg>
<arg>${EXECDIR}${/}driver${/}</arg>
<doc>Appends given ``values`` to environment variable ``name``.</doc>
<msg timestamp="20220314 17:02:04.696" level="INFO">Environment variable 'Path' set to value 'C:\Program Files\Python310\Scripts\;C:\Program Files\Python310\;C:\Program Files\Common Files\Oracle\Java\javapath;C:\Program Files (x86)\Common Files\Oracle\Java\javapath;C:\WINDOWS\system32;C:\WINDOWS;C:\WINDOWS\System32\Wbem;C:\WINDOWS\System32\WindowsPowerShell\v1.0\;C:\WINDOWS\System32\OpenSSH\;C:\Program Files\Java\jdk-12.0.1\bin;C:\Program Files\Java\jdk-16.0.1\bin;C:\Program Files\Java\jre1.8.0_291\bin;C:\Program Files (x86)\Java\jre1.8.0_291\bin;C:\Program Files\dotnet\;C:\Program Files\MEGA11;C:\Program Files\Git\cmd;C:\Users\Lenovo\AppData\Local\Microsoft\WindowsApps;;C:\Users\Lenovo\AppData\Local\Programs\Microsoft VS Code\bin;C:\Users\Lenovo\.dotnet\tools;E:\LT_Technology_Services\Robot_Session\Robot_project\driver\'.</msg>
<status status="PASS" starttime="20220314 17:02:04.695" endtime="20220314 17:02:04.696"/>
</kw>
<kw name="Open Browser" library="SeleniumLibrary">
<arg>url=https://opensource-demo.orangehrmlive.com/</arg>
<arg>browser=chrome</arg>
<doc>Opens a new browser instance to the optional ``url``.</doc>
<msg timestamp="20220314 17:02:04.697" level="INFO">Opening browser 'chrome' to base url 'https://opensource-demo.orangehrmlive.com/'.</msg>
<status status="PASS" starttime="20220314 17:02:04.696" endtime="20220314 17:02:18.321"/>
</kw>
<kw name="Maximize Browser Window" library="SeleniumLibrary">
<doc>Maximizes current browser window.</doc>
<status status="PASS" starttime="20220314 17:02:18.323" endtime="20220314 17:02:18.463"/>
</kw>
<kw name="Set Selenium Implicit Wait" library="SeleniumLibrary">
<arg>20s</arg>
<doc>Sets the implicit wait value used by Selenium.</doc>
<status status="PASS" starttime="20220314 17:02:18.463" endtime="20220314 17:02:18.467"/>
</kw>
<kw name="Input Text" library="SeleniumLibrary">
<arg>id=txtUsername</arg>
<arg>Admin</arg>
<doc>Types the given ``text`` into the text field identified by ``locator``.</doc>
<msg timestamp="20220314 17:02:18.469" level="INFO">Typing text 'Admin' into text field 'id=txtUsername'.</msg>
<status status="PASS" starttime="20220314 17:02:18.468" endtime="20220314 17:02:18.688"/>
</kw>
<kw name="Input Password" library="SeleniumLibrary">
<arg>id=txtPassword</arg>
<arg>admin123</arg>
<doc>Types the given password into the text field identified by ``locator``.</doc>
<msg timestamp="20220314 17:02:18.691" level="INFO">Typing password into text field 'id=txtPassword'.</msg>
<msg timestamp="20220314 17:02:18.780" level="INFO">Temporally setting log level to: NONE</msg>
<msg timestamp="20220314 17:02:18.876" level="INFO">Log level changed from NONE to INFO.</msg>
<status status="PASS" starttime="20220314 17:02:18.690" endtime="20220314 17:02:18.876"/>
</kw>
<kw name="Click Element" library="SeleniumLibrary">
<arg>id=btnLogin</arg>
<doc>Click the element identified by ``locator``.</doc>
<msg timestamp="20220314 17:02:18.879" level="INFO">Clicking element 'id=btnLogin'.</msg>
<status status="PASS" starttime="20220314 17:02:18.878" endtime="20220314 17:02:30.298"/>
</kw>
<kw name="Page Should Contain" library="SeleniumLibrary">
<arg>My Info</arg>
<doc>Verifies that current page contains ``text``.</doc>
<msg timestamp="20220314 17:02:30.331" level="INFO">Current page contains text 'My Info'.</msg>
<status status="PASS" starttime="20220314 17:02:30.299" endtime="20220314 17:02:30.331"/>
</kw>
<kw name="Click Element" library="SeleniumLibrary">
<arg>id=Emergency Contacts</arg>
<doc>Click the element identified by ``locator``.</doc>
<msg timestamp="20220314 17:02:30.333" level="INFO">Clicking element 'id=Emergency Contacts'.</msg>
<msg timestamp="20220314 17:02:50.565" level="INFO" html="true">&lt;/td&gt;&lt;/tr&gt;&lt;tr&gt;&lt;td colspan="3"&gt;&lt;a href="selenium-screenshot-1.png"&gt;&lt;img src="selenium-screenshot-1.png" width="800px"&gt;&lt;/a&gt;</msg>
<msg timestamp="20220314 17:02:50.576" level="FAIL">Element with locator 'id=Emergency Contacts' not found.</msg>
<status status="FAIL" starttime="20220314 17:02:30.332" endtime="20220314 17:02:50.576"/>
</kw>
<kw name="Click Element" library="SeleniumLibrary">
<arg>id=btnAddContact</arg>
<doc>Click the element identified by ``locator``.</doc>
<status status="NOT RUN" starttime="20220314 17:02:50.579" endtime="20220314 17:02:50.580"/>
</kw>
<kw name="Input Text" library="SeleniumLibrary">
<arg>id=emgcontacts_name</arg>
<arg>Anup Basumatary</arg>
<doc>Types the given ``text`` into the text field identified by ``locator``.</doc>
<status status="NOT RUN" starttime="20220314 17:02:50.581" endtime="20220314 17:02:50.581"/>
</kw>
<kw name="Input Text" library="SeleniumLibrary">
<arg>id=emgcontacts_relationship</arg>
<arg>Brother</arg>
<doc>Types the given ``text`` into the text field identified by ``locator``.</doc>
<status status="NOT RUN" starttime="20220314 17:02:50.582" endtime="20220314 17:02:50.582"/>
</kw>
<kw name="Input Text" library="SeleniumLibrary">
<arg>id=emgcontacts_homePhone</arg>
<arg>7002811055</arg>
<doc>Types the given ``text`` into the text field identified by ``locator``.</doc>
<status status="NOT RUN" starttime="20220314 17:02:50.583" endtime="20220314 17:02:50.583"/>
</kw>
<kw name="Click Element" library="SeleniumLibrary">
<arg>id=btnSaveEContact</arg>
<doc>Click the element identified by ``locator``.</doc>
<status status="NOT RUN" starttime="20220314 17:02:50.584" endtime="20220314 17:02:50.584"/>
</kw>
<status status="FAIL" starttime="20220314 17:02:04.694" endtime="20220314 17:02:50.585">Element with locator 'id=Emergency Contacts' not found.</status>
</test>
<status status="FAIL" starttime="20220314 17:02:04.060" endtime="20220314 17:02:50.588"/>
</suite>
<statistics>
<total>
<stat pass="0" fail="1" skip="0">All Tests</stat>
</total>
<tag>
</tag>
<suite>
<stat pass="0" fail="1" skip="0" id="s1" name="Demo1 Orangehrm Suite">Demo1 Orangehrm Suite</stat>
</suite>
</statistics>
<errors>
</errors>
</robot>
