<?xml version="1.0" encoding="UTF-8"?>
<robot generator="Robot 4.1.3 (Python 3.10.2 on win32)" generated="20220316 12:44:44.787" rpa="false" schemaversion="2">
<suite id="s1" name="demo10 royalCaribbean suite" source="E:\LT_Technology_Services\Robot_Session\Robot_project\selenium_suite\demo10_royalCaribbean_suite.robot">
<test id="s1-t1" name="TC1 Sign Up">
<kw name="Open Browser" library="SeleniumLibrary">
<arg>browser=chrome</arg>
<arg>executable_path=${EXECDIR}${/}driver${/}chromedriver.exe</arg>
<doc>Opens a new browser instance to the optional ``url``.</doc>
<msg timestamp="20220316 12:44:45.406" level="INFO">Opening browser 'chrome' to base url 'None'.</msg>
<status status="PASS" starttime="20220316 12:44:45.405" endtime="20220316 12:44:47.635"/>
</kw>
<kw name="Maximize Browser Window" library="SeleniumLibrary">
<doc>Maximizes current browser window.</doc>
<status status="PASS" starttime="20220316 12:44:47.636" endtime="20220316 12:44:47.785"/>
</kw>
<kw name="Set Selenium Implicit Wait" library="SeleniumLibrary">
<arg>20s</arg>
<doc>Sets the implicit wait value used by Selenium.</doc>
<status status="PASS" starttime="20220316 12:44:47.787" endtime="20220316 12:44:47.790"/>
</kw>
<kw name="Set Selenium Speed" library="SeleniumLibrary">
<arg>1s</arg>
<doc>Sets the delay that is waited after each Selenium command.</doc>
<status status="PASS" starttime="20220316 12:44:47.791" endtime="20220316 12:44:47.791"/>
</kw>
<kw name="Go To" library="SeleniumLibrary">
<arg>url=https://www.royalcaribbean.com/account/</arg>
<doc>Navigates the current browser window to the provided ``url``.</doc>
<msg timestamp="20220316 12:44:47.793" level="INFO">Opening url 'https://www.royalcaribbean.com/account/'</msg>
<status status="PASS" starttime="20220316 12:44:47.792" endtime="20220316 12:44:52.075"/>
</kw>
<kw name="Click Element" library="SeleniumLibrary">
<arg>link=Create an account</arg>
<doc>Click the element identified by ``locator``.</doc>
<msg timestamp="20220316 12:44:52.077" level="INFO">Clicking element 'link=Create an account'.</msg>
<status status="PASS" starttime="20220316 12:44:52.076" endtime="20220316 12:44:57.844"/>
</kw>
<kw name="Input Text" library="SeleniumLibrary">
<arg>xpath=//input[@data-placeholder='First name/Given name']</arg>
<arg>Anup</arg>
<doc>Types the given ``text`` into the text field identified by ``locator``.</doc>
<msg timestamp="20220316 12:44:57.845" level="INFO">Typing text 'Anup' into text field 'xpath=//input[@data-placeholder='First name/Given name']'.</msg>
<status status="PASS" starttime="20220316 12:44:57.845" endtime="20220316 12:45:02.035"/>
</kw>
<kw name="Input Text" library="SeleniumLibrary">
<arg>xpath=//input[@data-placeholder='Last name/Surname']</arg>
<arg>Basu</arg>
<doc>Types the given ``text`` into the text field identified by ``locator``.</doc>
<msg timestamp="20220316 12:45:02.036" level="INFO">Typing text 'Basu' into text field 'xpath=//input[@data-placeholder='Last name/Surname']'.</msg>
<status status="PASS" starttime="20220316 12:45:02.036" endtime="20220316 12:45:05.445"/>
</kw>
<kw name="Click Element" library="SeleniumLibrary">
<arg>xpath=//span[text()='Month']</arg>
<doc>Click the element identified by ``locator``.</doc>
<msg timestamp="20220316 12:45:05.447" level="INFO">Clicking element 'xpath=//span[text()='Month']'.</msg>
<status status="PASS" starttime="20220316 12:45:05.446" endtime="20220316 12:45:07.765"/>
</kw>
<kw name="Click Element" library="SeleniumLibrary">
<arg>xpath=//span[contains(text(),'April')]</arg>
<doc>Click the element identified by ``locator``.</doc>
<msg timestamp="20220316 12:45:07.767" level="INFO">Clicking element 'xpath=//span[contains(text(),'April')]'.</msg>
<status status="PASS" starttime="20220316 12:45:07.766" endtime="20220316 12:45:09.944"/>
</kw>
<kw name="Click Element" library="SeleniumLibrary">
<arg>xpath=//span[text()='Day']</arg>
<doc>Click the element identified by ``locator``.</doc>
<msg timestamp="20220316 12:45:09.946" level="INFO">Clicking element 'xpath=//span[text()='Day']'.</msg>
<status status="PASS" starttime="20220316 12:45:09.945" endtime="20220316 12:45:12.133"/>
</kw>
<kw name="Click Element" library="SeleniumLibrary">
<arg>xpath=//span[contains(text(),'4')]</arg>
<doc>Click the element identified by ``locator``.</doc>
<msg timestamp="20220316 12:45:12.135" level="INFO">Clicking element 'xpath=//span[contains(text(),'4')]'.</msg>
<status status="PASS" starttime="20220316 12:45:12.134" endtime="20220316 12:45:14.266"/>
</kw>
<kw name="Input Text" library="SeleniumLibrary">
<arg>xpath=//input[@data-placeholder='Year']</arg>
<arg>1992</arg>
<doc>Types the given ``text`` into the text field identified by ``locator``.</doc>
<msg timestamp="20220316 12:45:14.268" level="INFO">Typing text '1992' into text field 'xpath=//input[@data-placeholder='Year']'.</msg>
<status status="PASS" starttime="20220316 12:45:14.267" endtime="20220316 12:45:17.564"/>
</kw>
<kw name="Click Element" library="SeleniumLibrary">
<arg>xpath=//span[text()='Country/Region of residence']</arg>
<doc>Click the element identified by ``locator``.</doc>
<msg timestamp="20220316 12:45:17.565" level="INFO">Clicking element 'xpath=//span[text()='Country/Region of residence']'.</msg>
<status status="PASS" starttime="20220316 12:45:17.565" endtime="20220316 12:45:19.849"/>
</kw>
<kw name="Click Element" library="SeleniumLibrary">
<arg>xpath=//span[contains(text(),'India')]</arg>
<doc>Click the element identified by ``locator``.</doc>
<msg timestamp="20220316 12:45:19.850" level="INFO">Clicking element 'xpath=//span[contains(text(),'India')]'.</msg>
<status status="PASS" starttime="20220316 12:45:19.850" endtime="20220316 12:45:22.083"/>
</kw>
<kw name="Input Text" library="SeleniumLibrary">
<arg>xpath=//input[@data-placeholder='Email address']</arg>
<arg>anup@gmail.com</arg>
<doc>Types the given ``text`` into the text field identified by ``locator``.</doc>
<msg timestamp="20220316 12:45:22.084" level="INFO">Typing text 'anup@gmail.com' into text field 'xpath=//input[@data-placeholder='Email address']'.</msg>
<status status="PASS" starttime="20220316 12:45:22.084" endtime="20220316 12:45:25.580"/>
</kw>
<kw name="Click Element" library="SeleniumLibrary">
<arg>xpath=//span[text()='Select one security question']</arg>
<doc>Click the element identified by ``locator``.</doc>
<msg timestamp="20220316 12:45:25.581" level="INFO">Clicking element 'xpath=//span[text()='Select one security question']'.</msg>
<status status="PASS" starttime="20220316 12:45:25.581" endtime="20220316 12:45:27.780"/>
</kw>
<kw name="Click Element" library="SeleniumLibrary">
<arg>xpath=//span[contains(text(),'What elementary school did you go to?')]</arg>
<doc>Click the element identified by ``locator``.</doc>
<msg timestamp="20220316 12:45:27.781" level="INFO">Clicking element 'xpath=//span[contains(text(),'What elementary school did you go to?')]'.</msg>
<status status="PASS" starttime="20220316 12:45:27.781" endtime="20220316 12:45:29.928"/>
</kw>
<kw name="Input Text" library="SeleniumLibrary">
<arg>xpath=//input[@data-placeholder='Answer']</arg>
<arg>MMVM</arg>
<doc>Types the given ``text`` into the text field identified by ``locator``.</doc>
<msg timestamp="20220316 12:45:29.929" level="INFO">Typing text 'MMVM' into text field 'xpath=//input[@data-placeholder='Answer']'.</msg>
<status status="PASS" starttime="20220316 12:45:29.929" endtime="20220316 12:45:33.230"/>
</kw>
<kw name="Click Element" library="SeleniumLibrary">
<arg>xpath=//span[@class='mat-checkbox-inner-container mat-checkbox-inner-container-no-side-margin']</arg>
<doc>Click the element identified by ``locator``.</doc>
<msg timestamp="20220316 12:45:33.232" level="INFO">Clicking element 'xpath=//span[@class='mat-checkbox-inner-container mat-checkbox-inner-container-no-side-margin']'.</msg>
<status status="PASS" starttime="20220316 12:45:33.231" endtime="20220316 12:45:35.441"/>
</kw>
<kw name="Close Browser" library="SeleniumLibrary" type="TEARDOWN">
<doc>Closes the current browser.</doc>
<status status="PASS" starttime="20220316 12:45:35.442" endtime="20220316 12:45:38.744"/>
</kw>
<status status="PASS" starttime="20220316 12:44:45.403" endtime="20220316 12:45:38.745"/>
</test>
<status status="PASS" starttime="20220316 12:44:44.791" endtime="20220316 12:45:38.748"/>
</suite>
<statistics>
<total>
<stat pass="1" fail="0" skip="0">All Tests</stat>
</total>
<tag>
</tag>
<suite>
<stat pass="1" fail="0" skip="0" id="s1" name="demo10 royalCaribbean suite">demo10 royalCaribbean suite</stat>
</suite>
</statistics>
<errors>
</errors>
</robot>
