<?xml version="1.0" encoding="UTF-8"?>
<robot generator="Robot 4.1.3 (Python 3.10.2 on win32)" generated="20220315 15:53:26.554" rpa="false" schemaversion="2">
<suite id="s1" name="Demo6 Redbus Suite" source="E:\LT_Technology_Services\Robot_Session\Robot_project\selenium_suite\demo6_redbus_suite.robot">
<test id="s1-t1" name="TC1">
<kw name="Open Browser" library="SeleniumLibrary">
<arg>browser=chrome</arg>
<arg>executable_path=${EXECDIR}${/}driver${/}chromedriver.exe</arg>
<doc>Opens a new browser instance to the optional ``url``.</doc>
<msg timestamp="20220315 15:53:27.084" level="INFO">Opening browser 'chrome' to base url 'None'.</msg>
<status status="PASS" starttime="20220315 15:53:27.083" endtime="20220315 15:53:29.757"/>
</kw>
<kw name="Maximize Browser Window" library="SeleniumLibrary">
<doc>Maximizes current browser window.</doc>
<status status="PASS" starttime="20220315 15:53:29.758" endtime="20220315 15:53:29.984"/>
</kw>
<kw name="Set Selenium Implicit Wait" library="SeleniumLibrary">
<arg>20s</arg>
<doc>Sets the implicit wait value used by Selenium.</doc>
<status status="PASS" starttime="20220315 15:53:29.985" endtime="20220315 15:53:29.995"/>
</kw>
<kw name="Go To" library="SeleniumLibrary">
<arg>url=https://www.redbus.in/</arg>
<doc>Navigates the current browser window to the provided ``url``.</doc>
<msg timestamp="20220315 15:53:29.996" level="INFO">Opening url 'https://www.redbus.in/'</msg>
<status status="PASS" starttime="20220315 15:53:29.996" endtime="20220315 15:53:40.119"/>
</kw>
<kw name="Click Element" library="SeleniumLibrary">
<arg>id=signin-block</arg>
<doc>Click the element identified by ``locator``.</doc>
<msg timestamp="20220315 15:53:40.121" level="INFO">Clicking element 'id=signin-block'.</msg>
<status status="PASS" starttime="20220315 15:53:40.120" endtime="20220315 15:53:40.237"/>
</kw>
<kw name="Click Element" library="SeleniumLibrary">
<arg>id=signInLink</arg>
<doc>Click the element identified by ``locator``.</doc>
<msg timestamp="20220315 15:53:40.240" level="INFO">Clicking element 'id=signInLink'.</msg>
<status status="PASS" starttime="20220315 15:53:40.239" endtime="20220315 15:53:40.410"/>
</kw>
<kw name="Select Frame" library="SeleniumLibrary">
<arg>xpath=//iframe[@class='modalIframe']</arg>
<doc>Sets frame identified by ``locator`` as the current frame.</doc>
<msg timestamp="20220315 15:53:40.411" level="INFO">Selecting frame 'xpath=//iframe[@class='modalIframe']'.</msg>
<status status="PASS" starttime="20220315 15:53:40.411" endtime="20220315 15:53:42.063"/>
</kw>
<kw name="Input Text" library="SeleniumLibrary">
<arg>id=mobileNoInp</arg>
<arg>78945</arg>
<doc>Types the given ``text`` into the text field identified by ``locator``.</doc>
<msg timestamp="20220315 15:53:42.064" level="INFO">Typing text '78945' into text field 'id=mobileNoInp'.</msg>
<status status="PASS" starttime="20220315 15:53:42.064" endtime="20220315 15:53:42.297"/>
</kw>
<status status="PASS" starttime="20220315 15:53:27.082" endtime="20220315 15:53:42.297"/>
</test>
<status status="PASS" starttime="20220315 15:53:26.558" endtime="20220315 15:53:42.300"/>
</suite>
<statistics>
<total>
<stat pass="1" fail="0" skip="0">All Tests</stat>
</total>
<tag>
</tag>
<suite>
<stat pass="1" fail="0" skip="0" id="s1" name="Demo6 Redbus Suite">Demo6 Redbus Suite</stat>
</suite>
</statistics>
<errors>
</errors>
</robot>
