<?xml version="1.0" encoding="UTF-8"?>
<robot generator="Robot 4.1.3 (Python 3.10.2 on win32)" generated="20220314 17:07:20.171" rpa="false" schemaversion="2">
<suite id="s1" name="Demo1 Orangehrm Suite" source="E:\LT_Technology_Services\Robot_Session\Robot_project\selenium_suite\demo1_orangehrm_suite.robot">
<test id="s1-t1" name="TC2">
<kw name="Append To Environment Variable" library="OperatingSystem">
<arg>Path</arg>
<arg>${EXECDIR}${/}driver${/}</arg>
<doc>Appends given ``values`` to environment variable ``name``.</doc>
<msg timestamp="20220314 17:07:24.932" level="INFO">Environment variable 'Path' set to value 'C:\Program Files\Python310\Scripts\;C:\Program Files\Python310\;C:\Program Files\Common Files\Oracle\Java\javapath;C:\Program Files (x86)\Common Files\Oracle\Java\javapath;C:\WINDOWS\system32;C:\WINDOWS;C:\WINDOWS\System32\Wbem;C:\WINDOWS\System32\WindowsPowerShell\v1.0\;C:\WINDOWS\System32\OpenSSH\;C:\Program Files\Java\jdk-12.0.1\bin;C:\Program Files\Java\jdk-16.0.1\bin;C:\Program Files\Java\jre1.8.0_291\bin;C:\Program Files (x86)\Java\jre1.8.0_291\bin;C:\Program Files\dotnet\;C:\Program Files\MEGA11;C:\Program Files\Git\cmd;C:\Users\Lenovo\AppData\Local\Microsoft\WindowsApps;;C:\Users\Lenovo\AppData\Local\Programs\Microsoft VS Code\bin;C:\Users\Lenovo\.dotnet\tools;E:\LT_Technology_Services\Robot_Session\Robot_project\driver\'.</msg>
<status status="PASS" starttime="20220314 17:07:24.930" endtime="20220314 17:07:24.932"/>
</kw>
<kw name="Open Browser" library="SeleniumLibrary">
<arg>url=https://opensource-demo.orangehrmlive.com/</arg>
<arg>browser=chrome</arg>
<doc>Opens a new browser instance to the optional ``url``.</doc>
<msg timestamp="20220314 17:07:24.934" level="INFO">Opening browser 'chrome' to base url 'https://opensource-demo.orangehrmlive.com/'.</msg>
<status status="PASS" starttime="20220314 17:07:24.933" endtime="20220314 17:07:42.318"/>
</kw>
<kw name="Maximize Browser Window" library="SeleniumLibrary">
<doc>Maximizes current browser window.</doc>
<status status="PASS" starttime="20220314 17:07:42.319" endtime="20220314 17:07:42.822"/>
</kw>
<kw name="Set Selenium Implicit Wait" library="SeleniumLibrary">
<arg>20s</arg>
<doc>Sets the implicit wait value used by Selenium.</doc>
<status status="PASS" starttime="20220314 17:07:42.823" endtime="20220314 17:07:42.829"/>
</kw>
<kw name="Input Text" library="SeleniumLibrary">
<arg>id=txtUsername</arg>
<arg>Admin</arg>
<doc>Types the given ``text`` into the text field identified by ``locator``.</doc>
<msg timestamp="20220314 17:07:42.832" level="INFO">Typing text 'Admin' into text field 'id=txtUsername'.</msg>
<status status="PASS" starttime="20220314 17:07:42.830" endtime="20220314 17:07:43.408"/>
</kw>
<kw name="Input Password" library="SeleniumLibrary">
<arg>id=txtPassword</arg>
<arg>admin123</arg>
<doc>Types the given password into the text field identified by ``locator``.</doc>
<msg timestamp="20220314 17:07:43.411" level="INFO">Typing password into text field 'id=txtPassword'.</msg>
<msg timestamp="20220314 17:07:43.518" level="INFO">Temporally setting log level to: NONE</msg>
<msg timestamp="20220314 17:07:43.606" level="INFO">Log level changed from NONE to INFO.</msg>
<status status="PASS" starttime="20220314 17:07:43.410" endtime="20220314 17:07:43.606"/>
</kw>
<kw name="Click Element" library="SeleniumLibrary">
<arg>id=btnLogin</arg>
<doc>Click the element identified by ``locator``.</doc>
<msg timestamp="20220314 17:07:43.608" level="INFO">Clicking element 'id=btnLogin'.</msg>
<status status="PASS" starttime="20220314 17:07:43.607" endtime="20220314 17:07:54.501"/>
</kw>
<kw name="Page Should Contain" library="SeleniumLibrary">
<arg>My Info</arg>
<doc>Verifies that current page contains ``text``.</doc>
<msg timestamp="20220314 17:07:54.540" level="INFO">Current page contains text 'My Info'.</msg>
<status status="PASS" starttime="20220314 17:07:54.502" endtime="20220314 17:07:54.541"/>
</kw>
<kw name="Click Element" library="SeleniumLibrary">
<arg>link=My Info</arg>
<doc>Click the element identified by ``locator``.</doc>
<msg timestamp="20220314 17:07:54.542" level="INFO">Clicking element 'link=My Info'.</msg>
<status status="PASS" starttime="20220314 17:07:54.541" endtime="20220314 17:07:57.500"/>
</kw>
<kw name="Click Element" library="SeleniumLibrary">
<arg>link=Emergency Contacts</arg>
<doc>Click the element identified by ``locator``.</doc>
<msg timestamp="20220314 17:07:57.503" level="INFO">Clicking element 'link=Emergency Contacts'.</msg>
<status status="PASS" starttime="20220314 17:07:57.502" endtime="20220314 17:07:58.685"/>
</kw>
<kw name="Click Element" library="SeleniumLibrary">
<arg>id=btnAddContact</arg>
<doc>Click the element identified by ``locator``.</doc>
<msg timestamp="20220314 17:07:58.686" level="INFO">Clicking element 'id=btnAddContact'.</msg>
<status status="PASS" starttime="20220314 17:07:58.686" endtime="20220314 17:07:58.809"/>
</kw>
<kw name="Input Text" library="SeleniumLibrary">
<arg>id=emgcontacts_name</arg>
<arg>Anup Basumatary</arg>
<doc>Types the given ``text`` into the text field identified by ``locator``.</doc>
<msg timestamp="20220314 17:07:58.812" level="INFO">Typing text 'Anup Basumatary' into text field 'id=emgcontacts_name'.</msg>
<status status="PASS" starttime="20220314 17:07:58.811" endtime="20220314 17:07:59.026"/>
</kw>
<kw name="Input Text" library="SeleniumLibrary">
<arg>id=emgcontacts_relationship</arg>
<arg>Brother</arg>
<doc>Types the given ``text`` into the text field identified by ``locator``.</doc>
<msg timestamp="20220314 17:07:59.028" level="INFO">Typing text 'Brother' into text field 'id=emgcontacts_relationship'.</msg>
<status status="PASS" starttime="20220314 17:07:59.027" endtime="20220314 17:07:59.233"/>
</kw>
<kw name="Input Text" library="SeleniumLibrary">
<arg>id=emgcontacts_homePhone</arg>
<arg>7002811055</arg>
<doc>Types the given ``text`` into the text field identified by ``locator``.</doc>
<msg timestamp="20220314 17:07:59.235" level="INFO">Typing text '7002811055' into text field 'id=emgcontacts_homePhone'.</msg>
<status status="PASS" starttime="20220314 17:07:59.235" endtime="20220314 17:07:59.432"/>
</kw>
<kw name="Click Element" library="SeleniumLibrary">
<arg>id=btnSaveEContact</arg>
<doc>Click the element identified by ``locator``.</doc>
<msg timestamp="20220314 17:07:59.434" level="INFO">Clicking element 'id=btnSaveEContact'.</msg>
<status status="PASS" starttime="20220314 17:07:59.433" endtime="20220314 17:08:01.282"/>
</kw>
<status status="PASS" starttime="20220314 17:07:24.928" endtime="20220314 17:08:01.283"/>
</test>
<status status="PASS" starttime="20220314 17:07:20.176" endtime="20220314 17:08:01.287"/>
</suite>
<statistics>
<total>
<stat pass="1" fail="0" skip="0">All Tests</stat>
</total>
<tag>
</tag>
<suite>
<stat pass="1" fail="0" skip="0" id="s1" name="Demo1 Orangehrm Suite">Demo1 Orangehrm Suite</stat>
</suite>
</statistics>
<errors>
</errors>
</robot>
