<?xml version="1.0" encoding="UTF-8"?>
<robot generator="Robot 4.1.3 (Python 3.10.2 on win32)" generated="20220319 16:59:57.194" rpa="false" schemaversion="2">
<suite id="s1" name="Demo1 Login Suite" source="E:\LT_Technology_Services\Robot_Session\Robot_project\appium_suite\demo1_login_suite.robot">
<test id="s1-t1" name="TC1">
<kw name="Open Application" library="AppiumLibrary">
<arg>remote_url=http://hub-cloud.browserstack.com/wd/hub</arg>
<arg>browserstack.user=anupbasumatary_XRbxOl</arg>
<arg>browserstack.key=s7moCBAqAaoqMX8iNDRt</arg>
<arg>app=bs://94a13cc12fb696d0b8deb786062b38bf2d69daa9</arg>
<arg>device=Google Pixel 3</arg>
<arg>os_version=9.0</arg>
<arg>project=LT5 Appium Concept</arg>
<arg>build=LT5 Appium Build</arg>
<arg>name=khan academy</arg>
<doc>Opens a new application to given Appium server.
Capabilities of appium server, Android and iOS,
Please check https://github.com/appium/appium/blob/master/docs/en/writing-running-appium/server-args.md
| *Option*            | *Man.* | *Description*     |
| remote_url          | Yes    | Appium server url |
| alias               | no     | alias             |</doc>
<status status="PASS" starttime="20220319 16:59:57.843" endtime="20220319 17:00:26.317"/>
</kw>
<kw name="Sleep" library="BuiltIn">
<arg>2s</arg>
<doc>Pauses the test executed for the given time.</doc>
<msg timestamp="20220319 17:00:28.327" level="INFO">Slept 2 seconds</msg>
<status status="PASS" starttime="20220319 17:00:26.317" endtime="20220319 17:00:28.327"/>
</kw>
<kw name="Close Application" library="AppiumLibrary">
<doc>Closes the current application and also close webdriver session.</doc>
<status status="PASS" starttime="20220319 17:00:28.328" endtime="20220319 17:00:29.572"/>
</kw>
<status status="PASS" starttime="20220319 16:59:57.842" endtime="20220319 17:00:29.573"/>
</test>
<status status="PASS" starttime="20220319 16:59:57.199" endtime="20220319 17:00:29.575"/>
</suite>
<statistics>
<total>
<stat pass="1" fail="0" skip="0">All Tests</stat>
</total>
<tag>
</tag>
<suite>
<stat pass="1" fail="0" skip="0" id="s1" name="Demo1 Login Suite">Demo1 Login Suite</stat>
</suite>
</statistics>
<errors>
</errors>
</robot>
