<?xml version="1.0" encoding="UTF-8"?>
<robot generator="Robot 4.1.3 (Python 3.10.2 on win32)" generated="20220314 16:41:14.745" rpa="false" schemaversion="2">
<suite id="s1" name="Demo1 Orangehrm Suite" source="E:\LT_Technology_Services\Robot_Session\Robot_project\selenium_suite\demo1_orangehrm_suite.robot">
<test id="s1-t1" name="TC1">
<kw name="Append To Environment Variable" library="OperatingSystem">
<arg>Path</arg>
<arg>${EXECDIR}${/}driver${/}</arg>
<doc>Appends given ``values`` to environment variable ``name``.</doc>
<msg timestamp="20220314 16:41:15.480" level="INFO">Environment variable 'Path' set to value 'C:\Program Files\Python310\Scripts\;C:\Program Files\Python310\;C:\Program Files\Common Files\Oracle\Java\javapath;C:\Program Files (x86)\Common Files\Oracle\Java\javapath;C:\WINDOWS\system32;C:\WINDOWS;C:\WINDOWS\System32\Wbem;C:\WINDOWS\System32\WindowsPowerShell\v1.0\;C:\WINDOWS\System32\OpenSSH\;C:\Program Files\Java\jdk-12.0.1\bin;C:\Program Files\Java\jdk-16.0.1\bin;C:\Program Files\Java\jre1.8.0_291\bin;C:\Program Files (x86)\Java\jre1.8.0_291\bin;C:\Program Files\dotnet\;C:\Program Files\MEGA11;C:\Program Files\Git\cmd;C:\Users\Lenovo\AppData\Local\Microsoft\WindowsApps;;C:\Users\Lenovo\AppData\Local\Programs\Microsoft VS Code\bin;C:\Users\Lenovo\.dotnet\tools;E:\LT_Technology_Services\Robot_Session\Robot_project\driver\'.</msg>
<status status="PASS" starttime="20220314 16:41:15.478" endtime="20220314 16:41:15.480"/>
</kw>
<kw name="Open Browser" library="SeleniumLibrary">
<arg>url=https://opensource-demo.orangehrmlive.com/</arg>
<arg>browser=chrome</arg>
<doc>Opens a new browser instance to the optional ``url``.</doc>
<msg timestamp="20220314 16:41:15.481" level="INFO">Opening browser 'chrome' to base url 'https://opensource-demo.orangehrmlive.com/'.</msg>
<status status="PASS" starttime="20220314 16:41:15.481" endtime="20220314 16:41:25.710"/>
</kw>
<kw name="Maximize Browser Window" library="SeleniumLibrary">
<doc>Maximizes current browser window.</doc>
<status status="PASS" starttime="20220314 16:41:25.713" endtime="20220314 16:41:25.845"/>
</kw>
<kw name="Set Selenium Implicit Wait" library="SeleniumLibrary">
<arg>20s</arg>
<doc>Sets the implicit wait value used by Selenium.</doc>
<status status="PASS" starttime="20220314 16:41:25.845" endtime="20220314 16:41:25.849"/>
</kw>
<kw name="Input Text" library="SeleniumLibrary">
<arg>id=txtUsername</arg>
<arg>Admin</arg>
<doc>Types the given ``text`` into the text field identified by ``locator``.</doc>
<msg timestamp="20220314 16:41:25.851" level="INFO">Typing text 'Admin' into text field 'id=txtUsername'.</msg>
<status status="PASS" starttime="20220314 16:41:25.850" endtime="20220314 16:41:26.065"/>
</kw>
<kw name="Input Password" library="SeleniumLibrary">
<arg>id=txtPassword</arg>
<arg>admin123</arg>
<doc>Types the given password into the text field identified by ``locator``.</doc>
<msg timestamp="20220314 16:41:26.067" level="INFO">Typing password into text field 'id=txtPassword'.</msg>
<msg timestamp="20220314 16:41:26.134" level="INFO">Temporally setting log level to: NONE</msg>
<msg timestamp="20220314 16:41:26.221" level="INFO">Log level changed from NONE to INFO.</msg>
<status status="PASS" starttime="20220314 16:41:26.066" endtime="20220314 16:41:26.221"/>
</kw>
<kw name="Click Element" library="SeleniumLibrary">
<arg>id=btnLogin</arg>
<doc>Click the element identified by ``locator``.</doc>
<msg timestamp="20220314 16:41:26.223" level="INFO">Clicking element 'id=btnLogin'.</msg>
<status status="PASS" starttime="20220314 16:41:26.222" endtime="20220314 16:41:34.541"/>
</kw>
<kw name="Page Should Contain" library="SeleniumLibrary">
<arg>My Info</arg>
<doc>Verifies that current page contains ``text``.</doc>
<msg timestamp="20220314 16:41:34.575" level="INFO">Current page contains text 'My Info'.</msg>
<status status="PASS" starttime="20220314 16:41:34.543" endtime="20220314 16:41:34.576"/>
</kw>
<kw name="Click Element" library="SeleniumLibrary">
<arg>id=welcome</arg>
<doc>Click the element identified by ``locator``.</doc>
<msg timestamp="20220314 16:41:34.577" level="INFO">Clicking element 'id=welcome'.</msg>
<status status="PASS" starttime="20220314 16:41:34.576" endtime="20220314 16:41:34.671"/>
</kw>
<kw name="Click Element" library="SeleniumLibrary">
<arg>link=Logout</arg>
<doc>Click the element identified by ``locator``.</doc>
<msg timestamp="20220314 16:41:34.676" level="INFO">Clicking element 'link=Logout'.</msg>
<status status="PASS" starttime="20220314 16:41:34.675" endtime="20220314 16:41:37.458"/>
</kw>
<status status="PASS" starttime="20220314 16:41:15.476" endtime="20220314 16:41:37.459"/>
</test>
<status status="PASS" starttime="20220314 16:41:14.749" endtime="20220314 16:41:37.462"/>
</suite>
<statistics>
<total>
<stat pass="1" fail="0" skip="0">All Tests</stat>
</total>
<tag>
</tag>
<suite>
<stat pass="1" fail="0" skip="0" id="s1" name="Demo1 Orangehrm Suite">Demo1 Orangehrm Suite</stat>
</suite>
</statistics>
<errors>
</errors>
</robot>
