<?xml version="1.0" encoding="UTF-8"?>
<robot generator="Robot 4.1.3 (Python 3.10.2 on win32)" generated="20220315 10:18:38.199" rpa="false" schemaversion="2">
<suite id="s1" name="demo2 New goto suite" source="E:\LT_Technology_Services\Robot_Session\Robot_project\selenium_suite\demo2_New_goto_suite.robot">
<test id="s1-t1" name="TC1">
<kw name="Open Browser" library="SeleniumLibrary">
<arg>url=https://www.goto.com/meeting/</arg>
<arg>browser=chrome</arg>
<arg>executable_path=${EXECDIR}${/}driver${/}chromedriver.exe</arg>
<doc>Opens a new browser instance to the optional ``url``.</doc>
<msg timestamp="20220315 10:18:38.706" level="INFO">Opening browser 'chrome' to base url 'https://www.goto.com/meeting/'.</msg>
<status status="PASS" starttime="20220315 10:18:38.705" endtime="20220315 10:19:06.255"/>
</kw>
<kw name="Maximize Browser Window" library="SeleniumLibrary">
<doc>Maximizes current browser window.</doc>
<status status="PASS" starttime="20220315 10:19:06.256" endtime="20220315 10:19:06.517"/>
</kw>
<kw name="Set Selenium Implicit Wait" library="SeleniumLibrary">
<arg>20s</arg>
<doc>Sets the implicit wait value used by Selenium.</doc>
<status status="PASS" starttime="20220315 10:19:06.518" endtime="20220315 10:19:06.520"/>
</kw>
<kw name="Click Element" library="SeleniumLibrary">
<arg>id=truste-consent-button</arg>
<doc>Click the element identified by ``locator``.</doc>
<msg timestamp="20220315 10:19:06.522" level="INFO">Clicking element 'id=truste-consent-button'.</msg>
<status status="PASS" starttime="20220315 10:19:06.521" endtime="20220315 10:19:06.889"/>
</kw>
<kw name="Click Element" library="SeleniumLibrary">
<arg>link=Get a Demo</arg>
<doc>Click the element identified by ``locator``.</doc>
<msg timestamp="20220315 10:19:06.891" level="INFO">Clicking element 'link=Get a Demo'.</msg>
<status status="PASS" starttime="20220315 10:19:06.890" endtime="20220315 10:19:10.681"/>
</kw>
<kw name="Input Text" library="SeleniumLibrary">
<arg>xpath=//input[@data-sc-field-name='firstName']</arg>
<arg>Anup</arg>
<doc>Types the given ``text`` into the text field identified by ``locator``.</doc>
<msg timestamp="20220315 10:19:10.683" level="INFO">Typing text 'Anup' into text field 'xpath=//input[@data-sc-field-name='firstName']'.</msg>
<status status="PASS" starttime="20220315 10:19:10.682" endtime="20220315 10:19:11.357"/>
</kw>
<kw name="Input Text" library="SeleniumLibrary">
<arg>xpath=//input[@data-sc-field-name='lastName']</arg>
<arg>Basumatary</arg>
<doc>Types the given ``text`` into the text field identified by ``locator``.</doc>
<msg timestamp="20220315 10:19:11.359" level="INFO">Typing text 'Basumatary' into text field 'xpath=//input[@data-sc-field-name='lastName']'.</msg>
<status status="PASS" starttime="20220315 10:19:11.358" endtime="20220315 10:19:11.619"/>
</kw>
<kw name="Input Text" library="SeleniumLibrary">
<arg>xpath=//input[@data-sc-field-name='email']</arg>
<arg>anupbasu7@gmail.com</arg>
<doc>Types the given ``text`` into the text field identified by ``locator``.</doc>
<msg timestamp="20220315 10:19:11.620" level="INFO">Typing text 'anupbasu7@gmail.com' into text field 'xpath=//input[@data-sc-field-name='email']'.</msg>
<status status="PASS" starttime="20220315 10:19:11.619" endtime="20220315 10:19:11.889"/>
</kw>
<status status="PASS" starttime="20220315 10:18:38.704" endtime="20220315 10:19:11.890"/>
</test>
<status status="PASS" starttime="20220315 10:18:38.203" endtime="20220315 10:19:11.893"/>
</suite>
<statistics>
<total>
<stat pass="1" fail="0" skip="0">All Tests</stat>
</total>
<tag>
</tag>
<suite>
<stat pass="1" fail="0" skip="0" id="s1" name="demo2 New goto suite">demo2 New goto suite</stat>
</suite>
</statistics>
<errors>
</errors>
</robot>
