<?xml version="1.0" encoding="UTF-8"?>
<robot generator="Robot 4.1.3 (Python 3.10.2 on win32)" generated="20220315 12:01:23.215" rpa="false" schemaversion="2">
<suite id="s1" name="Demo3 Meddibudy Tabs Suite" source="E:\LT_Technology_Services\Robot_Session\Robot_project\selenium_suite\demo3_meddibudy_tabs_suite.robot">
<test id="s1-t1" name="TC1">
<kw name="Open Browser" library="SeleniumLibrary">
<arg>browser=chrome</arg>
<arg>executable_path=${EXECDIR}${/}driver${/}chromedriver.exe</arg>
<doc>Opens a new browser instance to the optional ``url``.</doc>
<msg timestamp="20220315 12:01:23.763" level="INFO">Opening browser 'chrome' to base url 'None'.</msg>
<status status="PASS" starttime="20220315 12:01:23.760" endtime="20220315 12:01:28.477"/>
</kw>
<kw name="Maximize Browser Window" library="SeleniumLibrary">
<doc>Maximizes current browser window.</doc>
<status status="PASS" starttime="20220315 12:01:28.486" endtime="20220315 12:01:28.755"/>
</kw>
<kw name="Set Selenium Implicit Wait" library="SeleniumLibrary">
<arg>30s</arg>
<doc>Sets the implicit wait value used by Selenium.</doc>
<status status="PASS" starttime="20220315 12:01:28.759" endtime="20220315 12:01:28.798"/>
</kw>
<kw name="Go To" library="SeleniumLibrary">
<arg>url=https://www.medibuddy.in/</arg>
<doc>Navigates the current browser window to the provided ``url``.</doc>
<msg timestamp="20220315 12:01:28.809" level="INFO">Opening url 'https://www.medibuddy.in/'</msg>
<status status="PASS" starttime="20220315 12:01:28.808" endtime="20220315 12:01:30.907"/>
</kw>
<kw name="Click Element" library="SeleniumLibrary">
<arg>xpath=//button[text()='Not Now']</arg>
<doc>Click the element identified by ``locator``.</doc>
<msg timestamp="20220315 12:01:30.915" level="INFO">Clicking element 'xpath=//button[text()='Not Now']'.</msg>
<status status="PASS" starttime="20220315 12:01:30.914" endtime="20220315 12:01:40.903"/>
</kw>
<kw name="Click Element" library="SeleniumLibrary">
<arg>link=For Employer</arg>
<doc>Click the element identified by ``locator``.</doc>
<msg timestamp="20220315 12:01:40.904" level="INFO">Clicking element 'link=For Employer'.</msg>
<status status="PASS" starttime="20220315 12:01:40.904" endtime="20220315 12:01:41.218"/>
</kw>
<kw name="Switch Window" library="SeleniumLibrary">
<arg>MediBuddy LaunchPad</arg>
<doc>Switches to browser window matching ``locator``.</doc>
<status status="PASS" starttime="20220315 12:01:41.219" endtime="20220315 12:01:44.784"/>
</kw>
<kw name="Input Text" library="SeleniumLibrary">
<arg>id=getInTouchName</arg>
<arg>Anup</arg>
<doc>Types the given ``text`` into the text field identified by ``locator``.</doc>
<msg timestamp="20220315 12:01:44.786" level="INFO">Typing text 'Anup' into text field 'id=getInTouchName'.</msg>
<status status="PASS" starttime="20220315 12:01:44.785" endtime="20220315 12:01:45.029"/>
</kw>
<kw name="Input Text" library="SeleniumLibrary">
<arg>id=getInTouchEmail</arg>
<arg>anup@gmail.com</arg>
<doc>Types the given ``text`` into the text field identified by ``locator``.</doc>
<msg timestamp="20220315 12:01:45.030" level="INFO">Typing text 'anup@gmail.com' into text field 'id=getInTouchEmail'.</msg>
<status status="PASS" starttime="20220315 12:01:45.029" endtime="20220315 12:01:45.271"/>
</kw>
<kw name="Input Text" library="SeleniumLibrary">
<arg>id=getInTouchMobile</arg>
<arg>7002811066</arg>
<doc>Types the given ``text`` into the text field identified by ``locator``.</doc>
<msg timestamp="20220315 12:01:45.274" level="INFO">Typing text '7002811066' into text field 'id=getInTouchMobile'.</msg>
<status status="PASS" starttime="20220315 12:01:45.273" endtime="20220315 12:01:45.458"/>
</kw>
<kw name="Input Text" library="SeleniumLibrary">
<arg>id=getInTouchDesignation</arg>
<arg>Intern</arg>
<doc>Types the given ``text`` into the text field identified by ``locator``.</doc>
<msg timestamp="20220315 12:01:45.459" level="INFO">Typing text 'Intern' into text field 'id=getInTouchDesignation'.</msg>
<status status="PASS" starttime="20220315 12:01:45.458" endtime="20220315 12:01:45.635"/>
</kw>
<kw name="Input Text" library="SeleniumLibrary">
<arg>id=getInTouchEmpCount</arg>
<arg>100</arg>
<doc>Types the given ``text`` into the text field identified by ``locator``.</doc>
<msg timestamp="20220315 12:01:45.636" level="INFO">Typing text '100' into text field 'id=getInTouchEmpCount'.</msg>
<status status="PASS" starttime="20220315 12:01:45.635" endtime="20220315 12:01:45.813"/>
</kw>
<kw name="Click Element" library="SeleniumLibrary">
<arg>xpath=//input[@type='submit']</arg>
<doc>Click the element identified by ``locator``.</doc>
<msg timestamp="20220315 12:01:45.815" level="INFO">Clicking element 'xpath=//input[@type='submit']'.</msg>
<msg timestamp="20220315 12:02:16.007" level="INFO" html="true">&lt;/td&gt;&lt;/tr&gt;&lt;tr&gt;&lt;td colspan="3"&gt;&lt;a href="selenium-screenshot-1.png"&gt;&lt;img src="selenium-screenshot-1.png" width="800px"&gt;&lt;/a&gt;</msg>
<msg timestamp="20220315 12:02:16.015" level="FAIL">Element with locator 'xpath=//input[@type='submit']' not found.</msg>
<status status="FAIL" starttime="20220315 12:01:45.815" endtime="20220315 12:02:16.015"/>
</kw>
<kw name="Close Window" library="SeleniumLibrary">
<doc>Closes currently opened and selected browser window/tab.</doc>
<status status="NOT RUN" starttime="20220315 12:02:16.016" endtime="20220315 12:02:16.016"/>
</kw>
<status status="FAIL" starttime="20220315 12:01:23.758" endtime="20220315 12:02:16.017">Element with locator 'xpath=//input[@type='submit']' not found.</status>
</test>
<status status="FAIL" starttime="20220315 12:01:23.218" endtime="20220315 12:02:16.020"/>
</suite>
<statistics>
<total>
<stat pass="0" fail="1" skip="0">All Tests</stat>
</total>
<tag>
</tag>
<suite>
<stat pass="0" fail="1" skip="0" id="s1" name="Demo3 Meddibudy Tabs Suite">Demo3 Meddibudy Tabs Suite</stat>
</suite>
</statistics>
<errors>
</errors>
</robot>
