<?xml version="1.0" encoding="UTF-8"?>
<robot generator="Robot 4.1.3 (Python 3.10.2 on win32)" generated="20220315 11:55:45.093" rpa="false" schemaversion="2">
<suite id="s1" name="Demo3 Meddibudy Tabs Suite" source="E:\LT_Technology_Services\Robot_Session\Robot_project\selenium_suite\demo3_meddibudy_tabs_suite.robot">
<test id="s1-t1" name="TC1">
<kw name="Open Browser" library="SeleniumLibrary">
<arg>browser=chrome</arg>
<arg>executable_path=${EXECDIR}${/}driver${/}chromedriver.exe</arg>
<doc>Opens a new browser instance to the optional ``url``.</doc>
<msg timestamp="20220315 11:55:45.656" level="INFO">Opening browser 'chrome' to base url 'None'.</msg>
<status status="PASS" starttime="20220315 11:55:45.655" endtime="20220315 11:55:48.432"/>
</kw>
<kw name="Maximize Browser Window" library="SeleniumLibrary">
<doc>Maximizes current browser window.</doc>
<status status="PASS" starttime="20220315 11:55:48.436" endtime="20220315 11:55:48.608"/>
</kw>
<kw name="Set Selenium Implicit Wait" library="SeleniumLibrary">
<arg>30s</arg>
<doc>Sets the implicit wait value used by Selenium.</doc>
<status status="PASS" starttime="20220315 11:55:48.615" endtime="20220315 11:55:48.620"/>
</kw>
<kw name="Go To" library="SeleniumLibrary">
<arg>url=https://www.medibuddy.in/</arg>
<doc>Navigates the current browser window to the provided ``url``.</doc>
<msg timestamp="20220315 11:55:48.640" level="INFO">Opening url 'https://www.medibuddy.in/'</msg>
<status status="PASS" starttime="20220315 11:55:48.639" endtime="20220315 11:55:50.640"/>
</kw>
<kw name="Click Element" library="SeleniumLibrary">
<arg>xpath=//button[text()='Not Now']</arg>
<doc>Click the element identified by ``locator``.</doc>
<msg timestamp="20220315 11:55:50.657" level="INFO">Clicking element 'xpath=//button[text()='Not Now']'.</msg>
<status status="PASS" starttime="20220315 11:55:50.655" endtime="20220315 11:56:00.076"/>
</kw>
<kw name="Click Element" library="SeleniumLibrary">
<arg>link=For Employer</arg>
<doc>Click the element identified by ``locator``.</doc>
<msg timestamp="20220315 11:56:00.077" level="INFO">Clicking element 'link=For Employer'.</msg>
<status status="PASS" starttime="20220315 11:56:00.077" endtime="20220315 11:56:00.468"/>
</kw>
<kw name="Switch Window" library="SeleniumLibrary">
<arg>MediBuddy LaunchPad</arg>
<doc>Switches to browser window matching ``locator``.</doc>
<status status="PASS" starttime="20220315 11:56:00.469" endtime="20220315 11:56:04.725"/>
</kw>
<kw name="Input Text" library="SeleniumLibrary">
<arg>id=getInTouchName</arg>
<arg>Anup</arg>
<doc>Types the given ``text`` into the text field identified by ``locator``.</doc>
<msg timestamp="20220315 11:56:04.746" level="INFO">Typing text 'Anup' into text field 'id=getInTouchName'.</msg>
<status status="PASS" starttime="20220315 11:56:04.745" endtime="20220315 11:56:05.022"/>
</kw>
<kw name="Input Text" library="SeleniumLibrary">
<arg>id=getInTouchEmail</arg>
<arg>anup@gmail.com</arg>
<doc>Types the given ``text`` into the text field identified by ``locator``.</doc>
<msg timestamp="20220315 11:56:05.023" level="INFO">Typing text 'anup@gmail.com' into text field 'id=getInTouchEmail'.</msg>
<status status="PASS" starttime="20220315 11:56:05.023" endtime="20220315 11:56:05.318"/>
</kw>
<kw name="Input Text" library="SeleniumLibrary">
<arg>id=getInTouchMobile</arg>
<arg>7002811066</arg>
<doc>Types the given ``text`` into the text field identified by ``locator``.</doc>
<msg timestamp="20220315 11:56:05.320" level="INFO">Typing text '7002811066' into text field 'id=getInTouchMobile'.</msg>
<status status="PASS" starttime="20220315 11:56:05.319" endtime="20220315 11:56:05.553"/>
</kw>
<kw name="Input Text" library="SeleniumLibrary">
<arg>id=getInTouchDesignation</arg>
<arg>Intern</arg>
<doc>Types the given ``text`` into the text field identified by ``locator``.</doc>
<msg timestamp="20220315 11:56:05.554" level="INFO">Typing text 'Intern' into text field 'id=getInTouchDesignation'.</msg>
<status status="PASS" starttime="20220315 11:56:05.553" endtime="20220315 11:56:05.767"/>
</kw>
<kw name="Input Text" library="SeleniumLibrary">
<arg>id=getInTouchEmpCount</arg>
<arg>56665</arg>
<doc>Types the given ``text`` into the text field identified by ``locator``.</doc>
<msg timestamp="20220315 11:56:05.768" level="INFO">Typing text '56665' into text field 'id=getInTouchEmpCount'.</msg>
<status status="PASS" starttime="20220315 11:56:05.768" endtime="20220315 11:56:06.083"/>
</kw>
<kw name="Click Button" library="SeleniumLibrary">
<arg>xpath=//input[@type='submit']</arg>
<doc>Clicks the button identified by ``locator``.</doc>
<msg timestamp="20220315 11:56:06.084" level="INFO">Clicking button 'xpath=//input[@type='submit']'.</msg>
<msg timestamp="20220315 11:56:12.827" level="WARN">Keyword 'Capture Page Screenshot' could not be run on failure: Message: no such window: target window already closed
from unknown error: web view not found
  (Session info: chrome=99.0.4844.51)
Stacktrace:
Backtrace:
	Ordinal0 [0x00709943+2595139]
	Ordinal0 [0x0069C9F1+2148849]
	Ordinal0 [0x00594528+1066280]
	Ordinal0 [0x0057C640+968256]
	Ordinal0 [0x005DE259+1368665]
	Ordinal0 [0x005EB292+1421970]
	Ordinal0 [0x005DB806+1357830]
	Ordinal0 [0x005B6086+1204358]
	Ordinal0 [0x005B6F96+1208214]
	GetHandleVerifier [0x008AB232+1658114]
	GetHandleVerifier [0x0096312C+2411516]
	GetHandleVerifier [0x0079F261+560433]
	GetHandleVerifier [0x0079E366+556598]
	Ordinal0 [0x006A286B+2173035]
	Ordinal0 [0x006A75F8+2192888]
	Ordinal0 [0x006A76E5+2193125]
	Ordinal0 [0x006B11FC+2232828]
	BaseThreadInitThunk [0x75D4FA29+25]
	RtlGetAppContainerNamedObjectPath [0x77947A7E+286]
	RtlGetAppContainerNamedObjectPath [0x77947A4E+238]
</msg>
<msg timestamp="20220315 11:56:12.865" level="FAIL">NoSuchWindowException: Message: no such window: target window already closed
from unknown error: web view not found
  (Session info: chrome=99.0.4844.51)
Stacktrace:
Backtrace:
	Ordinal0 [0x00709943+2595139]
	Ordinal0 [0x0069C9F1+2148849]
	Ordinal0 [0x00594528+1066280]
	Ordinal0 [0x0057C640+968256]
	Ordinal0 [0x005DE259+1368665]
	Ordinal0 [0x005EB292+1421970]
	Ordinal0 [0x005DB806+1357830]
	Ordinal0 [0x005B6086+1204358]
	Ordinal0 [0x005B6F96+1208214]
	GetHandleVerifier [0x008AB232+1658114]
	GetHandleVerifier [0x0096312C+2411516]
	GetHandleVerifier [0x0079F261+560433]
	GetHandleVerifier [0x0079E366+556598]
	Ordinal0 [0x006A286B+2173035]
	Ordinal0 [0x006A75F8+2192888]
	Ordinal0 [0x006A76E5+2193125]
	Ordinal0 [0x006B11FC+2232828]
	BaseThreadInitThunk [0x75D4FA29+25]
	RtlGetAppContainerNamedObjectPath [0x77947A7E+286]
	RtlGetAppContainerNamedObjectPath [0x77947A4E+238]
</msg>
<status status="FAIL" starttime="20220315 11:56:06.084" endtime="20220315 11:56:12.865"/>
</kw>
<kw name="Close Window" library="SeleniumLibrary">
<doc>Closes currently opened and selected browser window/tab.</doc>
<status status="NOT RUN" starttime="20220315 11:56:12.877" endtime="20220315 11:56:12.877"/>
</kw>
<status status="FAIL" starttime="20220315 11:55:45.652" endtime="20220315 11:56:12.878">NoSuchWindowException: Message: no such window: target window already closed
from unknown error: web view not found
  (Session info: chrome=99.0.4844.51)
Stacktrace:
Backtrace:
	Ordinal0 [0x00709943+2595139]
	Ordinal0 [0x0069C9F1+2148849]
	Ordinal0 [0x00594528+1066280]
	Ordinal0 [0x0057C640+968256]
	Ordinal0 [0x005DE259+1368665]
	Ordinal0 [0x005EB292+1421970]
	Ordinal0 [0x005DB806+1357830]
	Ordinal0 [0x005B6086+1204358]
	Ordinal0 [0x005B6F96+1208214]
	GetHandleVerifier [0x008AB232+1658114]
	GetHandleVerifier [0x0096312C+2411516]
	GetHandleVerifier [0x0079F261+560433]
	GetHandleVerifier [0x0079E366+556598]
	Ordinal0 [0x006A286B+2173035]
	Ordinal0 [0x006A75F8+2192888]
	Ordinal0 [0x006A76E5+2193125]
	Ordinal0 [0x006B11FC+2232828]
	BaseThreadInitThunk [0x75D4FA29+25]
	RtlGetAppContainerNamedObjectPath [0x77947A7E+286]
	RtlGetAppContainerNamedObjectPath [0x77947A4E+238]
</status>
</test>
<status status="FAIL" starttime="20220315 11:55:45.097" endtime="20220315 11:56:12.887"/>
</suite>
<statistics>
<total>
<stat pass="0" fail="1" skip="0">All Tests</stat>
</total>
<tag>
</tag>
<suite>
<stat pass="0" fail="1" skip="0" id="s1" name="Demo3 Meddibudy Tabs Suite">Demo3 Meddibudy Tabs Suite</stat>
</suite>
</statistics>
<errors>
<msg timestamp="20220315 11:56:12.827" level="WARN">Keyword 'Capture Page Screenshot' could not be run on failure: Message: no such window: target window already closed
from unknown error: web view not found
  (Session info: chrome=99.0.4844.51)
Stacktrace:
Backtrace:
	Ordinal0 [0x00709943+2595139]
	Ordinal0 [0x0069C9F1+2148849]
	Ordinal0 [0x00594528+1066280]
	Ordinal0 [0x0057C640+968256]
	Ordinal0 [0x005DE259+1368665]
	Ordinal0 [0x005EB292+1421970]
	Ordinal0 [0x005DB806+1357830]
	Ordinal0 [0x005B6086+1204358]
	Ordinal0 [0x005B6F96+1208214]
	GetHandleVerifier [0x008AB232+1658114]
	GetHandleVerifier [0x0096312C+2411516]
	GetHandleVerifier [0x0079F261+560433]
	GetHandleVerifier [0x0079E366+556598]
	Ordinal0 [0x006A286B+2173035]
	Ordinal0 [0x006A75F8+2192888]
	Ordinal0 [0x006A76E5+2193125]
	Ordinal0 [0x006B11FC+2232828]
	BaseThreadInitThunk [0x75D4FA29+25]
	RtlGetAppContainerNamedObjectPath [0x77947A7E+286]
	RtlGetAppContainerNamedObjectPath [0x77947A4E+238]
</msg>
</errors>
</robot>
