<?xml version="1.0" encoding="UTF-8"?>
<robot generator="Robot 4.1.3 (Python 3.10.2 on win32)" generated="20220316 10:07:27.799" rpa="false" schemaversion="2">
<suite id="s1" name="demo8 openEMR suite" source="E:\LT_Technology_Services\Robot_Session\Robot_project\selenium_suite\demo8_openEMR_suite.robot">
<test id="s1-t1" name="TC1">
<kw name="Open Browser" library="SeleniumLibrary">
<arg>browser=chrome</arg>
<arg>executable_path=${EXECDIR}${/}driver${/}chromedriver.exe</arg>
<doc>Opens a new browser instance to the optional ``url``.</doc>
<msg timestamp="20220316 10:07:28.428" level="INFO">Opening browser 'chrome' to base url 'None'.</msg>
<status status="PASS" starttime="20220316 10:07:28.427" endtime="20220316 10:07:31.093"/>
</kw>
<kw name="Maximize Browser Window" library="SeleniumLibrary">
<doc>Maximizes current browser window.</doc>
<status status="PASS" starttime="20220316 10:07:31.094" endtime="20220316 10:07:31.248"/>
</kw>
<kw name="Set Selenium Implicit Wait" library="SeleniumLibrary">
<arg>30s</arg>
<doc>Sets the implicit wait value used by Selenium.</doc>
<status status="PASS" starttime="20220316 10:07:31.249" endtime="20220316 10:07:31.259"/>
</kw>
<kw name="Go To" library="SeleniumLibrary">
<arg>url=https://demo.openemr.io/b/openemr</arg>
<doc>Navigates the current browser window to the provided ``url``.</doc>
<msg timestamp="20220316 10:07:31.261" level="INFO">Opening url 'https://demo.openemr.io/b/openemr'</msg>
<status status="PASS" starttime="20220316 10:07:31.260" endtime="20220316 10:07:34.749"/>
</kw>
<kw name="Input Text" library="SeleniumLibrary">
<arg>id=authUser</arg>
<arg>admin</arg>
<doc>Types the given ``text`` into the text field identified by ``locator``.</doc>
<msg timestamp="20220316 10:07:34.751" level="INFO">Typing text 'admin' into text field 'id=authUser'.</msg>
<status status="PASS" starttime="20220316 10:07:34.750" endtime="20220316 10:07:34.952"/>
</kw>
<kw name="Input Text" library="SeleniumLibrary">
<arg>id=clearPass</arg>
<arg>pass</arg>
<doc>Types the given ``text`` into the text field identified by ``locator``.</doc>
<msg timestamp="20220316 10:07:34.954" level="INFO">Typing text 'pass' into text field 'id=clearPass'.</msg>
<status status="PASS" starttime="20220316 10:07:34.954" endtime="20220316 10:07:35.126"/>
</kw>
<kw name="Select From List By Value" library="SeleniumLibrary">
<arg>xpath=//select[@class='form-control']</arg>
<arg>18</arg>
<doc>Selects options from selection list ``locator`` by ``values``.</doc>
<msg timestamp="20220316 10:07:35.128" level="INFO">Selecting options from selection list 'xpath=//select[@class='form-control']' by value 18.</msg>
<status status="PASS" starttime="20220316 10:07:35.127" endtime="20220316 10:07:35.283"/>
</kw>
<kw name="Click Element" library="SeleniumLibrary">
<arg>xpath=//button[@type='submit']</arg>
<doc>Click the element identified by ``locator``.</doc>
<msg timestamp="20220316 10:07:35.285" level="INFO">Clicking element 'xpath=//button[@type='submit']'.</msg>
<status status="PASS" starttime="20220316 10:07:35.284" endtime="20220316 10:07:39.373"/>
</kw>
<kw name="Click Element" library="SeleniumLibrary">
<arg>xpath=//div[contains(text(),'Messages')]</arg>
<doc>Click the element identified by ``locator``.</doc>
<msg timestamp="20220316 10:07:39.374" level="INFO">Clicking element 'xpath=//div[contains(text(),'Messages')]'.</msg>
<status status="PASS" starttime="20220316 10:07:39.374" endtime="20220316 10:07:39.518"/>
</kw>
<kw name="Select Frame" library="SeleniumLibrary">
<arg>xpath=//iframe[@name="msg"]</arg>
<doc>Sets frame identified by ``locator`` as the current frame.</doc>
<msg timestamp="20220316 10:07:39.521" level="INFO">Selecting frame 'xpath=//iframe[@name="msg"]'.</msg>
<status status="PASS" starttime="20220316 10:07:39.521" endtime="20220316 10:07:40.424"/>
</kw>
<kw name="Click Element" library="SeleniumLibrary">
<arg>Link=Add New</arg>
<doc>Click the element identified by ``locator``.</doc>
<msg timestamp="20220316 10:07:40.425" level="INFO">Clicking element 'Link=Add New'.</msg>
<status status="PASS" starttime="20220316 10:07:40.425" endtime="20220316 10:07:41.542"/>
</kw>
<kw name="Select From List By Value" library="SeleniumLibrary">
<arg>id=form_note_type</arg>
<arg>Pharmacy</arg>
<doc>Selects options from selection list ``locator`` by ``values``.</doc>
<msg timestamp="20220316 10:07:41.544" level="INFO">Selecting options from selection list 'id=form_note_type' by value Pharmacy.</msg>
<status status="PASS" starttime="20220316 10:07:41.543" endtime="20220316 10:07:41.671"/>
</kw>
<kw name="Select From List By Label" library="SeleniumLibrary">
<arg>name=form_message_status</arg>
<arg>Forwarded</arg>
<doc>Selects options from selection list ``locator`` by ``labels``.</doc>
<msg timestamp="20220316 10:07:41.673" level="INFO">Selecting options from selection list 'name=form_message_status' by label Forwarded.</msg>
<status status="PASS" starttime="20220316 10:07:41.672" endtime="20220316 10:07:41.808"/>
</kw>
<kw name="Select From List By Value" library="SeleniumLibrary">
<arg>id=users</arg>
<arg>zhportal</arg>
<doc>Selects options from selection list ``locator`` by ``values``.</doc>
<msg timestamp="20220316 10:07:41.809" level="INFO">Selecting options from selection list 'id=users' by value zhportal.</msg>
<status status="PASS" starttime="20220316 10:07:41.808" endtime="20220316 10:07:41.950"/>
</kw>
<kw name="Input Text" library="SeleniumLibrary">
<arg>id=note</arg>
<arg>Hello</arg>
<doc>Types the given ``text`` into the text field identified by ``locator``.</doc>
<msg timestamp="20220316 10:07:41.952" level="INFO">Typing text 'Hello' into text field 'id=note'.</msg>
<status status="PASS" starttime="20220316 10:07:41.952" endtime="20220316 10:07:42.124"/>
</kw>
<kw name="Click Button" library="SeleniumLibrary">
<arg>id=newnote</arg>
<doc>Clicks the button identified by ``locator``.</doc>
<msg timestamp="20220316 10:07:42.125" level="INFO">Clicking button 'id=newnote'.</msg>
<status status="PASS" starttime="20220316 10:07:42.125" endtime="20220316 10:07:42.307"/>
</kw>
<kw name="Element Text Should Be" library="SeleniumLibrary">
<arg>id=error_reply_to</arg>
<arg>Please choose a patient</arg>
<doc>Verifies that element ``locator`` contains exact the text ``expected``.</doc>
<msg timestamp="20220316 10:07:42.309" level="INFO">Verifying element 'id=error_reply_to' contains exact text 'Please choose a patient'.</msg>
<status status="PASS" starttime="20220316 10:07:42.308" endtime="20220316 10:07:42.365"/>
</kw>
<kw name="Unselect Frame" library="SeleniumLibrary">
<doc>Sets the main frame as the current frame.</doc>
<status status="PASS" starttime="20220316 10:07:42.368" endtime="20220316 10:07:42.372"/>
</kw>
<kw name="Close Browser" library="SeleniumLibrary" type="TEARDOWN">
<doc>Closes the current browser.</doc>
<status status="PASS" starttime="20220316 10:07:42.373" endtime="20220316 10:07:44.766"/>
</kw>
<status status="PASS" starttime="20220316 10:07:28.426" endtime="20220316 10:07:44.767"/>
</test>
<status status="PASS" starttime="20220316 10:07:27.804" endtime="20220316 10:07:44.770"/>
</suite>
<statistics>
<total>
<stat pass="1" fail="0" skip="0">All Tests</stat>
</total>
<tag>
</tag>
<suite>
<stat pass="1" fail="0" skip="0" id="s1" name="demo8 openEMR suite">demo8 openEMR suite</stat>
</suite>
</statistics>
<errors>
</errors>
</robot>
