<?xml version="1.0" encoding="UTF-8"?>
<robot generator="Robot 4.1.3 (Python 3.10.2 on win32)" generated="20220315 10:50:19.190" rpa="false" schemaversion="2">
<suite id="s1" name="demo2 New goto suite" source="E:\LT_Technology_Services\Robot_Session\Robot_project\selenium_suite\demo2_New_goto_suite.robot">
<test id="s1-t1" name="TC1">
<kw name="Open Browser" library="SeleniumLibrary">
<arg>url=https://www.goto.com/meeting/</arg>
<arg>browser=chrome</arg>
<arg>executable_path=${EXECDIR}${/}driver${/}chromedriver.exe</arg>
<doc>Opens a new browser instance to the optional ``url``.</doc>
<msg timestamp="20220315 10:50:19.706" level="INFO">Opening browser 'chrome' to base url 'https://www.goto.com/meeting/'.</msg>
<status status="PASS" starttime="20220315 10:50:19.705" endtime="20220315 10:50:27.669"/>
</kw>
<kw name="Maximize Browser Window" library="SeleniumLibrary">
<doc>Maximizes current browser window.</doc>
<status status="PASS" starttime="20220315 10:50:27.671" endtime="20220315 10:50:27.903"/>
</kw>
<kw name="Set Selenium Implicit Wait" library="SeleniumLibrary">
<arg>20s</arg>
<doc>Sets the implicit wait value used by Selenium.</doc>
<status status="PASS" starttime="20220315 10:50:27.904" endtime="20220315 10:50:27.908"/>
</kw>
<kw name="Click Element" library="SeleniumLibrary">
<arg>id=truste-consent-button</arg>
<doc>Click the element identified by ``locator``.</doc>
<msg timestamp="20220315 10:50:27.910" level="INFO">Clicking element 'id=truste-consent-button'.</msg>
<status status="PASS" starttime="20220315 10:50:27.909" endtime="20220315 10:50:28.165"/>
</kw>
<kw name="Click Element" library="SeleniumLibrary">
<arg>link=Get a Demo</arg>
<doc>Click the element identified by ``locator``.</doc>
<msg timestamp="20220315 10:50:28.228" level="INFO">Clicking element 'link=Get a Demo'.</msg>
<status status="PASS" starttime="20220315 10:50:28.227" endtime="20220315 10:50:32.701"/>
</kw>
<kw name="Input Text" library="SeleniumLibrary">
<arg>xpath=//input[@data-sc-field-name='firstName']</arg>
<arg>Anup</arg>
<doc>Types the given ``text`` into the text field identified by ``locator``.</doc>
<msg timestamp="20220315 10:50:32.704" level="INFO">Typing text 'Anup' into text field 'xpath=//input[@data-sc-field-name='firstName']'.</msg>
<status status="PASS" starttime="20220315 10:50:32.703" endtime="20220315 10:50:33.361"/>
</kw>
<kw name="Input Text" library="SeleniumLibrary">
<arg>xpath=//input[@data-sc-field-name='lastName']</arg>
<arg>Basumatary</arg>
<doc>Types the given ``text`` into the text field identified by ``locator``.</doc>
<msg timestamp="20220315 10:50:33.363" level="INFO">Typing text 'Basumatary' into text field 'xpath=//input[@data-sc-field-name='lastName']'.</msg>
<status status="PASS" starttime="20220315 10:50:33.362" endtime="20220315 10:50:33.720"/>
</kw>
<kw name="Input Text" library="SeleniumLibrary">
<arg>xpath=//input[@data-sc-field-name='email']</arg>
<arg>anupbasu7@gmail.com</arg>
<doc>Types the given ``text`` into the text field identified by ``locator``.</doc>
<msg timestamp="20220315 10:50:33.721" level="INFO">Typing text 'anupbasu7@gmail.com' into text field 'xpath=//input[@data-sc-field-name='email']'.</msg>
<status status="PASS" starttime="20220315 10:50:33.720" endtime="20220315 10:50:34.036"/>
</kw>
<kw name="Select From List By Label" library="SeleniumLibrary">
<arg>//select[@data-sc-field-name='employees']</arg>
<arg>10 - 99</arg>
<doc>Selects options from selection list ``locator`` by ``labels``.</doc>
<msg timestamp="20220315 10:50:34.039" level="INFO">Selecting options from selection list '//select[@data-sc-field-name='employees']' by label 10 - 99.</msg>
<status status="PASS" starttime="20220315 10:50:34.038" endtime="20220315 10:50:34.277"/>
</kw>
<kw name="Click Element" library="SeleniumLibrary">
<arg>xpath=//input[@type='submit']</arg>
<doc>Click the element identified by ``locator``.</doc>
<msg timestamp="20220315 10:50:34.281" level="INFO">Clicking element 'xpath=//input[@type='submit']'.</msg>
<status status="PASS" starttime="20220315 10:50:34.279" endtime="20220315 10:50:34.688"/>
</kw>
<kw name="Close Browser" library="SeleniumLibrary" type="TEARDOWN">
<doc>Closes the current browser.</doc>
<status status="PASS" starttime="20220315 10:50:34.694" endtime="20220315 10:50:37.303"/>
</kw>
<status status="PASS" starttime="20220315 10:50:19.702" endtime="20220315 10:50:37.304"/>
</test>
<status status="PASS" starttime="20220315 10:50:19.194" endtime="20220315 10:50:37.311"/>
</suite>
<statistics>
<total>
<stat pass="1" fail="0" skip="0">All Tests</stat>
</total>
<tag>
</tag>
<suite>
<stat pass="1" fail="0" skip="0" id="s1" name="demo2 New goto suite">demo2 New goto suite</stat>
</suite>
</statistics>
<errors>
</errors>
</robot>
