<?xml version="1.0" encoding="UTF-8"?>
<robot generator="Robot 4.1.3 (Python 3.10.2 on win32)" generated="20220315 12:06:38.027" rpa="false" schemaversion="2">
<suite id="s1" name="Demo3 Meddibudy Tabs Suite" source="E:\LT_Technology_Services\Robot_Session\Robot_project\selenium_suite\demo3_meddibudy_tabs_suite.robot">
<test id="s1-t1" name="TC1">
<kw name="Open Browser" library="SeleniumLibrary">
<arg>browser=chrome</arg>
<arg>executable_path=${EXECDIR}${/}driver${/}chromedriver.exe</arg>
<doc>Opens a new browser instance to the optional ``url``.</doc>
<msg timestamp="20220315 12:06:38.529" level="INFO">Opening browser 'chrome' to base url 'None'.</msg>
<status status="PASS" starttime="20220315 12:06:38.528" endtime="20220315 12:06:41.495"/>
</kw>
<kw name="Maximize Browser Window" library="SeleniumLibrary">
<doc>Maximizes current browser window.</doc>
<status status="PASS" starttime="20220315 12:06:41.500" endtime="20220315 12:06:41.669"/>
</kw>
<kw name="Set Selenium Implicit Wait" library="SeleniumLibrary">
<arg>30s</arg>
<doc>Sets the implicit wait value used by Selenium.</doc>
<status status="PASS" starttime="20220315 12:06:41.670" endtime="20220315 12:06:41.672"/>
</kw>
<kw name="Go To" library="SeleniumLibrary">
<arg>url=https://www.medibuddy.in/</arg>
<doc>Navigates the current browser window to the provided ``url``.</doc>
<msg timestamp="20220315 12:06:41.674" level="INFO">Opening url 'https://www.medibuddy.in/'</msg>
<status status="PASS" starttime="20220315 12:06:41.673" endtime="20220315 12:06:43.055"/>
</kw>
<kw name="Click Element" library="SeleniumLibrary">
<arg>xpath=//button[text()='Not Now']</arg>
<doc>Click the element identified by ``locator``.</doc>
<msg timestamp="20220315 12:06:43.058" level="INFO">Clicking element 'xpath=//button[text()='Not Now']'.</msg>
<status status="PASS" starttime="20220315 12:06:43.057" endtime="20220315 12:06:52.805"/>
</kw>
<kw name="Click Element" library="SeleniumLibrary">
<arg>link=For Employer</arg>
<doc>Click the element identified by ``locator``.</doc>
<msg timestamp="20220315 12:06:52.806" level="INFO">Clicking element 'link=For Employer'.</msg>
<status status="PASS" starttime="20220315 12:06:52.805" endtime="20220315 12:06:53.015"/>
</kw>
<kw name="Switch Window" library="SeleniumLibrary">
<arg>MediBuddy LaunchPad</arg>
<doc>Switches to browser window matching ``locator``.</doc>
<status status="PASS" starttime="20220315 12:06:53.016" endtime="20220315 12:06:55.908"/>
</kw>
<kw name="Input Text" library="SeleniumLibrary">
<arg>id=getInTouchName</arg>
<arg>Anup</arg>
<doc>Types the given ``text`` into the text field identified by ``locator``.</doc>
<msg timestamp="20220315 12:06:55.913" level="INFO">Typing text 'Anup' into text field 'id=getInTouchName'.</msg>
<status status="PASS" starttime="20220315 12:06:55.912" endtime="20220315 12:06:56.169"/>
</kw>
<kw name="Input Text" library="SeleniumLibrary">
<arg>id=getInTouchEmail</arg>
<arg>anup@gmail.com</arg>
<doc>Types the given ``text`` into the text field identified by ``locator``.</doc>
<msg timestamp="20220315 12:06:56.172" level="INFO">Typing text 'anup@gmail.com' into text field 'id=getInTouchEmail'.</msg>
<status status="PASS" starttime="20220315 12:06:56.171" endtime="20220315 12:06:56.407"/>
</kw>
<kw name="Input Text" library="SeleniumLibrary">
<arg>id=getInTouchMobile</arg>
<arg>7002811066</arg>
<doc>Types the given ``text`` into the text field identified by ``locator``.</doc>
<msg timestamp="20220315 12:06:56.409" level="INFO">Typing text '7002811066' into text field 'id=getInTouchMobile'.</msg>
<status status="PASS" starttime="20220315 12:06:56.408" endtime="20220315 12:06:56.595"/>
</kw>
<kw name="Input Text" library="SeleniumLibrary">
<arg>id=getInTouchDesignation</arg>
<arg>Intern</arg>
<doc>Types the given ``text`` into the text field identified by ``locator``.</doc>
<msg timestamp="20220315 12:06:56.596" level="INFO">Typing text 'Intern' into text field 'id=getInTouchDesignation'.</msg>
<status status="PASS" starttime="20220315 12:06:56.596" endtime="20220315 12:06:56.757"/>
</kw>
<kw name="Input Text" library="SeleniumLibrary">
<arg>id=getInTouchEmpCount</arg>
<arg>100</arg>
<doc>Types the given ``text`` into the text field identified by ``locator``.</doc>
<msg timestamp="20220315 12:06:56.759" level="INFO">Typing text '100' into text field 'id=getInTouchEmpCount'.</msg>
<status status="PASS" starttime="20220315 12:06:56.758" endtime="20220315 12:06:56.930"/>
</kw>
<kw name="Click Button" library="SeleniumLibrary">
<arg>xpath=//button[text()='Get in Touch']</arg>
<doc>Clicks the button identified by ``locator``.</doc>
<msg timestamp="20220315 12:06:56.932" level="INFO">Clicking button 'xpath=//button[text()='Get in Touch']'.</msg>
<status status="PASS" starttime="20220315 12:06:56.931" endtime="20220315 12:06:57.061"/>
</kw>
<kw name="Close Window" library="SeleniumLibrary">
<doc>Closes currently opened and selected browser window/tab.</doc>
<status status="PASS" starttime="20220315 12:06:57.062" endtime="20220315 12:06:57.147"/>
</kw>
<status status="PASS" starttime="20220315 12:06:38.526" endtime="20220315 12:06:57.148"/>
</test>
<status status="PASS" starttime="20220315 12:06:38.030" endtime="20220315 12:06:57.151"/>
</suite>
<statistics>
<total>
<stat pass="1" fail="0" skip="0">All Tests</stat>
</total>
<tag>
</tag>
<suite>
<stat pass="1" fail="0" skip="0" id="s1" name="Demo3 Meddibudy Tabs Suite">Demo3 Meddibudy Tabs Suite</stat>
</suite>
</statistics>
<errors>
</errors>
</robot>
