<?xml version="1.0" encoding="UTF-8"?>
<robot generator="Robot 4.1.3 (Python 3.10.2 on win32)" generated="20220315 15:18:07.189" rpa="false" schemaversion="2">
<suite id="s1" name="Demo5 Frame Suite" source="E:\LT_Technology_Services\Robot_Session\Robot_project\selenium_suite\demo5_frame_suite.robot">
<test id="s1-t1" name="TC1">
<kw name="Open Browser" library="SeleniumLibrary">
<arg>browser=chrome</arg>
<arg>executable_path=${EXECDIR}${/}driver${/}chromedriver.exe</arg>
<doc>Opens a new browser instance to the optional ``url``.</doc>
<msg timestamp="20220315 15:18:08.018" level="INFO">Opening browser 'chrome' to base url 'None'.</msg>
<status status="PASS" starttime="20220315 15:18:08.018" endtime="20220315 15:18:12.896"/>
</kw>
<kw name="Maximize Browser Window" library="SeleniumLibrary">
<doc>Maximizes current browser window.</doc>
<status status="PASS" starttime="20220315 15:18:12.898" endtime="20220315 15:18:13.071"/>
</kw>
<kw name="Set Selenium Implicit Wait" library="SeleniumLibrary">
<arg>20s</arg>
<doc>Sets the implicit wait value used by Selenium.</doc>
<status status="PASS" starttime="20220315 15:18:13.073" endtime="20220315 15:18:13.078"/>
</kw>
<kw name="Go To" library="SeleniumLibrary">
<arg>url=https://netbanking.hdfcbank.com/netbanking/</arg>
<doc>Navigates the current browser window to the provided ``url``.</doc>
<msg timestamp="20220315 15:18:13.079" level="INFO">Opening url 'https://netbanking.hdfcbank.com/netbanking/'</msg>
<status status="PASS" starttime="20220315 15:18:13.079" endtime="20220315 15:18:14.895"/>
</kw>
<kw name="Select Frame" library="SeleniumLibrary">
<arg>xpath=//frame[@name='login_page']</arg>
<doc>Sets frame identified by ``locator`` as the current frame.</doc>
<msg timestamp="20220315 15:18:14.898" level="INFO">Selecting frame 'xpath=//frame[@name='login_page']'.</msg>
<status status="PASS" starttime="20220315 15:18:14.897" endtime="20220315 15:18:14.973"/>
</kw>
<kw name="Input Text" library="SeleniumLibrary">
<arg>name=fldLoginUserId</arg>
<arg>test123</arg>
<doc>Types the given ``text`` into the text field identified by ``locator``.</doc>
<msg timestamp="20220315 15:18:14.975" level="INFO">Typing text 'test123' into text field 'name=fldLoginUserId'.</msg>
<status status="PASS" starttime="20220315 15:18:14.974" endtime="20220315 15:18:15.147"/>
</kw>
<kw name="Click Element" library="SeleniumLibrary">
<arg>link=CONTINUE</arg>
<doc>Click the element identified by ``locator``.</doc>
<msg timestamp="20220315 15:18:15.148" level="INFO">Clicking element 'link=CONTINUE'.</msg>
<status status="PASS" starttime="20220315 15:18:15.147" endtime="20220315 15:18:16.231"/>
</kw>
<kw name="Unselect Frame" library="SeleniumLibrary">
<doc>Sets the main frame as the current frame.</doc>
<status status="PASS" starttime="20220315 15:18:16.232" endtime="20220315 15:18:16.237"/>
</kw>
<kw name="Close Browser" library="SeleniumLibrary" type="TEARDOWN">
<doc>Closes the current browser.</doc>
<status status="PASS" starttime="20220315 15:18:16.238" endtime="20220315 15:18:18.585"/>
</kw>
<status status="PASS" starttime="20220315 15:18:08.016" endtime="20220315 15:18:18.587"/>
</test>
<status status="PASS" starttime="20220315 15:18:07.193" endtime="20220315 15:18:18.592"/>
</suite>
<statistics>
<total>
<stat pass="1" fail="0" skip="0">All Tests</stat>
</total>
<tag>
</tag>
<suite>
<stat pass="1" fail="0" skip="0" id="s1" name="Demo5 Frame Suite">Demo5 Frame Suite</stat>
</suite>
</statistics>
<errors>
</errors>
</robot>
