<?xml version="1.0" encoding="UTF-8"?>
<robot generator="Robot 4.1.3 (Python 3.10.2 on win32)" generated="20220316 10:20:01.428" rpa="false" schemaversion="2">
<suite id="s1" name="Demo9 Alert Suite" source="E:\LT_Technology_Services\Robot_Session\Robot_project\selenium_suite\demo9_alert_suite.robot">
<test id="s1-t1" name="TC1">
<kw name="Open Browser" library="SeleniumLibrary">
<arg>browser=chrome</arg>
<arg>executable_path=${EXECDIR}${/}driver${/}chromedriver.exe</arg>
<doc>Opens a new browser instance to the optional ``url``.</doc>
<msg timestamp="20220316 10:20:02.045" level="INFO">Opening browser 'chrome' to base url 'None'.</msg>
<status status="PASS" starttime="20220316 10:20:02.044" endtime="20220316 10:20:04.131"/>
</kw>
<kw name="Maximize Browser Window" library="SeleniumLibrary">
<doc>Maximizes current browser window.</doc>
<status status="PASS" starttime="20220316 10:20:04.134" endtime="20220316 10:20:04.298"/>
</kw>
<kw name="Set Selenium Implicit Wait" library="SeleniumLibrary">
<arg>20s</arg>
<doc>Sets the implicit wait value used by Selenium.</doc>
<status status="PASS" starttime="20220316 10:20:04.301" endtime="20220316 10:20:04.319"/>
</kw>
<kw name="Go To" library="SeleniumLibrary">
<arg>url=https://netbanking.hdfcbank.com/netbanking/IpinResetUsingOTP.htm</arg>
<doc>Navigates the current browser window to the provided ``url``.</doc>
<msg timestamp="20220316 10:20:04.329" level="INFO">Opening url 'https://netbanking.hdfcbank.com/netbanking/IpinResetUsingOTP.htm'</msg>
<status status="PASS" starttime="20220316 10:20:04.329" endtime="20220316 10:20:05.354"/>
</kw>
<kw name="Click Element" library="SeleniumLibrary">
<arg>xpath=//img[@alt='Go']</arg>
<doc>Click the element identified by ``locator``.</doc>
<msg timestamp="20220316 10:20:05.370" level="INFO">Clicking element 'xpath=//img[@alt='Go']'.</msg>
<status status="PASS" starttime="20220316 10:20:05.369" endtime="20220316 10:20:05.509"/>
</kw>
<kw name="Handle Alert" library="SeleniumLibrary">
<var>${alert_text}</var>
<arg>action=ACCEPT</arg>
<arg>timeout=50s</arg>
<doc>Handles the current alert and returns its message.</doc>
<msg timestamp="20220316 10:20:05.512" level="INFO">HANDLE::&lt;class 'datetime.timedelta'&gt;::0:00:50</msg>
<msg timestamp="20220316 10:20:05.523" level="INFO">${alert_text} = Customer ID  cannot be left blank.</msg>
<status status="PASS" starttime="20220316 10:20:05.511" endtime="20220316 10:20:05.524"/>
</kw>
<kw name="Log To Console" library="BuiltIn">
<arg>${alert_text}</arg>
<doc>Logs the given message to the console.</doc>
<status status="PASS" starttime="20220316 10:20:05.529" endtime="20220316 10:20:05.532"/>
</kw>
<kw name="Close Browser" library="SeleniumLibrary" type="TEARDOWN">
<doc>Closes the current browser.</doc>
<status status="PASS" starttime="20220316 10:20:05.533" endtime="20220316 10:20:08.146"/>
</kw>
<status status="PASS" starttime="20220316 10:20:02.042" endtime="20220316 10:20:08.147"/>
</test>
<test id="s1-t2" name="TC2">
<kw name="Open Browser" library="SeleniumLibrary">
<arg>browser=chrome</arg>
<arg>executable_path=${EXECDIR}${/}driver${/}chromedriver.exe</arg>
<doc>Opens a new browser instance to the optional ``url``.</doc>
<msg timestamp="20220316 10:20:08.153" level="INFO">Opening browser 'chrome' to base url 'None'.</msg>
<status status="PASS" starttime="20220316 10:20:08.151" endtime="20220316 10:20:10.228"/>
</kw>
<kw name="Maximize Browser Window" library="SeleniumLibrary">
<doc>Maximizes current browser window.</doc>
<status status="PASS" starttime="20220316 10:20:10.230" endtime="20220316 10:20:10.378"/>
</kw>
<kw name="Set Selenium Implicit Wait" library="SeleniumLibrary">
<arg>20s</arg>
<doc>Sets the implicit wait value used by Selenium.</doc>
<status status="PASS" starttime="20220316 10:20:10.379" endtime="20220316 10:20:10.382"/>
</kw>
<kw name="Go To" library="SeleniumLibrary">
<arg>url=https://nasscom.in/nasscom-membership</arg>
<doc>Navigates the current browser window to the provided ``url``.</doc>
<msg timestamp="20220316 10:20:10.383" level="INFO">Opening url 'https://nasscom.in/nasscom-membership'</msg>
<status status="PASS" starttime="20220316 10:20:10.383" endtime="20220316 10:20:13.745"/>
</kw>
<kw name="Click Element" library="SeleniumLibrary">
<arg>xpath=//a[@id='edit-submitted-contact-person-for-nasscom-email-id-cp']</arg>
<doc>Click the element identified by ``locator``.</doc>
<msg timestamp="20220316 10:20:13.747" level="INFO">Clicking element 'xpath=//a[@id='edit-submitted-contact-person-for-nasscom-email-id-cp']'.</msg>
<status status="PASS" starttime="20220316 10:20:13.746" endtime="20220316 10:20:13.863"/>
</kw>
<kw name="Handle Alert" library="SeleniumLibrary">
<var>${alert}</var>
<arg>action=ACCEPT</arg>
<arg>timeout=20s</arg>
<doc>Handles the current alert and returns its message.</doc>
<msg timestamp="20220316 10:20:13.871" level="INFO">HANDLE::&lt;class 'datetime.timedelta'&gt;::0:00:20</msg>
<msg timestamp="20220316 10:20:13.888" level="INFO">${alert} = Please enter amount in digit and greater than zero.</msg>
<status status="PASS" starttime="20220316 10:20:13.870" endtime="20220316 10:20:13.889"/>
</kw>
<kw name="Log To Console" library="BuiltIn">
<arg>${alert}</arg>
<doc>Logs the given message to the console.</doc>
<status status="PASS" starttime="20220316 10:20:13.893" endtime="20220316 10:20:13.895"/>
</kw>
<kw name="Close Browser" library="SeleniumLibrary" type="TEARDOWN">
<doc>Closes the current browser.</doc>
<status status="PASS" starttime="20220316 10:20:13.927" endtime="20220316 10:20:16.291"/>
</kw>
<status status="PASS" starttime="20220316 10:20:08.149" endtime="20220316 10:20:16.292"/>
</test>
<status status="PASS" starttime="20220316 10:20:01.433" endtime="20220316 10:20:16.295"/>
</suite>
<statistics>
<total>
<stat pass="2" fail="0" skip="0">All Tests</stat>
</total>
<tag>
</tag>
<suite>
<stat pass="2" fail="0" skip="0" id="s1" name="Demo9 Alert Suite">Demo9 Alert Suite</stat>
</suite>
</statistics>
<errors>
</errors>
</robot>
