<?xml version="1.0" encoding="UTF-8"?>
<robot generator="Robot 4.1.3 (Python 3.10.2 on win32)" generated="20220315 14:41:03.187" rpa="false" schemaversion="2">
<suite id="s1" name="Demo5 Frame Suite" source="E:\LT_Technology_Services\Robot_Session\Robot_project\selenium_suite\demo5_frame_suite.robot">
<test id="s1-t1" name="TC1">
<kw name="Open Browser" library="SeleniumLibrary">
<arg>browser=chrome</arg>
<arg>executable_path=${EXECDIR}${/}driver${/}chromedriver.exe</arg>
<doc>Opens a new browser instance to the optional ``url``.</doc>
<msg timestamp="20220315 14:41:03.734" level="INFO">Opening browser 'chrome' to base url 'None'.</msg>
<status status="PASS" starttime="20220315 14:41:03.733" endtime="20220315 14:41:06.266"/>
</kw>
<kw name="Maximize Browser Window" library="SeleniumLibrary">
<doc>Maximizes current browser window.</doc>
<status status="PASS" starttime="20220315 14:41:06.267" endtime="20220315 14:41:06.422"/>
</kw>
<kw name="Set Selenium Implicit Wait" library="SeleniumLibrary">
<arg>30s</arg>
<doc>Sets the implicit wait value used by Selenium.</doc>
<status status="PASS" starttime="20220315 14:41:06.423" endtime="20220315 14:41:06.426"/>
</kw>
<kw name="Go To" library="SeleniumLibrary">
<arg>url=https://netbanking.hdfcbank.com/netbanking/</arg>
<doc>Navigates the current browser window to the provided ``url``.</doc>
<msg timestamp="20220315 14:41:06.427" level="INFO">Opening url 'https://netbanking.hdfcbank.com/netbanking/'</msg>
<status status="PASS" starttime="20220315 14:41:06.427" endtime="20220315 14:41:08.014"/>
</kw>
<kw name="Input Text" library="SeleniumLibrary">
<arg>xpath=//input[@type='text']</arg>
<arg>test123</arg>
<doc>Types the given ``text`` into the text field identified by ``locator``.</doc>
<msg timestamp="20220315 14:41:08.017" level="INFO">Typing text 'test123' into text field 'xpath=//input[@type='text']'.</msg>
<msg timestamp="20220315 14:41:28.444" level="WARN">Keyword 'Capture Page Screenshot' could not be run on failure: Message: no such window: target window already closed
from unknown error: web view not found
  (Session info: chrome=99.0.4844.51)
Stacktrace:
Backtrace:
	Ordinal0 [0x00709943+2595139]
	Ordinal0 [0x0069C9F1+2148849]
	Ordinal0 [0x00594528+1066280]
	Ordinal0 [0x0057C640+968256]
	Ordinal0 [0x005DE259+1368665]
	Ordinal0 [0x005EB292+1421970]
	Ordinal0 [0x005DB806+1357830]
	Ordinal0 [0x005B6086+1204358]
	Ordinal0 [0x005B6F96+1208214]
	GetHandleVerifier [0x008AB232+1658114]
	GetHandleVerifier [0x0096312C+2411516]
	GetHandleVerifier [0x0079F261+560433]
	GetHandleVerifier [0x0079E366+556598]
	Ordinal0 [0x006A286B+2173035]
	Ordinal0 [0x006A75F8+2192888]
	Ordinal0 [0x006A76E5+2193125]
	Ordinal0 [0x006B11FC+2232828]
	BaseThreadInitThunk [0x75D4FA29+25]
	RtlGetAppContainerNamedObjectPath [0x77947A7E+286]
	RtlGetAppContainerNamedObjectPath [0x77947A4E+238]
</msg>
<msg timestamp="20220315 14:41:28.480" level="FAIL">Element with locator 'xpath=//input[@type='text']' not found.</msg>
<status status="FAIL" starttime="20220315 14:41:08.016" endtime="20220315 14:41:28.480"/>
</kw>
<kw name="Click Element" library="SeleniumLibrary">
<arg>link=CONTINUE</arg>
<doc>Click the element identified by ``locator``.</doc>
<status status="NOT RUN" starttime="20220315 14:41:28.490" endtime="20220315 14:41:28.491"/>
</kw>
<status status="FAIL" starttime="20220315 14:41:03.732" endtime="20220315 14:41:28.500">Element with locator 'xpath=//input[@type='text']' not found.</status>
</test>
<status status="FAIL" starttime="20220315 14:41:03.190" endtime="20220315 14:41:28.522"/>
</suite>
<statistics>
<total>
<stat pass="0" fail="1" skip="0">All Tests</stat>
</total>
<tag>
</tag>
<suite>
<stat pass="0" fail="1" skip="0" id="s1" name="Demo5 Frame Suite">Demo5 Frame Suite</stat>
</suite>
</statistics>
<errors>
<msg timestamp="20220315 14:41:28.444" level="WARN">Keyword 'Capture Page Screenshot' could not be run on failure: Message: no such window: target window already closed
from unknown error: web view not found
  (Session info: chrome=99.0.4844.51)
Stacktrace:
Backtrace:
	Ordinal0 [0x00709943+2595139]
	Ordinal0 [0x0069C9F1+2148849]
	Ordinal0 [0x00594528+1066280]
	Ordinal0 [0x0057C640+968256]
	Ordinal0 [0x005DE259+1368665]
	Ordinal0 [0x005EB292+1421970]
	Ordinal0 [0x005DB806+1357830]
	Ordinal0 [0x005B6086+1204358]
	Ordinal0 [0x005B6F96+1208214]
	GetHandleVerifier [0x008AB232+1658114]
	GetHandleVerifier [0x0096312C+2411516]
	GetHandleVerifier [0x0079F261+560433]
	GetHandleVerifier [0x0079E366+556598]
	Ordinal0 [0x006A286B+2173035]
	Ordinal0 [0x006A75F8+2192888]
	Ordinal0 [0x006A76E5+2193125]
	Ordinal0 [0x006B11FC+2232828]
	BaseThreadInitThunk [0x75D4FA29+25]
	RtlGetAppContainerNamedObjectPath [0x77947A7E+286]
	RtlGetAppContainerNamedObjectPath [0x77947A4E+238]
</msg>
</errors>
</robot>
