<?xml version="1.0" encoding="UTF-8"?>
<robot generator="Robot 4.1.3 (Python 3.10.2 on win32)" generated="20220316 10:42:41.075" rpa="false" schemaversion="2">
<suite id="s1" name="Demo9 Alert Suite" source="E:\LT_Technology_Services\Robot_Session\Robot_project\selenium_suite\demo9_alert_suite.robot">
<test id="s1-t1" name="TC1">
<kw name="Open Browser" library="SeleniumLibrary">
<arg>browser=chrome</arg>
<arg>executable_path=${EXECDIR}${/}driver${/}chromedriver.exe</arg>
<doc>Opens a new browser instance to the optional ``url``.</doc>
<msg timestamp="20220316 10:42:41.710" level="INFO">Opening browser 'chrome' to base url 'None'.</msg>
<status status="PASS" starttime="20220316 10:42:41.709" endtime="20220316 10:42:43.868"/>
</kw>
<kw name="Maximize Browser Window" library="SeleniumLibrary">
<doc>Maximizes current browser window.</doc>
<status status="PASS" starttime="20220316 10:42:43.875" endtime="20220316 10:42:44.009"/>
</kw>
<kw name="Set Selenium Implicit Wait" library="SeleniumLibrary">
<arg>20s</arg>
<doc>Sets the implicit wait value used by Selenium.</doc>
<status status="PASS" starttime="20220316 10:42:44.009" endtime="20220316 10:42:44.012"/>
</kw>
<kw name="Go To" library="SeleniumLibrary">
<arg>url=https://netbanking.hdfcbank.com/netbanking/IpinResetUsingOTP.htm</arg>
<doc>Navigates the current browser window to the provided ``url``.</doc>
<msg timestamp="20220316 10:42:44.014" level="INFO">Opening url 'https://netbanking.hdfcbank.com/netbanking/IpinResetUsingOTP.htm'</msg>
<status status="PASS" starttime="20220316 10:42:44.013" endtime="20220316 10:42:44.759"/>
</kw>
<kw name="Click Element" library="SeleniumLibrary">
<arg>xpath=//img[@alt='Go']</arg>
<doc>Click the element identified by ``locator``.</doc>
<msg timestamp="20220316 10:42:44.780" level="INFO">Clicking element 'xpath=//img[@alt='Go']'.</msg>
<status status="PASS" starttime="20220316 10:42:44.779" endtime="20220316 10:42:44.940"/>
</kw>
<kw name="Handle Alert" library="SeleniumLibrary">
<var>${alert_text}</var>
<arg>action=ACCEPT</arg>
<arg>timeout=50s</arg>
<doc>Handles the current alert and returns its message.</doc>
<msg timestamp="20220316 10:42:44.943" level="INFO">HANDLE::&lt;class 'datetime.timedelta'&gt;::0:00:50</msg>
<msg timestamp="20220316 10:42:44.954" level="INFO">${alert_text} = Customer ID  cannot be left blank.</msg>
<status status="PASS" starttime="20220316 10:42:44.942" endtime="20220316 10:42:44.955"/>
</kw>
<kw name="Log To Console" library="BuiltIn">
<arg>${alert_text}</arg>
<doc>Logs the given message to the console.</doc>
<status status="PASS" starttime="20220316 10:42:44.956" endtime="20220316 10:42:44.957"/>
</kw>
<kw name="Close Browser" library="SeleniumLibrary" type="TEARDOWN">
<doc>Closes the current browser.</doc>
<status status="PASS" starttime="20220316 10:42:44.958" endtime="20220316 10:42:47.493"/>
</kw>
<status status="PASS" starttime="20220316 10:42:41.708" endtime="20220316 10:42:47.494"/>
</test>
<test id="s1-t2" name="TC2">
<kw name="Open Browser" library="SeleniumLibrary">
<arg>browser=chrome</arg>
<arg>executable_path=${EXECDIR}${/}driver${/}chromedriver.exe</arg>
<doc>Opens a new browser instance to the optional ``url``.</doc>
<msg timestamp="20220316 10:42:47.498" level="INFO">Opening browser 'chrome' to base url 'None'.</msg>
<status status="PASS" starttime="20220316 10:42:47.497" endtime="20220316 10:42:49.540"/>
</kw>
<kw name="Maximize Browser Window" library="SeleniumLibrary">
<doc>Maximizes current browser window.</doc>
<status status="PASS" starttime="20220316 10:42:49.547" endtime="20220316 10:42:49.686"/>
</kw>
<kw name="Set Selenium Implicit Wait" library="SeleniumLibrary">
<arg>20s</arg>
<doc>Sets the implicit wait value used by Selenium.</doc>
<status status="PASS" starttime="20220316 10:42:49.687" endtime="20220316 10:42:49.690"/>
</kw>
<kw name="Go To" library="SeleniumLibrary">
<arg>url=https://nasscom.in/nasscom-membership</arg>
<doc>Navigates the current browser window to the provided ``url``.</doc>
<msg timestamp="20220316 10:42:49.691" level="INFO">Opening url 'https://nasscom.in/nasscom-membership'</msg>
<status status="PASS" starttime="20220316 10:42:49.691" endtime="20220316 10:42:53.145"/>
</kw>
<kw name="Click Element" library="SeleniumLibrary">
<arg>xpath=//a[@id='edit-submitted-contact-person-for-nasscom-email-id-cp']</arg>
<doc>Click the element identified by ``locator``.</doc>
<msg timestamp="20220316 10:42:53.146" level="INFO">Clicking element 'xpath=//a[@id='edit-submitted-contact-person-for-nasscom-email-id-cp']'.</msg>
<status status="PASS" starttime="20220316 10:42:53.146" endtime="20220316 10:42:53.278"/>
</kw>
<kw name="Handle Alert" library="SeleniumLibrary">
<var>${alert}</var>
<arg>action=ACCEPT</arg>
<arg>timeout=20s</arg>
<doc>Handles the current alert and returns its message.</doc>
<msg timestamp="20220316 10:42:53.281" level="INFO">HANDLE::&lt;class 'datetime.timedelta'&gt;::0:00:20</msg>
<msg timestamp="20220316 10:42:53.293" level="INFO">${alert} = Please enter amount in digit and greater than zero.</msg>
<status status="PASS" starttime="20220316 10:42:53.280" endtime="20220316 10:42:53.294"/>
</kw>
<kw name="Log To Console" library="BuiltIn">
<arg>${alert}</arg>
<doc>Logs the given message to the console.</doc>
<status status="PASS" starttime="20220316 10:42:53.294" endtime="20220316 10:42:53.297"/>
</kw>
<kw name="Should Be Equal" library="BuiltIn">
<arg>${alert}</arg>
<arg>Please enter amount in digit and greater than zero.</arg>
<doc>Fails if the given objects are unequal.</doc>
<status status="PASS" starttime="20220316 10:42:53.298" endtime="20220316 10:42:53.299"/>
</kw>
<kw name="Close Browser" library="SeleniumLibrary" type="TEARDOWN">
<doc>Closes the current browser.</doc>
<status status="PASS" starttime="20220316 10:42:53.301" endtime="20220316 10:42:55.751"/>
</kw>
<status status="PASS" starttime="20220316 10:42:47.496" endtime="20220316 10:42:55.752"/>
</test>
<status status="PASS" starttime="20220316 10:42:41.080" endtime="20220316 10:42:55.755"/>
</suite>
<statistics>
<total>
<stat pass="2" fail="0" skip="0">All Tests</stat>
</total>
<tag>
</tag>
<suite>
<stat pass="2" fail="0" skip="0" id="s1" name="Demo9 Alert Suite">Demo9 Alert Suite</stat>
</suite>
</statistics>
<errors>
</errors>
</robot>
