<?xml version="1.0" encoding="UTF-8"?>
<robot generator="Robot 4.1.3 (Python 3.10.2 on win32)" generated="20220315 15:56:26.508" rpa="false" schemaversion="2">
<suite id="s1" name="Demo6 Redbus Suite" source="E:\LT_Technology_Services\Robot_Session\Robot_project\selenium_suite\demo6_redbus_suite.robot">
<test id="s1-t1" name="TC1">
<kw name="Open Browser" library="SeleniumLibrary">
<arg>browser=chrome</arg>
<arg>executable_path=${EXECDIR}${/}driver${/}chromedriver.exe</arg>
<doc>Opens a new browser instance to the optional ``url``.</doc>
<msg timestamp="20220315 15:56:27.025" level="INFO">Opening browser 'chrome' to base url 'None'.</msg>
<status status="PASS" starttime="20220315 15:56:27.024" endtime="20220315 15:56:28.598"/>
</kw>
<kw name="Maximize Browser Window" library="SeleniumLibrary">
<doc>Maximizes current browser window.</doc>
<status status="PASS" starttime="20220315 15:56:28.600" endtime="20220315 15:56:28.769"/>
</kw>
<kw name="Set Selenium Implicit Wait" library="SeleniumLibrary">
<arg>20s</arg>
<doc>Sets the implicit wait value used by Selenium.</doc>
<status status="PASS" starttime="20220315 15:56:28.769" endtime="20220315 15:56:28.772"/>
</kw>
<kw name="Go To" library="SeleniumLibrary">
<arg>url=https://www.redbus.in/</arg>
<doc>Navigates the current browser window to the provided ``url``.</doc>
<msg timestamp="20220315 15:56:28.774" level="INFO">Opening url 'https://www.redbus.in/'</msg>
<status status="PASS" starttime="20220315 15:56:28.773" endtime="20220315 15:56:44.867"/>
</kw>
<kw name="Click Element" library="SeleniumLibrary">
<arg>id=signin-block</arg>
<doc>Click the element identified by ``locator``.</doc>
<msg timestamp="20220315 15:56:44.869" level="INFO">Clicking element 'id=signin-block'.</msg>
<status status="PASS" starttime="20220315 15:56:44.868" endtime="20220315 15:56:44.976"/>
</kw>
<kw name="Click Element" library="SeleniumLibrary">
<arg>id=signInLink</arg>
<doc>Click the element identified by ``locator``.</doc>
<msg timestamp="20220315 15:56:44.978" level="INFO">Clicking element 'id=signInLink'.</msg>
<status status="PASS" starttime="20220315 15:56:44.977" endtime="20220315 15:56:45.147"/>
</kw>
<kw name="Select Frame" library="SeleniumLibrary">
<arg>xpath=//iframe[@class='modalIframe']</arg>
<doc>Sets frame identified by ``locator`` as the current frame.</doc>
<msg timestamp="20220315 15:56:45.149" level="INFO">Selecting frame 'xpath=//iframe[@class='modalIframe']'.</msg>
<status status="PASS" starttime="20220315 15:56:45.148" endtime="20220315 15:56:49.597"/>
</kw>
<kw name="Input Text" library="SeleniumLibrary">
<arg>id=mobileNoInp</arg>
<arg>78945</arg>
<doc>Types the given ``text`` into the text field identified by ``locator``.</doc>
<msg timestamp="20220315 15:56:49.599" level="INFO">Typing text '78945' into text field 'id=mobileNoInp'.</msg>
<status status="PASS" starttime="20220315 15:56:49.598" endtime="20220315 15:56:49.907"/>
</kw>
<kw name="Unselect Frame" library="SeleniumLibrary">
<doc>Sets the main frame as the current frame.</doc>
<status status="PASS" starttime="20220315 15:56:49.908" endtime="20220315 15:56:49.911"/>
</kw>
<kw name="Close Browser" library="SeleniumLibrary" type="TEARDOWN">
<doc>Closes the current browser.</doc>
<status status="PASS" starttime="20220315 15:56:49.912" endtime="20220315 15:56:52.273"/>
</kw>
<status status="PASS" starttime="20220315 15:56:27.022" endtime="20220315 15:56:52.275"/>
</test>
<status status="PASS" starttime="20220315 15:56:26.511" endtime="20220315 15:56:52.281"/>
</suite>
<statistics>
<total>
<stat pass="1" fail="0" skip="0">All Tests</stat>
</total>
<tag>
</tag>
<suite>
<stat pass="1" fail="0" skip="0" id="s1" name="Demo6 Redbus Suite">Demo6 Redbus Suite</stat>
</suite>
</statistics>
<errors>
</errors>
</robot>
