<?xml version="1.0" encoding="UTF-8"?>
<robot generator="Robot 4.1.3 (Python 3.10.2 on win32)" generated="20220314 15:36:01.215" rpa="false" schemaversion="2">
<suite id="s1" name="Demo1 Orangehrm Suite" source="E:\LT_Technology_Services\Robot_Session\Robot_project\selenium_suite\demo1_orangehrm_suite.robot">
<test id="s1-t1" name="TC1">
<kw name="Append To Environment Variable" library="OperatingSystem">
<arg>Path</arg>
<arg>${EXECDIR}${/}driver${/}</arg>
<doc>Appends given ``values`` to environment variable ``name``.</doc>
<msg timestamp="20220314 15:36:01.936" level="INFO">Environment variable 'Path' set to value 'C:\Program Files\Python310\Scripts\;C:\Program Files\Python310\;C:\Program Files\Common Files\Oracle\Java\javapath;C:\Program Files (x86)\Common Files\Oracle\Java\javapath;C:\WINDOWS\system32;C:\WINDOWS;C:\WINDOWS\System32\Wbem;C:\WINDOWS\System32\WindowsPowerShell\v1.0\;C:\WINDOWS\System32\OpenSSH\;C:\Program Files\Java\jdk-12.0.1\bin;C:\Program Files\Java\jdk-16.0.1\bin;C:\Program Files\Java\jre1.8.0_291\bin;C:\Program Files (x86)\Java\jre1.8.0_291\bin;C:\Program Files\dotnet\;C:\Program Files\MEGA11;C:\Program Files\Git\cmd;C:\Users\Lenovo\AppData\Local\Microsoft\WindowsApps;;C:\Users\Lenovo\AppData\Local\Programs\Microsoft VS Code\bin;C:\Users\Lenovo\.dotnet\tools;E:\LT_Technology_Services\Robot_Session\Robot_project\driver\'.</msg>
<status status="PASS" starttime="20220314 15:36:01.935" endtime="20220314 15:36:01.936"/>
</kw>
<kw name="Open Browser" library="SeleniumLibrary">
<arg>url=https://opensource-demo.orangehrmlive.com/</arg>
<arg>browser=chrome</arg>
<doc>Opens a new browser instance to the optional ``url``.</doc>
<msg timestamp="20220314 15:36:01.937" level="INFO">Opening browser 'chrome' to base url 'https://opensource-demo.orangehrmlive.com/'.</msg>
<status status="PASS" starttime="20220314 15:36:01.937" endtime="20220314 15:36:14.083"/>
</kw>
<kw name="Maximize Browser Window" library="SeleniumLibrary">
<doc>Maximizes current browser window.</doc>
<status status="PASS" starttime="20220314 15:36:14.084" endtime="20220314 15:36:14.224"/>
</kw>
<kw name="Input Text" library="SeleniumLibrary">
<arg>id=txtUsername</arg>
<arg>Admin</arg>
<doc>Types the given ``text`` into the text field identified by ``locator``.</doc>
<msg timestamp="20220314 15:36:14.228" level="INFO">Typing text 'Admin' into text field 'id=txtUsername'.</msg>
<status status="PASS" starttime="20220314 15:36:14.226" endtime="20220314 15:36:14.482"/>
</kw>
<kw name="Input Password" library="SeleniumLibrary">
<arg>id=txtPassword</arg>
<arg>admin123</arg>
<doc>Types the given password into the text field identified by ``locator``.</doc>
<msg timestamp="20220314 15:36:14.484" level="INFO">Typing password into text field 'id=txtPassword'.</msg>
<msg timestamp="20220314 15:36:14.564" level="INFO">Temporally setting log level to: NONE</msg>
<msg timestamp="20220314 15:36:14.658" level="INFO">Log level changed from NONE to INFO.</msg>
<status status="PASS" starttime="20220314 15:36:14.483" endtime="20220314 15:36:14.658"/>
</kw>
<kw name="Click Element" library="SeleniumLibrary">
<arg>id=btnLogin</arg>
<doc>Click the element identified by ``locator``.</doc>
<msg timestamp="20220314 15:36:14.662" level="INFO">Clicking element 'id=btnLogin'.</msg>
<status status="PASS" starttime="20220314 15:36:14.661" endtime="20220314 15:36:22.227"/>
</kw>
<kw name="Page Should Contain" library="SeleniumLibrary">
<arg>My Info</arg>
<doc>Verifies that current page contains ``text``.</doc>
<msg timestamp="20220314 15:36:22.270" level="INFO">Current page contains text 'My Info'.</msg>
<status status="PASS" starttime="20220314 15:36:22.229" endtime="20220314 15:36:22.270"/>
</kw>
<kw name="Click Element" library="SeleniumLibrary">
<arg>id=welcome</arg>
<doc>Click the element identified by ``locator``.</doc>
<msg timestamp="20220314 15:36:22.272" level="INFO">Clicking element 'id=welcome'.</msg>
<status status="PASS" starttime="20220314 15:36:22.271" endtime="20220314 15:36:22.358"/>
</kw>
<kw name="Sleep" library="BuiltIn">
<arg>5s</arg>
<doc>Pauses the test executed for the given time.</doc>
<msg timestamp="20220314 15:36:27.369" level="INFO">Slept 5 seconds</msg>
<status status="PASS" starttime="20220314 15:36:22.360" endtime="20220314 15:36:27.369"/>
</kw>
<kw name="Click Element" library="SeleniumLibrary">
<arg>link=Logout</arg>
<doc>Click the element identified by ``locator``.</doc>
<msg timestamp="20220314 15:36:27.371" level="INFO">Clicking element 'link=Logout'.</msg>
<status status="PASS" starttime="20220314 15:36:27.370" endtime="20220314 15:36:29.248"/>
</kw>
<status status="PASS" starttime="20220314 15:36:01.934" endtime="20220314 15:36:29.249"/>
</test>
<status status="PASS" starttime="20220314 15:36:01.220" endtime="20220314 15:36:29.255"/>
</suite>
<statistics>
<total>
<stat pass="1" fail="0" skip="0">All Tests</stat>
</total>
<tag>
</tag>
<suite>
<stat pass="1" fail="0" skip="0" id="s1" name="Demo1 Orangehrm Suite">Demo1 Orangehrm Suite</stat>
</suite>
</statistics>
<errors>
</errors>
</robot>
