<?xml version="1.0" encoding="UTF-8"?>
<robot generator="Robot 4.1.3 (Python 3.10.2 on win32)" generated="20220316 15:14:56.181" rpa="false" schemaversion="2">
<suite id="s1" name="Demo11 Headless Mode" source="E:\LT_Technology_Services\Robot_Session\Robot_project\selenium_suite\demo11_headless_mode.robot">
<test id="s1-t1" name="TC1 Sign Up">
<kw name="Open Browser" library="SeleniumLibrary">
<arg>browser=headlesschrome</arg>
<arg>executable_path=${EXECDIR}${/}driver${/}chromedriver.exe</arg>
<doc>Opens a new browser instance to the optional ``url``.</doc>
<msg timestamp="20220316 15:14:56.910" level="INFO">Opening browser 'headlesschrome' to base url 'None'.</msg>
<status status="PASS" starttime="20220316 15:14:56.908" endtime="20220316 15:14:58.809"/>
</kw>
<kw name="Maximize Browser Window" library="SeleniumLibrary">
<doc>Maximizes current browser window.</doc>
<status status="PASS" starttime="20220316 15:14:58.810" endtime="20220316 15:14:58.932"/>
</kw>
<kw name="Set Selenium Implicit Wait" library="SeleniumLibrary">
<arg>20s</arg>
<doc>Sets the implicit wait value used by Selenium.</doc>
<status status="PASS" starttime="20220316 15:14:58.933" endtime="20220316 15:14:58.936"/>
</kw>
<kw name="Go To" library="SeleniumLibrary">
<arg>url=https://www.google.co.in/</arg>
<doc>Navigates the current browser window to the provided ``url``.</doc>
<msg timestamp="20220316 15:14:58.938" level="INFO">Opening url 'https://www.google.co.in/'</msg>
<status status="PASS" starttime="20220316 15:14:58.937" endtime="20220316 15:15:01.303"/>
</kw>
<kw name="Get Title" library="SeleniumLibrary">
<var>${title}</var>
<doc>Returns the title of the current page.</doc>
<msg timestamp="20220316 15:15:01.318" level="INFO">${title} = Google</msg>
<status status="PASS" starttime="20220316 15:15:01.304" endtime="20220316 15:15:01.319"/>
</kw>
<kw name="Log To Console" library="BuiltIn">
<arg>${title}</arg>
<doc>Logs the given message to the console.</doc>
<status status="PASS" starttime="20220316 15:15:01.320" endtime="20220316 15:15:01.322"/>
</kw>
<kw name="Get Location" library="SeleniumLibrary">
<var>${location}</var>
<doc>Returns the current browser window URL.</doc>
<msg timestamp="20220316 15:15:01.334" level="INFO">${location} = https://www.google.co.in/</msg>
<status status="PASS" starttime="20220316 15:15:01.323" endtime="20220316 15:15:01.335"/>
</kw>
<kw name="Log To Console" library="BuiltIn">
<arg>${location}</arg>
<doc>Logs the given message to the console.</doc>
<status status="PASS" starttime="20220316 15:15:01.335" endtime="20220316 15:15:01.337"/>
</kw>
<kw name="Close Browser" library="SeleniumLibrary" type="TEARDOWN">
<doc>Closes the current browser.</doc>
<status status="PASS" starttime="20220316 15:15:01.338" endtime="20220316 15:15:03.558"/>
</kw>
<status status="PASS" starttime="20220316 15:14:56.906" endtime="20220316 15:15:03.559"/>
</test>
<status status="PASS" starttime="20220316 15:14:56.186" endtime="20220316 15:15:03.563"/>
</suite>
<statistics>
<total>
<stat pass="1" fail="0" skip="0">All Tests</stat>
</total>
<tag>
</tag>
<suite>
<stat pass="1" fail="0" skip="0" id="s1" name="Demo11 Headless Mode">Demo11 Headless Mode</stat>
</suite>
</statistics>
<errors>
</errors>
</robot>
