<?xml version="1.0" encoding="UTF-8"?>
<robot generator="Robot 4.1.3 (Python 3.10.2 on win32)" generated="20220315 17:13:43.967" rpa="false" schemaversion="2">
<suite id="s1" name="Demo7 Nasscom Suite" source="E:\LT_Technology_Services\Robot_Session\Robot_project\selenium_suite\demo7_nasscom_suite.robot">
<test id="s1-t1" name="TC1">
<kw name="Open Browser" library="SeleniumLibrary">
<arg>browser=chrome</arg>
<arg>executable_path=${EXECDIR}${/}driver${/}chromedriver.exe</arg>
<doc>Opens a new browser instance to the optional ``url``.</doc>
<msg timestamp="20220315 17:13:44.487" level="INFO">Opening browser 'chrome' to base url 'None'.</msg>
<status status="PASS" starttime="20220315 17:13:44.486" endtime="20220315 17:13:46.097"/>
</kw>
<kw name="Maximize Browser Window" library="SeleniumLibrary">
<doc>Maximizes current browser window.</doc>
<status status="PASS" starttime="20220315 17:13:46.104" endtime="20220315 17:13:46.251"/>
</kw>
<kw name="Set Selenium Implicit Wait" library="SeleniumLibrary">
<arg>20s</arg>
<doc>Sets the implicit wait value used by Selenium.</doc>
<status status="PASS" starttime="20220315 17:13:46.252" endtime="20220315 17:13:46.256"/>
</kw>
<kw name="Go To" library="SeleniumLibrary">
<arg>url=https://nasscom.in/nasscom-membership</arg>
<doc>Navigates the current browser window to the provided ``url``.</doc>
<msg timestamp="20220315 17:13:46.258" level="INFO">Opening url 'https://nasscom.in/nasscom-membership'</msg>
<status status="PASS" starttime="20220315 17:13:46.257" endtime="20220315 17:13:51.646"/>
</kw>
<kw name="Click Element" library="SeleniumLibrary">
<arg>id=edit-field-membership-type-und-1203</arg>
<doc>Click the element identified by ``locator``.</doc>
<msg timestamp="20220315 17:13:51.648" level="INFO">Clicking element 'id=edit-field-membership-type-und-1203'.</msg>
<status status="PASS" starttime="20220315 17:13:51.647" endtime="20220315 17:13:51.751"/>
</kw>
<kw name="Click Element" library="SeleniumLibrary">
<arg>id=edit-field-business-focus-inst-und-970</arg>
<doc>Click the element identified by ``locator``.</doc>
<msg timestamp="20220315 17:13:51.752" level="INFO">Clicking element 'id=edit-field-business-focus-inst-und-970'.</msg>
<status status="PASS" starttime="20220315 17:13:51.752" endtime="20220315 17:13:52.176"/>
</kw>
<kw name="Click Element" library="SeleniumLibrary">
<arg>id=edit-field-business-focus-inst-und-968</arg>
<doc>Click the element identified by ``locator``.</doc>
<msg timestamp="20220315 17:13:52.178" level="INFO">Clicking element 'id=edit-field-business-focus-inst-und-968'.</msg>
<status status="PASS" starttime="20220315 17:13:52.177" endtime="20220315 17:13:52.254"/>
</kw>
<kw name="Input Text" library="SeleniumLibrary">
<arg>id=edit-title</arg>
<arg>LT</arg>
<doc>Types the given ``text`` into the text field identified by ``locator``.</doc>
<msg timestamp="20220315 17:13:52.255" level="INFO">Typing text 'LT' into text field 'id=edit-title'.</msg>
<status status="PASS" starttime="20220315 17:13:52.255" endtime="20220315 17:13:52.496"/>
</kw>
<kw name="Input Text" library="SeleniumLibrary">
<arg>id=edit-field-address-line-1-und-0-value</arg>
<arg>20 Chennai</arg>
<doc>Types the given ``text`` into the text field identified by ``locator``.</doc>
<msg timestamp="20220315 17:13:52.497" level="INFO">Typing text '20 Chennai' into text field 'id=edit-field-address-line-1-und-0-value'.</msg>
<status status="PASS" starttime="20220315 17:13:52.497" endtime="20220315 17:13:52.708"/>
</kw>
<kw name="Select From List By Label" library="SeleniumLibrary">
<arg>id=edit-field-state-member-und</arg>
<arg>Tamil Nadu</arg>
<doc>Selects options from selection list ``locator`` by ``labels``.</doc>
<msg timestamp="20220315 17:13:52.710" level="INFO">Selecting options from selection list 'id=edit-field-state-member-und' by label Tamil Nadu.</msg>
<status status="PASS" starttime="20220315 17:13:52.709" endtime="20220315 17:13:52.841"/>
</kw>
<kw name="Select From List By Label" library="SeleniumLibrary">
<arg>id=edit-field-city-membership-und</arg>
<arg>Chennai</arg>
<doc>Selects options from selection list ``locator`` by ``labels``.</doc>
<msg timestamp="20220315 17:13:52.842" level="INFO">Selecting options from selection list 'id=edit-field-city-membership-und' by label Chennai.</msg>
<status status="PASS" starttime="20220315 17:13:52.842" endtime="20220315 17:13:52.956"/>
</kw>
<kw name="Choose File" library="SeleniumLibrary">
<arg>id=edit-field-memorandum-article-of-asso-und-0-upload</arg>
<arg>E:${/}LT_Technology_Services${/}Robot_Session${/}a.pdf</arg>
<doc>Inputs the ``file_path`` into the file input field ``locator``.</doc>
<msg timestamp="20220315 17:13:52.958" level="INFO">Sending E:\LT_Technology_Services\Robot_Session\a.pdf to browser.</msg>
<status status="PASS" starttime="20220315 17:13:52.957" endtime="20220315 17:13:53.017"/>
</kw>
<kw name="Click Element" library="SeleniumLibrary">
<arg>id=edit-field-mode-of-payment-und-1</arg>
<doc>Click the element identified by ``locator``.</doc>
<msg timestamp="20220315 17:13:53.018" level="INFO">Clicking element 'id=edit-field-mode-of-payment-und-1'.</msg>
<status status="PASS" starttime="20220315 17:13:53.018" endtime="20220315 17:13:53.135"/>
</kw>
<kw name="Click Element" library="SeleniumLibrary">
<arg>id=edit-field-code-of-conduct-und-0</arg>
<doc>Click the element identified by ``locator``.</doc>
<msg timestamp="20220315 17:13:53.137" level="INFO">Clicking element 'id=edit-field-code-of-conduct-und-0'.</msg>
<status status="PASS" starttime="20220315 17:13:53.136" endtime="20220315 17:13:53.298"/>
</kw>
<kw name="Click Element" library="SeleniumLibrary">
<arg>id=edit-preview</arg>
<doc>Click the element identified by ``locator``.</doc>
<msg timestamp="20220315 17:13:53.300" level="INFO">Clicking element 'id=edit-preview'.</msg>
<status status="PASS" starttime="20220315 17:13:53.299" endtime="20220315 17:13:53.594"/>
</kw>
<kw name="Close Browser" library="SeleniumLibrary" type="TEARDOWN">
<doc>Closes the current browser.</doc>
<status status="PASS" starttime="20220315 17:13:53.599" endtime="20220315 17:13:56.509"/>
</kw>
<status status="PASS" starttime="20220315 17:13:44.485" endtime="20220315 17:13:56.510"/>
</test>
<status status="PASS" starttime="20220315 17:13:43.969" endtime="20220315 17:13:56.513"/>
</suite>
<statistics>
<total>
<stat pass="1" fail="0" skip="0">All Tests</stat>
</total>
<tag>
</tag>
<suite>
<stat pass="1" fail="0" skip="0" id="s1" name="Demo7 Nasscom Suite">Demo7 Nasscom Suite</stat>
</suite>
</statistics>
<errors>
</errors>
</robot>
