<?xml version="1.0" encoding="UTF-8"?>
<robot generator="Robot 4.1.3 (Python 3.10.2 on win32)" generated="20220318 16:12:25.213" rpa="false" schemaversion="2">
<suite id="s1" name="Demo14 Autoit Suite" source="E:\LT_Technology_Services\Robot_Session\Robot_project\selenium_suite\demo14_autoit_suite.robot">
<test id="s1-t1" name="TC1">
<kw name="Open Browser" library="SeleniumLibrary">
<arg>browser=chrome</arg>
<arg>executable_path=${EXECDIR}${/}Driver${/}chromedriver.exe</arg>
<doc>Opens a new browser instance to the optional ``url``.</doc>
<msg timestamp="20220318 16:12:25.835" level="INFO">Opening browser 'chrome' to base url 'None'.</msg>
<status status="PASS" starttime="20220318 16:12:25.835" endtime="20220318 16:12:27.779"/>
</kw>
<kw name="Maximize Browser Window" library="SeleniumLibrary">
<doc>Maximizes current browser window.</doc>
<status status="PASS" starttime="20220318 16:12:27.781" endtime="20220318 16:12:27.924"/>
</kw>
<kw name="Set Selenium Implicit Wait" library="SeleniumLibrary">
<arg>20s</arg>
<doc>Sets the implicit wait value used by Selenium.</doc>
<status status="PASS" starttime="20220318 16:12:27.926" endtime="20220318 16:12:27.928"/>
</kw>
<kw name="Go To" library="SeleniumLibrary">
<arg>url=https://www.ilovepdf.com/pdf_to_word</arg>
<doc>Navigates the current browser window to the provided ``url``.</doc>
<msg timestamp="20220318 16:12:27.930" level="INFO">Opening url 'https://www.ilovepdf.com/pdf_to_word'</msg>
<status status="PASS" starttime="20220318 16:12:27.929" endtime="20220318 16:12:30.933"/>
</kw>
<kw name="Click Element" library="SeleniumLibrary">
<arg>xpath=//span[text()='Select PDF file']</arg>
<doc>Click the element identified by ``locator``.</doc>
<msg timestamp="20220318 16:12:30.935" level="INFO">Clicking element 'xpath=//span[text()='Select PDF file']'.</msg>
<status status="PASS" starttime="20220318 16:12:30.934" endtime="20220318 16:12:31.034"/>
</kw>
<kw name="Sleep" library="BuiltIn">
<arg>1s</arg>
<doc>Pauses the test executed for the given time.</doc>
<msg timestamp="20220318 16:12:32.036" level="INFO">Slept 1 second</msg>
<status status="PASS" starttime="20220318 16:12:31.035" endtime="20220318 16:12:32.036"/>
</kw>
<kw name="Control Focus" library="AutoItLibrary">
<arg>Open</arg>
<arg>${EMPTY}</arg>
<arg>Edit1</arg>
<doc>method ControlFocus</doc>
<status status="PASS" starttime="20220318 16:12:32.048" endtime="20220318 16:12:32.057"/>
</kw>
<kw name="Sleep" library="BuiltIn">
<arg>1s</arg>
<doc>Pauses the test executed for the given time.</doc>
<msg timestamp="20220318 16:12:33.103" level="INFO">Slept 1 second</msg>
<status status="PASS" starttime="20220318 16:12:32.091" endtime="20220318 16:12:33.103"/>
</kw>
<kw name="Control Set Text" library="AutoItLibrary">
<arg>Open</arg>
<arg>${EMPTY}</arg>
<arg>Edit1</arg>
<arg>C:${/}Users${/}Lenovo${/}Desktop${/}Document 2.pdf</arg>
<doc>method ControlSetText</doc>
<status status="PASS" starttime="20220318 16:12:33.104" endtime="20220318 16:12:33.109"/>
</kw>
<kw name="Sleep" library="BuiltIn">
<arg>1s</arg>
<doc>Pauses the test executed for the given time.</doc>
<msg timestamp="20220318 16:12:34.125" level="INFO">Slept 1 second</msg>
<status status="PASS" starttime="20220318 16:12:33.110" endtime="20220318 16:12:34.125"/>
</kw>
<kw name="Control Click" library="AutoItLibrary">
<arg>Open</arg>
<arg>${EMPTY}</arg>
<arg>Button1</arg>
<doc>method ControlClick</doc>
<status status="PASS" starttime="20220318 16:12:34.126" endtime="20220318 16:12:34.138"/>
</kw>
<kw name="Close Browser" library="SeleniumLibrary" type="TEARDOWN">
<doc>Closes the current browser.</doc>
<status status="PASS" starttime="20220318 16:12:34.140" endtime="20220318 16:12:36.732"/>
</kw>
<status status="PASS" starttime="20220318 16:12:25.833" endtime="20220318 16:12:36.733"/>
</test>
<status status="PASS" starttime="20220318 16:12:25.219" endtime="20220318 16:12:36.735"/>
</suite>
<statistics>
<total>
<stat pass="1" fail="0" skip="0">All Tests</stat>
</total>
<tag>
</tag>
<suite>
<stat pass="1" fail="0" skip="0" id="s1" name="Demo14 Autoit Suite">Demo14 Autoit Suite</stat>
</suite>
</statistics>
<errors>
</errors>
</robot>
