<?xml version="1.0" encoding="UTF-8"?>
<robot generator="Robot 4.1.3 (Python 3.10.2 on win32)" generated="20220316 17:36:01.355" rpa="false" schemaversion="2">
<suite id="s1" name="Demo6 Suite" source="E:\LT_Technology_Services\Robot_Session\Robot_project\robot_suite\demo6_suite.robot">
<test id="s1-t1" name="TC1">
<kw name="Log To Console" library="BuiltIn">
<arg>${DETAILS}</arg>
<doc>Logs the given message to the console.</doc>
<status status="PASS" starttime="20220316 17:36:01.430" endtime="20220316 17:36:01.432"/>
</kw>
<kw name="Log To Console" library="BuiltIn">
<arg>${DETAILS}[firstname]</arg>
<doc>Logs the given message to the console.</doc>
<status status="PASS" starttime="20220316 17:36:01.432" endtime="20220316 17:36:01.434"/>
</kw>
<kw name="Log To Console" library="BuiltIn">
<arg>${DETAILS}[lastname]</arg>
<doc>Logs the given message to the console.</doc>
<status status="PASS" starttime="20220316 17:36:01.434" endtime="20220316 17:36:01.436"/>
</kw>
<status status="PASS" starttime="20220316 17:36:01.429" endtime="20220316 17:36:01.437"/>
</test>
<status status="PASS" starttime="20220316 17:36:01.360" endtime="20220316 17:36:01.439"/>
</suite>
<statistics>
<total>
<stat pass="1" fail="0" skip="0">All Tests</stat>
</total>
<tag>
</tag>
<suite>
<stat pass="1" fail="0" skip="0" id="s1" name="Demo6 Suite">Demo6 Suite</stat>
</suite>
</statistics>
<errors>
</errors>
</robot>
