<?xml version="1.0" encoding="UTF-8"?>
<robot generator="Robot 4.1.3 (Python 3.10.2 on win32)" generated="20220316 09:29:12.778" rpa="false" schemaversion="2">
<suite id="s1" name="demo8 openEMR suite" source="E:\LT_Technology_Services\Robot_Session\Robot_project\selenium_suite\demo8_openEMR_suite.robot">
<test id="s1-t1" name="TC1">
<kw name="Open Browser" library="SeleniumLibrary">
<arg>browser=chrome</arg>
<arg>executable_path=${EXECDIR}${/}driver${/}chromedriver.exe</arg>
<doc>Opens a new browser instance to the optional ``url``.</doc>
<msg timestamp="20220316 09:29:13.497" level="INFO">Opening browser 'chrome' to base url 'None'.</msg>
<status status="PASS" starttime="20220316 09:29:13.497" endtime="20220316 09:29:16.429"/>
</kw>
<kw name="Maximize Browser Window" library="SeleniumLibrary">
<doc>Maximizes current browser window.</doc>
<status status="PASS" starttime="20220316 09:29:16.444" endtime="20220316 09:29:16.619"/>
</kw>
<kw name="Set Selenium Implicit Wait" library="SeleniumLibrary">
<arg>30s</arg>
<doc>Sets the implicit wait value used by Selenium.</doc>
<status status="PASS" starttime="20220316 09:29:16.620" endtime="20220316 09:29:16.623"/>
</kw>
<kw name="Go To" library="SeleniumLibrary">
<arg>url=https://demo.openemr.io/b/openemr</arg>
<doc>Navigates the current browser window to the provided ``url``.</doc>
<msg timestamp="20220316 09:29:16.625" level="INFO">Opening url 'https://demo.openemr.io/b/openemr'</msg>
<status status="PASS" starttime="20220316 09:29:16.624" endtime="20220316 09:29:21.385"/>
</kw>
<kw name="Input Text" library="SeleniumLibrary">
<arg>id=authUser</arg>
<arg>admin</arg>
<doc>Types the given ``text`` into the text field identified by ``locator``.</doc>
<msg timestamp="20220316 09:29:21.388" level="INFO">Typing text 'admin' into text field 'id=authUser'.</msg>
<status status="PASS" starttime="20220316 09:29:21.386" endtime="20220316 09:29:21.557"/>
</kw>
<kw name="Input Text" library="SeleniumLibrary">
<arg>id=clearPass</arg>
<arg>pass</arg>
<doc>Types the given ``text`` into the text field identified by ``locator``.</doc>
<msg timestamp="20220316 09:29:21.572" level="INFO">Typing text 'pass' into text field 'id=clearPass'.</msg>
<status status="PASS" starttime="20220316 09:29:21.557" endtime="20220316 09:29:21.760"/>
</kw>
<kw name="Click Element" library="SeleniumLibrary">
<arg>xpath=//button[@type='submit']</arg>
<doc>Click the element identified by ``locator``.</doc>
<msg timestamp="20220316 09:29:21.760" level="INFO">Clicking element 'xpath=//button[@type='submit']'.</msg>
<status status="PASS" starttime="20220316 09:29:21.760" endtime="20220316 09:29:27.570"/>
</kw>
<kw name="Click Element" library="SeleniumLibrary">
<arg>xpath=//div[contains(text(),'Messages')]</arg>
<doc>Click the element identified by ``locator``.</doc>
<msg timestamp="20220316 09:29:27.571" level="INFO">Clicking element 'xpath=//div[contains(text(),'Messages')]'.</msg>
<status status="PASS" starttime="20220316 09:29:27.571" endtime="20220316 09:29:27.701"/>
</kw>
<status status="PASS" starttime="20220316 09:29:13.497" endtime="20220316 09:29:27.702"/>
</test>
<status status="PASS" starttime="20220316 09:29:12.794" endtime="20220316 09:29:27.706"/>
</suite>
<statistics>
<total>
<stat pass="1" fail="0" skip="0">All Tests</stat>
</total>
<tag>
</tag>
<suite>
<stat pass="1" fail="0" skip="0" id="s1" name="demo8 openEMR suite">demo8 openEMR suite</stat>
</suite>
</statistics>
<errors>
</errors>
</robot>
