<?xml version="1.0" encoding="UTF-8"?>
<robot generator="Robot 4.1.3 (Python 3.10.2 on win32)" generated="20220316 12:20:36.947" rpa="false" schemaversion="2">
<suite id="s1" name="demo10 royalCaribbean suite" source="E:\LT_Technology_Services\Robot_Session\Robot_project\selenium_suite\demo10_royalCaribbean_suite.robot">
<test id="s1-t1" name="TC1 Sign Up">
<kw name="Open Browser" library="SeleniumLibrary">
<arg>browser=chrome</arg>
<arg>executable_path=${EXECDIR}${/}driver${/}chromedriver.exe</arg>
<doc>Opens a new browser instance to the optional ``url``.</doc>
<msg timestamp="20220316 12:20:37.849" level="INFO">Opening browser 'chrome' to base url 'None'.</msg>
<status status="PASS" starttime="20220316 12:20:37.847" endtime="20220316 12:20:40.735"/>
</kw>
<kw name="Maximize Browser Window" library="SeleniumLibrary">
<doc>Maximizes current browser window.</doc>
<status status="PASS" starttime="20220316 12:20:40.773" endtime="20220316 12:20:40.964"/>
</kw>
<kw name="Set Selenium Implicit Wait" library="SeleniumLibrary">
<arg>20s</arg>
<doc>Sets the implicit wait value used by Selenium.</doc>
<status status="PASS" starttime="20220316 12:20:40.966" endtime="20220316 12:20:40.973"/>
</kw>
<kw name="Set Selenium Speed" library="SeleniumLibrary">
<arg>1s</arg>
<doc>Sets the delay that is waited after each Selenium command.</doc>
<status status="PASS" starttime="20220316 12:20:40.974" endtime="20220316 12:20:40.975"/>
</kw>
<kw name="Go To" library="SeleniumLibrary">
<arg>url=https://www.royalcaribbean.com/account/</arg>
<doc>Navigates the current browser window to the provided ``url``.</doc>
<msg timestamp="20220316 12:20:40.976" level="INFO">Opening url 'https://www.royalcaribbean.com/account/'</msg>
<status status="PASS" starttime="20220316 12:20:40.976" endtime="20220316 12:20:45.069"/>
</kw>
<kw name="Click Element" library="SeleniumLibrary">
<arg>link=Create an account</arg>
<doc>Click the element identified by ``locator``.</doc>
<msg timestamp="20220316 12:20:45.071" level="INFO">Clicking element 'link=Create an account'.</msg>
<status status="PASS" starttime="20220316 12:20:45.070" endtime="20220316 12:20:52.282"/>
</kw>
<kw name="Input Text" library="SeleniumLibrary">
<arg>xpath=//input[@data-placeholder='First name/Given name']</arg>
<arg>Anup</arg>
<doc>Types the given ``text`` into the text field identified by ``locator``.</doc>
<msg timestamp="20220316 12:20:52.288" level="INFO">Typing text 'Anup' into text field 'xpath=//input[@data-placeholder='First name/Given name']'.</msg>
<status status="PASS" starttime="20220316 12:20:52.288" endtime="20220316 12:20:56.474"/>
</kw>
<kw name="Input Text" library="SeleniumLibrary">
<arg>xpath=//input[@data-placeholder='Last name/Surname']</arg>
<arg>Basu</arg>
<doc>Types the given ``text`` into the text field identified by ``locator``.</doc>
<msg timestamp="20220316 12:20:56.477" level="INFO">Typing text 'Basu' into text field 'xpath=//input[@data-placeholder='Last name/Surname']'.</msg>
<status status="PASS" starttime="20220316 12:20:56.476" endtime="20220316 12:20:59.928"/>
</kw>
<kw name="Click Element" library="SeleniumLibrary">
<arg>xpath=//span[text()='Month']</arg>
<doc>Click the element identified by ``locator``.</doc>
<msg timestamp="20220316 12:20:59.930" level="INFO">Clicking element 'xpath=//span[text()='Month']'.</msg>
<status status="PASS" starttime="20220316 12:20:59.929" endtime="20220316 12:21:02.201"/>
</kw>
<kw name="Click Element" library="SeleniumLibrary">
<arg>xpath=//span[contains(text(),'April')]</arg>
<doc>Click the element identified by ``locator``.</doc>
<msg timestamp="20220316 12:21:02.203" level="INFO">Clicking element 'xpath=//span[contains(text(),'April')]'.</msg>
<status status="PASS" starttime="20220316 12:21:02.202" endtime="20220316 12:21:04.406"/>
</kw>
<kw name="Click Element" library="SeleniumLibrary">
<arg>xpath=//span[text()='Day']</arg>
<doc>Click the element identified by ``locator``.</doc>
<msg timestamp="20220316 12:21:04.408" level="INFO">Clicking element 'xpath=//span[text()='Day']'.</msg>
<status status="PASS" starttime="20220316 12:21:04.407" endtime="20220316 12:21:06.588"/>
</kw>
<kw name="Click Element" library="SeleniumLibrary">
<arg>xpath=//span[contains(text(),'4')]</arg>
<doc>Click the element identified by ``locator``.</doc>
<msg timestamp="20220316 12:21:06.590" level="INFO">Clicking element 'xpath=//span[contains(text(),'4')]'.</msg>
<status status="PASS" starttime="20220316 12:21:06.589" endtime="20220316 12:21:08.757"/>
</kw>
<kw name="Input Text" library="SeleniumLibrary">
<arg>xpath=//input[@data-placeholder='Year']</arg>
<arg>1992</arg>
<doc>Types the given ``text`` into the text field identified by ``locator``.</doc>
<msg timestamp="20220316 12:21:08.758" level="INFO">Typing text '1992' into text field 'xpath=//input[@data-placeholder='Year']'.</msg>
<status status="PASS" starttime="20220316 12:21:08.758" endtime="20220316 12:21:12.042"/>
</kw>
<kw name="Click Element" library="SeleniumLibrary">
<arg>xpath=//span[text()='Country/Region of residence']</arg>
<doc>Click the element identified by ``locator``.</doc>
<msg timestamp="20220316 12:21:12.043" level="INFO">Clicking element 'xpath=//span[text()='Country/Region of residence']'.</msg>
<status status="PASS" starttime="20220316 12:21:12.043" endtime="20220316 12:21:14.297"/>
</kw>
<kw name="Click Element" library="SeleniumLibrary">
<arg>xpath=//span[contains(text(),'India')]</arg>
<doc>Click the element identified by ``locator``.</doc>
<msg timestamp="20220316 12:21:14.298" level="INFO">Clicking element 'xpath=//span[contains(text(),'India')]'.</msg>
<status status="PASS" starttime="20220316 12:21:14.298" endtime="20220316 12:21:16.523"/>
</kw>
<kw name="Close Browser" library="SeleniumLibrary" type="TEARDOWN">
<doc>Closes the current browser.</doc>
<status status="PASS" starttime="20220316 12:21:16.524" endtime="20220316 12:21:19.693"/>
</kw>
<status status="PASS" starttime="20220316 12:20:37.845" endtime="20220316 12:21:19.694"/>
</test>
<status status="PASS" starttime="20220316 12:20:36.952" endtime="20220316 12:21:19.697"/>
</suite>
<statistics>
<total>
<stat pass="1" fail="0" skip="0">All Tests</stat>
</total>
<tag>
</tag>
<suite>
<stat pass="1" fail="0" skip="0" id="s1" name="demo10 royalCaribbean suite">demo10 royalCaribbean suite</stat>
</suite>
</statistics>
<errors>
</errors>
</robot>
