<?xml version="1.0" encoding="UTF-8"?>
<robot generator="Robot 4.1.3 (Python 3.10.2 on win32)" generated="20220315 15:06:58.760" rpa="false" schemaversion="2">
<suite id="s1" name="Demo5 Frame Suite" source="E:\LT_Technology_Services\Robot_Session\Robot_project\selenium_suite\demo5_frame_suite.robot">
<test id="s1-t1" name="TC1">
<kw name="Open Browser" library="SeleniumLibrary">
<arg>browser=chrome</arg>
<arg>executable_path=${EXECDIR}${/}driver${/}chromedriver.exe</arg>
<doc>Opens a new browser instance to the optional ``url``.</doc>
<msg timestamp="20220315 15:06:59.423" level="INFO">Opening browser 'chrome' to base url 'None'.</msg>
<status status="PASS" starttime="20220315 15:06:59.422" endtime="20220315 15:07:01.840"/>
</kw>
<kw name="Maximize Browser Window" library="SeleniumLibrary">
<doc>Maximizes current browser window.</doc>
<status status="PASS" starttime="20220315 15:07:01.857" endtime="20220315 15:07:02.132"/>
</kw>
<kw name="Set Selenium Implicit Wait" library="SeleniumLibrary">
<arg>20s</arg>
<doc>Sets the implicit wait value used by Selenium.</doc>
<status status="PASS" starttime="20220315 15:07:02.133" endtime="20220315 15:07:02.136"/>
</kw>
<kw name="Go To" library="SeleniumLibrary">
<arg>url=https://netbanking.hdfcbank.com/netbanking/</arg>
<doc>Navigates the current browser window to the provided ``url``.</doc>
<msg timestamp="20220315 15:07:02.138" level="INFO">Opening url 'https://netbanking.hdfcbank.com/netbanking/'</msg>
<status status="PASS" starttime="20220315 15:07:02.137" endtime="20220315 15:07:04.076"/>
</kw>
<kw name="Select Frame" library="SeleniumLibrary">
<arg>xpath=//frame[@name='login_page']</arg>
<doc>Sets frame identified by ``locator`` as the current frame.</doc>
<msg timestamp="20220315 15:07:04.079" level="INFO">Selecting frame 'xpath=//frame[@name='login_page']'.</msg>
<status status="PASS" starttime="20220315 15:07:04.078" endtime="20220315 15:07:04.155"/>
</kw>
<kw name="Input Text" library="SeleniumLibrary">
<arg>name=fldLoginUserId</arg>
<arg>test123</arg>
<doc>Types the given ``text`` into the text field identified by ``locator``.</doc>
<msg timestamp="20220315 15:07:04.157" level="INFO">Typing text 'test123' into text field 'name=fldLoginUserId'.</msg>
<status status="PASS" starttime="20220315 15:07:04.156" endtime="20220315 15:07:04.277"/>
</kw>
<kw name="Click Element" library="SeleniumLibrary">
<arg>link=CONTINUE</arg>
<doc>Click the element identified by ``locator``.</doc>
<msg timestamp="20220315 15:07:04.278" level="INFO">Clicking element 'link=CONTINUE'.</msg>
<status status="PASS" starttime="20220315 15:07:04.278" endtime="20220315 15:07:05.236"/>
</kw>
<status status="PASS" starttime="20220315 15:06:59.421" endtime="20220315 15:07:05.237"/>
</test>
<status status="PASS" starttime="20220315 15:06:58.764" endtime="20220315 15:07:05.240"/>
</suite>
<statistics>
<total>
<stat pass="1" fail="0" skip="0">All Tests</stat>
</total>
<tag>
</tag>
<suite>
<stat pass="1" fail="0" skip="0" id="s1" name="Demo5 Frame Suite">Demo5 Frame Suite</stat>
</suite>
</statistics>
<errors>
</errors>
</robot>
