<?xml version="1.0" encoding="UTF-8"?>
<robot generator="Robot 4.1.3 (Python 3.10.2 on win32)" generated="20220318 17:58:41.361" rpa="false" schemaversion="2">
<suite id="s1" name="Demo12 Phptravels Suite" source="E:\LT_Technology_Services\Robot_Session\Robot_project\selenium_suite\demo12_phptravels_suite.robot">
<test id="s1-t1" name="TC1">
<kw name="Open Browser" library="SeleniumLibrary">
<arg>browser=chrome</arg>
<arg>executable_path=${EXECDIR}${/}Driver${/}chromedriver.exe</arg>
<doc>Opens a new browser instance to the optional ``url``.</doc>
<msg timestamp="20220318 17:58:41.814" level="INFO">Opening browser 'chrome' to base url 'None'.</msg>
<status status="PASS" starttime="20220318 17:58:41.814" endtime="20220318 17:58:44.218"/>
</kw>
<kw name="Maximize Browser Window" library="SeleniumLibrary">
<doc>Maximizes current browser window.</doc>
<status status="PASS" starttime="20220318 17:58:44.232" endtime="20220318 17:58:44.438"/>
</kw>
<kw name="Set Selenium Implicit Wait" library="SeleniumLibrary">
<arg>20s</arg>
<doc>Sets the implicit wait value used by Selenium.</doc>
<status status="PASS" starttime="20220318 17:58:44.438" endtime="20220318 17:58:44.441"/>
</kw>
<kw name="Go To" library="SeleniumLibrary">
<arg>url=https://phptravels.net/</arg>
<doc>Navigates the current browser window to the provided ``url``.</doc>
<msg timestamp="20220318 17:58:44.442" level="INFO">Opening url 'https://phptravels.net/'</msg>
<status status="PASS" starttime="20220318 17:58:44.442" endtime="20220318 17:58:50.086"/>
</kw>
<kw name="Click Element" library="SeleniumLibrary">
<arg>id=cookie_stop</arg>
<doc>Click the element identified by ``locator``.</doc>
<msg timestamp="20220318 17:58:50.088" level="INFO">Clicking element 'id=cookie_stop'.</msg>
<status status="PASS" starttime="20220318 17:58:50.087" endtime="20220318 17:58:50.263"/>
</kw>
<kw name="Click Element" library="SeleniumLibrary">
<arg>xpath=//a[contains(text(),'flights')]</arg>
<doc>Click the element identified by ``locator``.</doc>
<msg timestamp="20220318 17:58:50.264" level="INFO">Clicking element 'xpath=//a[contains(text(),'flights')]'.</msg>
<status status="PASS" starttime="20220318 17:58:50.263" endtime="20220318 17:58:52.066"/>
</kw>
<kw name="Select From List By Value" library="SeleniumLibrary">
<arg>id=flight_type</arg>
<arg>business</arg>
<doc>Selects options from selection list ``locator`` by ``values``.</doc>
<msg timestamp="20220318 17:58:52.068" level="INFO">Selecting options from selection list 'id=flight_type' by value business.</msg>
<status status="PASS" starttime="20220318 17:58:52.067" endtime="20220318 17:58:52.300"/>
</kw>
<kw name="Input Text" library="SeleniumLibrary">
<arg>xpath=//input[@placeholder="Flying From"]</arg>
<arg>Los Angeles</arg>
<doc>Types the given ``text`` into the text field identified by ``locator``.</doc>
<msg timestamp="20220318 17:58:52.302" level="INFO">Typing text 'Los Angeles' into text field 'xpath=//input[@placeholder="Flying From"]'.</msg>
<status status="PASS" starttime="20220318 17:58:52.301" endtime="20220318 17:58:54.195"/>
</kw>
<kw name="Click Element" library="SeleniumLibrary">
<arg>xpath=//b[text()='LAX']</arg>
<doc>Click the element identified by ``locator``.</doc>
<msg timestamp="20220318 17:58:54.200" level="INFO">Clicking element 'xpath=//b[text()='LAX']'.</msg>
<status status="PASS" starttime="20220318 17:58:54.199" endtime="20220318 17:58:54.349"/>
</kw>
<kw name="Input Text" library="SeleniumLibrary">
<arg>xpath=//input[@placeholder="To Destination"]</arg>
<arg>Dallas</arg>
<doc>Types the given ``text`` into the text field identified by ``locator``.</doc>
<msg timestamp="20220318 17:58:54.353" level="INFO">Typing text 'Dallas' into text field 'xpath=//input[@placeholder="To Destination"]'.</msg>
<status status="PASS" starttime="20220318 17:58:54.352" endtime="20220318 17:58:54.938"/>
</kw>
<kw name="Click Element" library="SeleniumLibrary">
<arg>xpath=//b[text()='DAL']</arg>
<doc>Click the element identified by ``locator``.</doc>
<msg timestamp="20220318 17:58:54.940" level="INFO">Clicking element 'xpath=//b[text()='DAL']'.</msg>
<status status="PASS" starttime="20220318 17:58:54.939" endtime="20220318 17:58:55.040"/>
</kw>
<kw name="Input Text" library="SeleniumLibrary">
<arg>id=departure</arg>
<arg>30-12-2022</arg>
<doc>Types the given ``text`` into the text field identified by ``locator``.</doc>
<msg timestamp="20220318 17:58:55.042" level="INFO">Typing text '30-12-2022' into text field 'id=departure'.</msg>
<status status="PASS" starttime="20220318 17:58:55.041" endtime="20220318 17:58:55.398"/>
</kw>
<kw name="Click Element" library="SeleniumLibrary">
<arg>xpath=//a[@data-toggle='dropdown']</arg>
<doc>Click the element identified by ``locator``.</doc>
<msg timestamp="20220318 17:58:55.399" level="INFO">Clicking element 'xpath=//a[@data-toggle='dropdown']'.</msg>
<status status="PASS" starttime="20220318 17:58:55.399" endtime="20220318 17:58:55.514"/>
</kw>
<kw name="Click Element" library="SeleniumLibrary">
<arg>xpath=//input[@id='fadults']</arg>
<doc>Click the element identified by ``locator``.</doc>
<msg timestamp="20220318 17:58:55.516" level="INFO">Clicking element 'xpath=//input[@id='fadults']'.</msg>
<status status="PASS" starttime="20220318 17:58:55.515" endtime="20220318 17:58:55.726"/>
</kw>
<kw name="Input Text" library="SeleniumLibrary">
<arg>id=fadults</arg>
<arg>4</arg>
<doc>Types the given ``text`` into the text field identified by ``locator``.</doc>
<msg timestamp="20220318 17:58:55.727" level="INFO">Typing text '4' into text field 'id=fadults'.</msg>
<status status="PASS" starttime="20220318 17:58:55.727" endtime="20220318 17:58:55.930"/>
</kw>
<kw name="Click Element" library="SeleniumLibrary">
<arg>xpath=//input[@id='fchilds']</arg>
<doc>Click the element identified by ``locator``.</doc>
<msg timestamp="20220318 17:58:55.931" level="INFO">Clicking element 'xpath=//input[@id='fchilds']'.</msg>
<status status="PASS" starttime="20220318 17:58:55.931" endtime="20220318 17:58:56.064"/>
</kw>
<kw name="Input Text" library="SeleniumLibrary">
<arg>id=fchilds</arg>
<arg>2</arg>
<doc>Types the given ``text`` into the text field identified by ``locator``.</doc>
<msg timestamp="20220318 17:58:56.065" level="INFO">Typing text '2' into text field 'id=fchilds'.</msg>
<status status="PASS" starttime="20220318 17:58:56.065" endtime="20220318 17:58:56.242"/>
</kw>
<kw name="Click Element" library="SeleniumLibrary">
<arg>xpath=//button[@id='flights-search']</arg>
<doc>Click the element identified by ``locator``.</doc>
<msg timestamp="20220318 17:58:56.244" level="INFO">Clicking element 'xpath=//button[@id='flights-search']'.</msg>
<status status="PASS" starttime="20220318 17:58:56.244" endtime="20220318 17:59:03.696"/>
</kw>
<kw name="Element Should Contain" library="SeleniumLibrary">
<arg>xpath=//div[@class='section-heading']</arg>
<arg>LAX</arg>
<doc>Verifies that element ``locator`` contains text ``expected``.</doc>
<msg timestamp="20220318 17:59:03.758" level="INFO">Element 'xpath=//div[@class='section-heading']' contains text 'LAX'.</msg>
<status status="PASS" starttime="20220318 17:59:03.696" endtime="20220318 17:59:03.758"/>
</kw>
<kw name="Element Should Contain" library="SeleniumLibrary">
<arg>xpath=//div[@class='section-heading']</arg>
<arg>DAL</arg>
<doc>Verifies that element ``locator`` contains text ``expected``.</doc>
<msg timestamp="20220318 17:59:03.794" level="INFO">Element 'xpath=//div[@class='section-heading']' contains text 'DAL'.</msg>
<status status="PASS" starttime="20220318 17:59:03.759" endtime="20220318 17:59:03.795"/>
</kw>
<kw name="Element Should Contain" library="SeleniumLibrary">
<arg>xpath=//div[@class='section-heading']</arg>
<arg>30-12-2022</arg>
<doc>Verifies that element ``locator`` contains text ``expected``.</doc>
<msg timestamp="20220318 17:59:03.829" level="INFO">Element 'xpath=//div[@class='section-heading']' contains text '30-12-2022'.</msg>
<status status="PASS" starttime="20220318 17:59:03.795" endtime="20220318 17:59:03.829"/>
</kw>
<kw name="Close Browser" library="SeleniumLibrary" type="TEARDOWN">
<doc>Closes the current browser.</doc>
<status status="PASS" starttime="20220318 17:59:03.830" endtime="20220318 17:59:06.113"/>
</kw>
<status status="PASS" starttime="20220318 17:58:41.814" endtime="20220318 17:59:06.113"/>
</test>
<status status="PASS" starttime="20220318 17:58:41.361" endtime="20220318 17:59:06.113"/>
</suite>
<statistics>
<total>
<stat pass="1" fail="0" skip="0">All Tests</stat>
</total>
<tag>
</tag>
<suite>
<stat pass="1" fail="0" skip="0" id="s1" name="Demo12 Phptravels Suite">Demo12 Phptravels Suite</stat>
</suite>
</statistics>
<errors>
</errors>
</robot>
