<?xml version="1.0" encoding="UTF-8"?>
<robot generator="Robot 4.1.3 (Python 3.10.2 on win32)" generated="20220315 14:07:52.782" rpa="false" schemaversion="2">
<suite id="s1" name="Demo4 Multiple Tabs Suite" source="E:\LT_Technology_Services\Robot_Session\Robot_project\selenium_suite\demo4_multiple_tabs_suite.robot">
<test id="s1-t1" name="TC1">
<kw name="Open Browser" library="SeleniumLibrary">
<arg>browser=chrome</arg>
<arg>executable_path=${EXECDIR}${/}driver${/}chromedriver.exe</arg>
<doc>Opens a new browser instance to the optional ``url``.</doc>
<msg timestamp="20220315 14:07:53.305" level="INFO">Opening browser 'chrome' to base url 'None'.</msg>
<status status="PASS" starttime="20220315 14:07:53.304" endtime="20220315 14:07:55.854"/>
</kw>
<kw name="Maximize Browser Window" library="SeleniumLibrary">
<doc>Maximizes current browser window.</doc>
<status status="PASS" starttime="20220315 14:07:55.952" endtime="20220315 14:07:56.136"/>
</kw>
<kw name="Set Selenium Implicit Wait" library="SeleniumLibrary">
<arg>30s</arg>
<doc>Sets the implicit wait value used by Selenium.</doc>
<status status="PASS" starttime="20220315 14:07:56.136" endtime="20220315 14:07:56.139"/>
</kw>
<kw name="Go To" library="SeleniumLibrary">
<arg>url=https://www.db4free.net/</arg>
<doc>Navigates the current browser window to the provided ``url``.</doc>
<msg timestamp="20220315 14:07:56.141" level="INFO">Opening url 'https://www.db4free.net/'</msg>
<status status="PASS" starttime="20220315 14:07:56.140" endtime="20220315 14:07:58.235"/>
</kw>
<kw name="Click Element" library="SeleniumLibrary">
<arg>partial link=phpMyAdmin</arg>
<doc>Click the element identified by ``locator``.</doc>
<msg timestamp="20220315 14:07:58.237" level="INFO">Clicking element 'partial link=phpMyAdmin'.</msg>
<status status="PASS" starttime="20220315 14:07:58.236" endtime="20220315 14:07:58.424"/>
</kw>
<kw name="Switch Window" library="SeleniumLibrary">
<arg>phpMyAdmin</arg>
<doc>Switches to browser window matching ``locator``.</doc>
<status status="PASS" starttime="20220315 14:07:58.426" endtime="20220315 14:08:01.914"/>
</kw>
<kw name="Input Text" library="SeleniumLibrary">
<arg>id=input_username</arg>
<arg>Admin</arg>
<doc>Types the given ``text`` into the text field identified by ``locator``.</doc>
<msg timestamp="20220315 14:08:01.916" level="INFO">Typing text 'Admin' into text field 'id=input_username'.</msg>
<status status="PASS" starttime="20220315 14:08:01.915" endtime="20220315 14:08:02.163"/>
</kw>
<kw name="Input Text" library="SeleniumLibrary">
<arg>id=input_password</arg>
<arg>admin123</arg>
<doc>Types the given ``text`` into the text field identified by ``locator``.</doc>
<msg timestamp="20220315 14:08:02.164" level="INFO">Typing text 'admin123' into text field 'id=input_password'.</msg>
<status status="PASS" starttime="20220315 14:08:02.164" endtime="20220315 14:08:02.337"/>
</kw>
<kw name="Click Element" library="SeleniumLibrary">
<arg>xpath=//input[@type='submit']</arg>
<doc>Click the element identified by ``locator``.</doc>
<msg timestamp="20220315 14:08:02.338" level="INFO">Clicking element 'xpath=//input[@type='submit']'.</msg>
<status status="PASS" starttime="20220315 14:08:02.337" endtime="20220315 14:08:03.222"/>
</kw>
<kw name="Element Should Contain" library="SeleniumLibrary">
<arg>xpath=//button[@type='submit']</arg>
<arg>Access denied for user</arg>
<doc>Verifies that element ``locator`` contains text ``expected``.</doc>
<msg timestamp="20220315 14:08:23.306" level="WARN">Keyword 'Capture Page Screenshot' could not be run on failure: Message: no such window: target window already closed
from unknown error: web view not found
  (Session info: chrome=99.0.4844.51)
Stacktrace:
Backtrace:
	Ordinal0 [0x00709943+2595139]
	Ordinal0 [0x0069C9F1+2148849]
	Ordinal0 [0x00594528+1066280]
	Ordinal0 [0x0057C640+968256]
	Ordinal0 [0x005DE259+1368665]
	Ordinal0 [0x005EB292+1421970]
	Ordinal0 [0x005DB806+1357830]
	Ordinal0 [0x005B6086+1204358]
	Ordinal0 [0x005B6F96+1208214]
	GetHandleVerifier [0x008AB232+1658114]
	GetHandleVerifier [0x0096312C+2411516]
	GetHandleVerifier [0x0079F261+560433]
	GetHandleVerifier [0x0079E366+556598]
	Ordinal0 [0x006A286B+2173035]
	Ordinal0 [0x006A75F8+2192888]
	Ordinal0 [0x006A76E5+2193125]
	Ordinal0 [0x006B11FC+2232828]
	BaseThreadInitThunk [0x75D4FA29+25]
	RtlGetAppContainerNamedObjectPath [0x77947A7E+286]
	RtlGetAppContainerNamedObjectPath [0x77947A4E+238]
</msg>
<msg timestamp="20220315 14:08:23.337" level="FAIL">Element with locator 'xpath=//button[@type='submit']' not found.</msg>
<status status="FAIL" starttime="20220315 14:08:03.223" endtime="20220315 14:08:23.337"/>
</kw>
<status status="FAIL" starttime="20220315 14:07:53.302" endtime="20220315 14:08:23.348">Element with locator 'xpath=//button[@type='submit']' not found.</status>
</test>
<status status="FAIL" starttime="20220315 14:07:52.787" endtime="20220315 14:08:23.362"/>
</suite>
<statistics>
<total>
<stat pass="0" fail="1" skip="0">All Tests</stat>
</total>
<tag>
</tag>
<suite>
<stat pass="0" fail="1" skip="0" id="s1" name="Demo4 Multiple Tabs Suite">Demo4 Multiple Tabs Suite</stat>
</suite>
</statistics>
<errors>
<msg timestamp="20220315 14:08:23.306" level="WARN">Keyword 'Capture Page Screenshot' could not be run on failure: Message: no such window: target window already closed
from unknown error: web view not found
  (Session info: chrome=99.0.4844.51)
Stacktrace:
Backtrace:
	Ordinal0 [0x00709943+2595139]
	Ordinal0 [0x0069C9F1+2148849]
	Ordinal0 [0x00594528+1066280]
	Ordinal0 [0x0057C640+968256]
	Ordinal0 [0x005DE259+1368665]
	Ordinal0 [0x005EB292+1421970]
	Ordinal0 [0x005DB806+1357830]
	Ordinal0 [0x005B6086+1204358]
	Ordinal0 [0x005B6F96+1208214]
	GetHandleVerifier [0x008AB232+1658114]
	GetHandleVerifier [0x0096312C+2411516]
	GetHandleVerifier [0x0079F261+560433]
	GetHandleVerifier [0x0079E366+556598]
	Ordinal0 [0x006A286B+2173035]
	Ordinal0 [0x006A75F8+2192888]
	Ordinal0 [0x006A76E5+2193125]
	Ordinal0 [0x006B11FC+2232828]
	BaseThreadInitThunk [0x75D4FA29+25]
	RtlGetAppContainerNamedObjectPath [0x77947A7E+286]
	RtlGetAppContainerNamedObjectPath [0x77947A4E+238]
</msg>
</errors>
</robot>
