<?xml version="1.0" encoding="UTF-8"?>
<robot generator="Robot 4.1.3 (Python 3.10.2 on win32)" generated="20220318 17:56:11.620" rpa="false" schemaversion="2">
<suite id="s1" name="Demo15 Dynamicpage Suite" source="E:\LT_Technology_Services\Robot_Session\Robot_project\selenium_suite\demo15_dynamicpage_suite.robot">
<test id="s1-t1" name="TC1">
<kw name="Open Browser" library="SeleniumLibrary">
<arg>browser=chrome</arg>
<arg>executable_path=${EXECDIR}${/}Driver${/}chromedriver.exe</arg>
<doc>Opens a new browser instance to the optional ``url``.</doc>
<msg timestamp="20220318 17:56:12.120" level="INFO">Opening browser 'chrome' to base url 'None'.</msg>
<status status="PASS" starttime="20220318 17:56:12.105" endtime="20220318 17:56:14.758"/>
</kw>
<kw name="Maximize Browser Window" library="SeleniumLibrary">
<doc>Maximizes current browser window.</doc>
<status status="PASS" starttime="20220318 17:56:14.787" endtime="20220318 17:56:14.944"/>
</kw>
<kw name="Set Selenium Implicit Wait" library="SeleniumLibrary">
<arg>20s</arg>
<doc>Sets the implicit wait value used by Selenium.</doc>
<status status="PASS" starttime="20220318 17:56:14.944" endtime="20220318 17:56:14.944"/>
</kw>
<kw name="Go To" library="SeleniumLibrary">
<arg>url=https://phptravels.net/hotels</arg>
<doc>Navigates the current browser window to the provided ``url``.</doc>
<msg timestamp="20220318 17:56:14.944" level="INFO">Opening url 'https://phptravels.net/hotels'</msg>
<status status="PASS" starttime="20220318 17:56:14.944" endtime="20220318 17:56:20.473"/>
</kw>
<kw name="Click Element" library="SeleniumLibrary">
<arg>id=cookie_stop</arg>
<doc>Click the element identified by ``locator``.</doc>
<msg timestamp="20220318 17:56:20.479" level="INFO">Clicking element 'id=cookie_stop'.</msg>
<status status="PASS" starttime="20220318 17:56:20.477" endtime="20220318 17:56:20.679"/>
</kw>
<kw name="Click Element" library="SeleniumLibrary">
<arg>id=select2-hotels_city-container</arg>
<doc>Click the element identified by ``locator``.</doc>
<msg timestamp="20220318 17:56:20.682" level="INFO">Clicking element 'id=select2-hotels_city-container'.</msg>
<status status="PASS" starttime="20220318 17:56:20.681" endtime="20220318 17:56:20.899"/>
</kw>
<kw name="Input Text" library="SeleniumLibrary">
<arg>xpath=//input[@role='searchbox']</arg>
<arg>chennai</arg>
<doc>Types the given ``text`` into the text field identified by ``locator``.</doc>
<msg timestamp="20220318 17:56:20.903" level="INFO">Typing text 'chennai' into text field 'xpath=//input[@role='searchbox']'.</msg>
<status status="PASS" starttime="20220318 17:56:20.902" endtime="20220318 17:56:21.206"/>
</kw>
<kw name="Sleep" library="BuiltIn">
<arg>1s</arg>
<doc>Pauses the test executed for the given time.</doc>
<msg timestamp="20220318 17:56:22.215" level="INFO">Slept 1 second</msg>
<status status="PASS" starttime="20220318 17:56:21.207" endtime="20220318 17:56:22.215"/>
</kw>
<kw name="Click Element" library="SeleniumLibrary">
<arg>xpath=//li[text()='Chennai,India']</arg>
<doc>Click the element identified by ``locator``.</doc>
<msg timestamp="20220318 17:56:22.217" level="INFO">Clicking element 'xpath=//li[text()='Chennai,India']'.</msg>
<status status="PASS" starttime="20220318 17:56:22.216" endtime="20220318 17:56:22.465"/>
</kw>
<kw name="Execute Javascript" library="SeleniumLibrary">
<arg>document.querySelector('#checkin').value='25-03-2022'</arg>
<doc>Executes the given JavaScript code with possible arguments.</doc>
<msg timestamp="20220318 17:56:22.467" level="INFO">Executing JavaScript:
document.querySelector('#checkin').value='25-03-2022'
Without any arguments.</msg>
<status status="PASS" starttime="20220318 17:56:22.466" endtime="20220318 17:56:22.521"/>
</kw>
<kw name="Execute Javascript" library="SeleniumLibrary">
<arg>document.querySelector('[id=checkout]').value='28-03-2022'</arg>
<doc>Executes the given JavaScript code with possible arguments.</doc>
<msg timestamp="20220318 17:56:22.522" level="INFO">Executing JavaScript:
document.querySelector('[id=checkout]').value='28-03-2022'
Without any arguments.</msg>
<status status="PASS" starttime="20220318 17:56:22.521" endtime="20220318 17:56:22.537"/>
</kw>
<kw name="Click Element" library="SeleniumLibrary">
<arg>xpath=//p[contains(text(),'Travellers')]</arg>
<doc>Click the element identified by ``locator``.</doc>
<msg timestamp="20220318 17:56:22.538" level="INFO">Clicking element 'xpath=//p[contains(text(),'Travellers')]'.</msg>
<status status="PASS" starttime="20220318 17:56:22.538" endtime="20220318 17:56:22.692"/>
</kw>
<kw name="Click Element" library="SeleniumLibrary">
<arg>xpath=//i[@class='la la-plus']</arg>
<doc>Click the element identified by ``locator``.</doc>
<msg timestamp="20220318 17:56:22.694" level="INFO">Clicking element 'xpath=//i[@class='la la-plus']'.</msg>
<status status="PASS" starttime="20220318 17:56:22.693" endtime="20220318 17:56:22.826"/>
</kw>
<kw name="Click Element" library="SeleniumLibrary">
<arg>xpath=(//i[@class='la la-plus'])[3]</arg>
<doc>Click the element identified by ``locator``.</doc>
<msg timestamp="20220318 17:56:22.830" level="INFO">Clicking element 'xpath=(//i[@class='la la-plus'])[3]'.</msg>
<status status="PASS" starttime="20220318 17:56:22.829" endtime="20220318 17:56:23.042"/>
</kw>
<kw name="Click Element" library="SeleniumLibrary">
<arg>xpath=(//i[@class='la la-plus'])[3]</arg>
<doc>Click the element identified by ``locator``.</doc>
<msg timestamp="20220318 17:56:23.046" level="INFO">Clicking element 'xpath=(//i[@class='la la-plus'])[3]'.</msg>
<status status="PASS" starttime="20220318 17:56:23.045" endtime="20220318 17:56:23.135"/>
</kw>
<kw name="Select From List By Label" library="SeleniumLibrary">
<arg>id=nationality</arg>
<arg>India</arg>
<doc>Selects options from selection list ``locator`` by ``labels``.</doc>
<msg timestamp="20220318 17:56:23.137" level="INFO">Selecting options from selection list 'id=nationality' by label India.</msg>
<status status="PASS" starttime="20220318 17:56:23.136" endtime="20220318 17:56:23.365"/>
</kw>
<kw name="Click Element" library="SeleniumLibrary">
<arg>xpath=//span[contains(text(),'Search')]</arg>
<doc>Click the element identified by ``locator``.</doc>
<msg timestamp="20220318 17:56:23.367" level="INFO">Clicking element 'xpath=//span[contains(text(),'Search')]'.</msg>
<status status="PASS" starttime="20220318 17:56:23.366" endtime="20220318 17:56:32.133"/>
</kw>
<kw name="Get Text" library="SeleniumLibrary">
<var>${print_text}</var>
<arg>xpath=//div[@class='breadcrumb-content']</arg>
<doc>Returns the text value of the element identified by ``locator``.</doc>
<msg timestamp="20220318 17:56:32.222" level="INFO">${print_text} = Search Hotels In Chennai
3 Nights ( 25-03-2022 - 28-03-2022 )
4 Adults 0 Childs 2 Rooms</msg>
<status status="PASS" starttime="20220318 17:56:32.135" endtime="20220318 17:56:32.222"/>
</kw>
<kw name="Log To Console" library="BuiltIn">
<arg>${print_text}</arg>
<doc>Logs the given message to the console.</doc>
<status status="PASS" starttime="20220318 17:56:32.223" endtime="20220318 17:56:32.224"/>
</kw>
<kw name="Element Should Contain" library="SeleniumLibrary">
<arg>xpath=//div[@class='breadcrumb-content']</arg>
<arg>Chennai</arg>
<doc>Verifies that element ``locator`` contains text ``expected``.</doc>
<msg timestamp="20220318 17:56:32.266" level="INFO">Element 'xpath=//div[@class='breadcrumb-content']' contains text 'Chennai'.</msg>
<status status="PASS" starttime="20220318 17:56:32.227" endtime="20220318 17:56:32.266"/>
</kw>
<kw name="Element Should Contain" library="SeleniumLibrary">
<arg>xpath=//div[@class='breadcrumb-content']</arg>
<arg>25-03-2022</arg>
<doc>Verifies that element ``locator`` contains text ``expected``.</doc>
<msg timestamp="20220318 17:56:32.318" level="INFO">Element 'xpath=//div[@class='breadcrumb-content']' contains text '25-03-2022'.</msg>
<status status="PASS" starttime="20220318 17:56:32.267" endtime="20220318 17:56:32.319"/>
</kw>
<kw name="Element Should Contain" library="SeleniumLibrary">
<arg>xpath=//div[@class='breadcrumb-content']</arg>
<arg>28-03-2022</arg>
<doc>Verifies that element ``locator`` contains text ``expected``.</doc>
<msg timestamp="20220318 17:56:32.366" level="INFO">Element 'xpath=//div[@class='breadcrumb-content']' contains text '28-03-2022'.</msg>
<status status="PASS" starttime="20220318 17:56:32.319" endtime="20220318 17:56:32.366"/>
</kw>
<kw name="Close Browser" library="SeleniumLibrary" type="TEARDOWN">
<doc>Closes the current browser.</doc>
<status status="PASS" starttime="20220318 17:56:32.367" endtime="20220318 17:56:34.725"/>
</kw>
<status status="PASS" starttime="20220318 17:56:12.105" endtime="20220318 17:56:34.725"/>
</test>
<status status="PASS" starttime="20220318 17:56:11.636" endtime="20220318 17:56:34.725"/>
</suite>
<statistics>
<total>
<stat pass="1" fail="0" skip="0">All Tests</stat>
</total>
<tag>
</tag>
<suite>
<stat pass="1" fail="0" skip="0" id="s1" name="Demo15 Dynamicpage Suite">Demo15 Dynamicpage Suite</stat>
</suite>
</statistics>
<errors>
</errors>
</robot>
