<?xml version="1.0" encoding="UTF-8"?>
<robot generator="Robot 4.1.3 (Python 3.10.2 on win32)" generated="20220318 15:24:50.926" rpa="false" schemaversion="2">
<suite id="s1" name="Demo13 Selenium Suite" source="E:\LT_Technology_Services\Robot_Session\Robot_project\selenium_suite\demo13_selenium_suite.robot">
<test id="s1-t1" name="TC2">
<kw name="Open Browser" library="SeleniumLibrary">
<arg>browser=chrome</arg>
<arg>executable_path=${EXECDIR}${/}Driver${/}chromedriver.exe</arg>
<doc>Opens a new browser instance to the optional ``url``.</doc>
<msg timestamp="20220318 15:24:51.525" level="INFO">Opening browser 'chrome' to base url 'None'.</msg>
<status status="PASS" starttime="20220318 15:24:51.524" endtime="20220318 15:24:54.046"/>
</kw>
<kw name="Maximize Browser Window" library="SeleniumLibrary">
<doc>Maximizes current browser window.</doc>
<status status="PASS" starttime="20220318 15:24:54.047" endtime="20220318 15:24:54.185"/>
</kw>
<kw name="Set Selenium Implicit Wait" library="SeleniumLibrary">
<arg>30s</arg>
<doc>Sets the implicit wait value used by Selenium.</doc>
<status status="PASS" starttime="20220318 15:24:54.186" endtime="20220318 15:24:54.192"/>
</kw>
<kw name="Go To" library="SeleniumLibrary">
<arg>url=https://softwaretesting.com/</arg>
<doc>Navigates the current browser window to the provided ``url``.</doc>
<msg timestamp="20220318 15:24:54.193" level="INFO">Opening url 'https://softwaretesting.com/'</msg>
<status status="PASS" starttime="20220318 15:24:54.193" endtime="20220318 15:25:04.020"/>
</kw>
<kw name="Sleep" library="BuiltIn">
<arg>5s</arg>
<doc>Pauses the test executed for the given time.</doc>
<msg timestamp="20220318 15:25:09.029" level="INFO">Slept 5 seconds</msg>
<status status="PASS" starttime="20220318 15:25:04.021" endtime="20220318 15:25:09.029"/>
</kw>
<kw name="Send" library="AutoItLibrary">
<arg>Anup</arg>
<doc>method Send</doc>
<status status="PASS" starttime="20220318 15:25:09.030" endtime="20220318 15:25:09.087"/>
</kw>
<kw name="Send" library="AutoItLibrary">
<arg>{TAB}</arg>
<doc>method Send</doc>
<status status="PASS" starttime="20220318 15:25:09.090" endtime="20220318 15:25:09.104"/>
</kw>
<kw name="Send" library="AutoItLibrary">
<arg>pass1234</arg>
<doc>method Send</doc>
<status status="PASS" starttime="20220318 15:25:09.104" endtime="20220318 15:25:09.195"/>
</kw>
<kw name="Send" library="AutoItLibrary">
<arg>{ENTER}</arg>
<doc>method Send</doc>
<status status="PASS" starttime="20220318 15:25:09.196" endtime="20220318 15:25:09.218"/>
</kw>
<kw name="Close Browser" library="SeleniumLibrary" type="TEARDOWN">
<doc>Closes the current browser.</doc>
<status status="PASS" starttime="20220318 15:25:09.225" endtime="20220318 15:25:11.551"/>
</kw>
<status status="PASS" starttime="20220318 15:24:51.523" endtime="20220318 15:25:11.552"/>
</test>
<status status="PASS" starttime="20220318 15:24:50.929" endtime="20220318 15:25:11.556"/>
</suite>
<statistics>
<total>
<stat pass="1" fail="0" skip="0">All Tests</stat>
</total>
<tag>
</tag>
<suite>
<stat pass="1" fail="0" skip="0" id="s1" name="Demo13 Selenium Suite">Demo13 Selenium Suite</stat>
</suite>
</statistics>
<errors>
</errors>
</robot>
