<?xml version="1.0" encoding="UTF-8"?>
<robot generator="Robot 4.1.3 (Python 3.10.2 on win32)" generated="20220314 11:16:27.140" rpa="false" schemaversion="2">
<suite id="s1" name="Demo3 Suite" source="E:\LT_Technology_Services\Robot_Session\Robot_project\robot_suite\demo3_suite.robot">
<test id="s1-t1" name="TC1">
<kw name="Log To Console" library="BuiltIn">
<arg>E:\\LT_Technology_Services\\Robot_Session\\Robot_project\\robot_suite</arg>
<doc>Logs the given message to the console.</doc>
<status status="PASS" starttime="20220314 11:16:27.258" endtime="20220314 11:16:27.259"/>
</kw>
<kw name="Log To Console" library="BuiltIn">
<arg>${EXECDIR}</arg>
<doc>Logs the given message to the console.</doc>
<status status="PASS" starttime="20220314 11:16:27.260" endtime="20220314 11:16:27.261"/>
</kw>
<kw name="Log To Console" library="BuiltIn">
<arg>${OUTPUT_DIR}</arg>
<doc>Logs the given message to the console.</doc>
<status status="PASS" starttime="20220314 11:16:27.262" endtime="20220314 11:16:27.263"/>
</kw>
<kw name="Log To Console" library="BuiltIn">
<arg>${TEMPDIR}</arg>
<doc>Logs the given message to the console.</doc>
<status status="PASS" starttime="20220314 11:16:27.264" endtime="20220314 11:16:27.265"/>
</kw>
<kw name="Log To Console" library="BuiltIn">
<arg>${TEST_NAME}</arg>
<doc>Logs the given message to the console.</doc>
<status status="PASS" starttime="20220314 11:16:27.266" endtime="20220314 11:16:27.267"/>
</kw>
<kw name="Log To Console" library="BuiltIn">
<arg>${SUITE_NAME}</arg>
<doc>Logs the given message to the console.</doc>
<status status="PASS" starttime="20220314 11:16:27.268" endtime="20220314 11:16:27.269"/>
</kw>
<status status="PASS" starttime="20220314 11:16:27.257" endtime="20220314 11:16:27.270"/>
</test>
<test id="s1-t2" name="TC2">
<kw name="Create Directory" library="OperatingSystem">
<arg>E:${/}Temp${/}My_folder</arg>
<doc>Creates the specified directory.</doc>
<msg timestamp="20220314 11:16:27.275" level="INFO" html="true">Created directory '&lt;a href="file://E:\Temp\My_folder"&gt;E:\Temp\My_folder&lt;/a&gt;'.</msg>
<status status="PASS" starttime="20220314 11:16:27.273" endtime="20220314 11:16:27.275"/>
</kw>
<kw name="Create File" library="OperatingSystem">
<arg>E:${/}Temp${/}My_folder${/}notes.txt</arg>
<arg>Anup</arg>
<doc>Creates a file with the given content and encoding.</doc>
<msg timestamp="20220314 11:16:27.277" level="INFO" html="true">Created file '&lt;a href="file://E:\Temp\My_folder\notes.txt"&gt;E:\Temp\My_folder\notes.txt&lt;/a&gt;'.</msg>
<status status="PASS" starttime="20220314 11:16:27.276" endtime="20220314 11:16:27.278"/>
</kw>
<kw name="Copy File" library="OperatingSystem">
<arg>E:${/}Temp${/}My_folder${/}notes.txt</arg>
<arg>E:${/}Temp${/}My_folder${/}n.txt</arg>
<doc>Copies the source file into the destination.</doc>
<msg timestamp="20220314 11:16:27.286" level="INFO" html="true">Copied file from '&lt;a href="file://E:\Temp\My_folder\notes.txt"&gt;E:\Temp\My_folder\notes.txt&lt;/a&gt;' to '&lt;a href="file://E:\Temp\My_folder\n.txt"&gt;E:\Temp\My_folder\n.txt&lt;/a&gt;'.</msg>
<status status="PASS" starttime="20220314 11:16:27.278" endtime="20220314 11:16:27.287"/>
</kw>
<kw name="Sleep" library="BuiltIn">
<arg>5s</arg>
<doc>Pauses the test executed for the given time.</doc>
<msg timestamp="20220314 11:16:32.294" level="INFO">Slept 5 seconds</msg>
<status status="PASS" starttime="20220314 11:16:27.288" endtime="20220314 11:16:32.294"/>
</kw>
<kw name="Remove File" library="OperatingSystem">
<arg>E:${/}Temp${/}My_folder${/}notes.txt</arg>
<doc>Removes a file with the given path.</doc>
<msg timestamp="20220314 11:16:32.296" level="INFO" html="true">Removed file '&lt;a href="file://E:\Temp\My_folder\notes.txt"&gt;E:\Temp\My_folder\notes.txt&lt;/a&gt;'.</msg>
<status status="PASS" starttime="20220314 11:16:32.295" endtime="20220314 11:16:32.296"/>
</kw>
<kw name="Remove Directory" library="OperatingSystem">
<arg>E:${/}Temp${/}My_folder</arg>
<arg>True</arg>
<doc>Removes the directory pointed to by the given ``path``.</doc>
<msg timestamp="20220314 11:16:32.299" level="INFO" html="true">Removed directory '&lt;a href="file://E:\Temp\My_folder"&gt;E:\Temp\My_folder&lt;/a&gt;'.</msg>
<status status="PASS" starttime="20220314 11:16:32.297" endtime="20220314 11:16:32.299"/>
</kw>
<status status="PASS" starttime="20220314 11:16:27.272" endtime="20220314 11:16:32.300"/>
</test>
<test id="s1-t3" name="TC3">
<kw name="Create Directory" library="OperatingSystem">
<arg>E:${/}LT_Technology_Services${/}Robot_Session${/}Robot_project${/}new_folder</arg>
<doc>Creates the specified directory.</doc>
<msg timestamp="20220314 11:16:32.304" level="INFO" html="true">Directory '&lt;a href="file://E:\LT_Technology_Services\Robot_Session\Robot_project\new_folder"&gt;E:\LT_Technology_Services\Robot_Session\Robot_project\new_folder&lt;/a&gt;' already exists.</msg>
<status status="PASS" starttime="20220314 11:16:32.303" endtime="20220314 11:16:32.304"/>
</kw>
<status status="PASS" starttime="20220314 11:16:32.301" endtime="20220314 11:16:32.305"/>
</test>
<test id="s1-t4" name="TC4">
<kw name="Create Directory" library="OperatingSystem">
<arg>${EXECDIR}${/}new_folder</arg>
<doc>Creates the specified directory.</doc>
<msg timestamp="20220314 11:16:32.308" level="INFO" html="true">Directory '&lt;a href="file://E:\LT_Technology_Services\Robot_Session\Robot_project\new_folder"&gt;E:\LT_Technology_Services\Robot_Session\Robot_project\new_folder&lt;/a&gt;' already exists.</msg>
<status status="PASS" starttime="20220314 11:16:32.307" endtime="20220314 11:16:32.308"/>
</kw>
<kw name="Create File" library="OperatingSystem">
<arg>${EXECDIR}${/}new_folder${/}file.txt</arg>
<arg>Anup Basumatary</arg>
<doc>Creates a file with the given content and encoding.</doc>
<msg timestamp="20220314 11:16:32.312" level="INFO" html="true">Created file '&lt;a href="file://E:\LT_Technology_Services\Robot_Session\Robot_project\new_folder\file.txt"&gt;E:\LT_Technology_Services\Robot_Session\Robot_project\new_folder\file.txt&lt;/a&gt;'.</msg>
<status status="PASS" starttime="20220314 11:16:32.309" endtime="20220314 11:16:32.312"/>
</kw>
<kw name="File Should Exist" library="OperatingSystem">
<arg>${EXECDIR}${/}new_folder${/}file.txt</arg>
<doc>Fails unless the given ``path`` points to an existing file.</doc>
<msg timestamp="20220314 11:16:32.315" level="INFO" html="true">File '&lt;a href="file://E:\LT_Technology_Services\Robot_Session\Robot_project\new_folder\file.txt"&gt;E:\LT_Technology_Services\Robot_Session\Robot_project\new_folder\file.txt&lt;/a&gt;' exists.</msg>
<status status="PASS" starttime="20220314 11:16:32.313" endtime="20220314 11:16:32.315"/>
</kw>
<status status="PASS" starttime="20220314 11:16:32.306" endtime="20220314 11:16:32.316"/>
</test>
<status status="PASS" starttime="20220314 11:16:27.144" endtime="20220314 11:16:32.318"/>
</suite>
<statistics>
<total>
<stat pass="4" fail="0" skip="0">All Tests</stat>
</total>
<tag>
</tag>
<suite>
<stat pass="4" fail="0" skip="0" id="s1" name="Demo3 Suite">Demo3 Suite</stat>
</suite>
</statistics>
<errors>
</errors>
</robot>
